# JRE version: OpenJDK Runtime Environment (8.0_272-b10) (build 1.8.0_272-b10)
# Java VM: OpenJDK 64-Bit Server VM (25.272-b10 mixed mode linux-amd64 compressed oops)
Heap:
 def new generation   total 14656K, used 6292K [0x00000000f0a00000, 0x00000000f19e0000, 0x00000000f5c00000)
  eden space 13056K,  42% used [0x00000000f0a00000, 0x00000000f0f5b360, 0x00000000f16c0000)
  from space 1600K,  50% used [0x00000000f1850000, 0x00000000f1919dd0, 0x00000000f19e0000)
  to   space 1600K,   0% used [0x00000000f16c0000, 0x00000000f16c0000, 0x00000000f1850000)
 tenured generation   total 32468K, used 30017K [0x00000000f5c00000, 0x00000000f7bb5000, 0x0000000100000000)
   the space 32468K,  92% used [0x00000000f5c00000, 0x00000000f79505d8, 0x00000000f7950600, 0x00000000f7bb5000)
 Metaspace       used 64370K, capacity 67918K, committed 67968K, reserved 1107968K
  class space    used 8707K, capacity 9323K, committed 9344K, reserved 1048576K
GC Heap History (250 events):
Event: 5.388 GC heap before
{Heap before GC invocations=105 (full 1):
 def new generation   total 6336K, used 5696K [0x00000000f0a00000, 0x00000000f10d0000, 0x00000000f5c00000)
  eden space 5696K, 100% used [0x00000000f0a00000, 0x00000000f0f90000, 0x00000000f0f90000)
  from space 640K,   0% used [0x00000000f0f90000, 0x00000000f0f90000, 0x00000000f1030000)
  to   space 640K,   0% used [0x00000000f1030000, 0x00000000f1030000, 0x00000000f10d0000)
 tenured generation   total 13844K, used 8306K [0x00000000f5c00000, 0x00000000f6985000, 0x0000000100000000)
   the space 13844K,  59% used [0x00000000f5c00000, 0x00000000f641c8f0, 0x00000000f641ca00, 0x00000000f6985000)
 Metaspace       used 20276K, capacity 21458K, committed 21552K, reserved 1069056K
  class space    used 2440K, capacity 2677K, committed 2688K, reserved 1048576K
Event: 5.391 GC heap after
Heap after GC invocations=106 (full 1):
 def new generation   total 6336K, used 314K [0x00000000f0a00000, 0x00000000f10d0000, 0x00000000f5c00000)
  eden space 5696K,   0% used [0x00000000f0a00000, 0x00000000f0a00000, 0x00000000f0f90000)
  from space 640K,  49% used [0x00000000f1030000, 0x00000000f107e8e0, 0x00000000f10d0000)
  to   space 640K,   0% used [0x00000000f0f90000, 0x00000000f0f90000, 0x00000000f1030000)
 tenured generation   total 13844K, used 8306K [0x00000000f5c00000, 0x00000000f6985000, 0x0000000100000000)
   the space 13844K,  59% used [0x00000000f5c00000, 0x00000000f641c8f0, 0x00000000f641ca00, 0x00000000f6985000)
 Metaspace       used 20276K, capacity 21458K, committed 21552K, reserved 1069056K
  class space    used 2440K, capacity 2677K, committed 2688K, reserved 1048576K
}
Event: 5.457 GC heap before
{Heap before GC invocations=106 (full 1):
 def new generation   total 6336K, used 6010K [0x00000000f0a00000, 0x00000000f10d0000, 0x00000000f5c00000)
  eden space 5696K, 100% used [0x00000000f0a00000, 0x00000000f0f90000, 0x00000000f0f90000)
  from space 640K,  49% used [0x00000000f1030000, 0x00000000f107e8e0, 0x00000000f10d0000)
  to   space 640K,   0% used [0x00000000f0f90000, 0x00000000f0f90000, 0x00000000f1030000)
 tenured generation   total 13844K, used 8306K [0x00000000f5c00000, 0x00000000f6985000, 0x0000000100000000)
   the space 13844K,  59% used [0x00000000f5c00000, 0x00000000f641c8f0, 0x00000000f641ca00, 0x00000000f6985000)
 Metaspace       used 20394K, capacity 21656K, committed 21936K, reserved 1069056K
  class space    used 2460K, capacity 2692K, committed 2816K, reserved 1048576K
Event: 5.459 GC heap after
Heap after GC invocations=107 (full 1):
 def new generation   total 6336K, used 367K [0x00000000f0a00000, 0x00000000f10d0000, 0x00000000f5c00000)
  eden space 5696K,   0% used [0x00000000f0a00000, 0x00000000f0a00000, 0x00000000f0f90000)
  from space 640K,  57% used [0x00000000f0f90000, 0x00000000f0febd50, 0x00000000f1030000)
  to   space 640K,   0% used [0x00000000f1030000, 0x00000000f1030000, 0x00000000f10d0000)
 tenured generation   total 13844K, used 8306K [0x00000000f5c00000, 0x00000000f6985000, 0x0000000100000000)
   the space 13844K,  59% used [0x00000000f5c00000, 0x00000000f641c8f0, 0x00000000f641ca00, 0x00000000f6985000)
 Metaspace       used 20394K, capacity 21656K, committed 21936K, reserved 1069056K
  class space    used 2460K, capacity 2692K, committed 2816K, reserved 1048576K
}
Event: 5.505 GC heap before
{Heap before GC invocations=107 (full 1):
 def new generation   total 6336K, used 6063K [0x00000000f0a00000, 0x00000000f10d0000, 0x00000000f5c00000)
  eden space 5696K, 100% used [0x00000000f0a00000, 0x00000000f0f90000, 0x00000000f0f90000)
  from space 640K,  57% used [0x00000000f0f90000, 0x00000000f0febd50, 0x00000000f1030000)
  to   space 640K,   0% used [0x00000000f1030000, 0x00000000f1030000, 0x00000000f10d0000)
 tenured generation   total 13844K, used 8306K [0x00000000f5c00000, 0x00000000f6985000, 0x0000000100000000)
   the space 13844K,  59% used [0x00000000f5c00000, 0x00000000f641c8f0, 0x00000000f641ca00, 0x00000000f6985000)
 Metaspace       used 20552K, capacity 21830K, committed 21936K, reserved 1069056K
  class space    used 2488K, capacity 2741K, committed 2816K, reserved 1048576K
Event: 5.508 GC heap after
Heap after GC invocations=108 (full 1):
 def new generation   total 6336K, used 639K [0x00000000f0a00000, 0x00000000f10d0000, 0x00000000f5c00000)
  eden space 5696K,   0% used [0x00000000f0a00000, 0x00000000f0a00000, 0x00000000f0f90000)
  from space 640K,  99% used [0x00000000f1030000, 0x00000000f10cfff8, 0x00000000f10d0000)
  to   space 640K,   0% used [0x00000000f0f90000, 0x00000000f0f90000, 0x00000000f1030000)
 tenured generation   total 13844K, used 8595K [0x00000000f5c00000, 0x00000000f6985000, 0x0000000100000000)
   the space 13844K,  62% used [0x00000000f5c00000, 0x00000000f6464e48, 0x00000000f6465000, 0x00000000f6985000)
 Metaspace       used 20552K, capacity 21830K, committed 21936K, reserved 1069056K
  class space    used 2488K, capacity 2741K, committed 2816K, reserved 1048576K
}
Event: 5.548 GC heap before
{Heap before GC invocations=108 (full 1):
 def new generation   total 6336K, used 6335K [0x00000000f0a00000, 0x00000000f10d0000, 0x00000000f5c00000)
  eden space 5696K, 100% used [0x00000000f0a00000, 0x00000000f0f90000, 0x00000000f0f90000)
  from space 640K,  99% used [0x00000000f1030000, 0x00000000f10cfff8, 0x00000000f10d0000)
  to   space 640K,   0% used [0x00000000f0f90000, 0x00000000f0f90000, 0x00000000f1030000)
 tenured generation   total 13844K, used 8595K [0x00000000f5c00000, 0x00000000f6985000, 0x0000000100000000)
   the space 13844K,  62% used [0x00000000f5c00000, 0x00000000f6464e48, 0x00000000f6465000, 0x00000000f6985000)
 Metaspace       used 20615K, capacity 21904K, committed 22192K, reserved 1069056K
  class space    used 2500K, capacity 2744K, committed 2816K, reserved 1048576K
Event: 5.551 GC heap after
Heap after GC invocations=109 (full 1):
 def new generation   total 6336K, used 639K [0x00000000f0a00000, 0x00000000f10d0000, 0x00000000f5c00000)
  eden space 5696K,   0% used [0x00000000f0a00000, 0x00000000f0a00000, 0x00000000f0f90000)
  from space 640K,  99% used [0x00000000f0f90000, 0x00000000f102fff8, 0x00000000f1030000)
  to   space 640K,   0% used [0x00000000f1030000, 0x00000000f1030000, 0x00000000f10d0000)
 tenured generation   total 13844K, used 8855K [0x00000000f5c00000, 0x00000000f6985000, 0x0000000100000000)
   the space 13844K,  63% used [0x00000000f5c00000, 0x00000000f64a5fd8, 0x00000000f64a6000, 0x00000000f6985000)
 Metaspace       used 20615K, capacity 21904K, committed 22192K, reserved 1069056K
  class space    used 2500K, capacity 2744K, committed 2816K, reserved 1048576K
}
Event: 5.577 GC heap before
{Heap before GC invocations=109 (full 1):
 def new generation   total 6336K, used 6335K [0x00000000f0a00000, 0x00000000f10d0000, 0x00000000f5c00000)
  eden space 5696K, 100% used [0x00000000f0a00000, 0x00000000f0f90000, 0x00000000f0f90000)
  from space 640K,  99% used [0x00000000f0f90000, 0x00000000f102fff8, 0x00000000f1030000)
  to   space 640K,   0% used [0x00000000f1030000, 0x00000000f1030000, 0x00000000f10d0000)
 tenured generation   total 13844K, used 8855K [0x00000000f5c00000, 0x00000000f6985000, 0x0000000100000000)
   the space 13844K,  63% used [0x00000000f5c00000, 0x00000000f64a5fd8, 0x00000000f64a6000, 0x00000000f6985000)
 Metaspace       used 20638K, capacity 21904K, committed 22192K, reserved 1069056K
  class space    used 2502K, capacity 2744K, committed 2816K, reserved 1048576K
Event: 5.579 GC heap after
Heap after GC invocations=110 (full 1):
 def new generation   total 6336K, used 640K [0x00000000f0a00000, 0x00000000f10d0000, 0x00000000f5c00000)
  eden space 5696K,   0% used [0x00000000f0a00000, 0x00000000f0a00000, 0x00000000f0f90000)
  from space 640K, 100% used [0x00000000f1030000, 0x00000000f10d0000, 0x00000000f10d0000)
  to   space 640K,   0% used [0x00000000f0f90000, 0x00000000f0f90000, 0x00000000f1030000)
 tenured generation   total 13844K, used 8901K [0x00000000f5c00000, 0x00000000f6985000, 0x0000000100000000)
   the space 13844K,  64% used [0x00000000f5c00000, 0x00000000f64b1638, 0x00000000f64b1800, 0x00000000f6985000)
 Metaspace       used 20638K, capacity 21904K, committed 22192K, reserved 1069056K
  class space    used 2502K, capacity 2744K, committed 2816K, reserved 1048576K
}
Event: 5.612 GC heap before
{Heap before GC invocations=110 (full 1):
 def new generation   total 6336K, used 6336K [0x00000000f0a00000, 0x00000000f10d0000, 0x00000000f5c00000)
  eden space 5696K, 100% used [0x00000000f0a00000, 0x00000000f0f90000, 0x00000000f0f90000)
  from space 640K, 100% used [0x00000000f1030000, 0x00000000f10d0000, 0x00000000f10d0000)
  to   space 640K,   0% used [0x00000000f0f90000, 0x00000000f0f90000, 0x00000000f1030000)
 tenured generation   total 13844K, used 8901K [0x00000000f5c00000, 0x00000000f6985000, 0x0000000100000000)
   the space 13844K,  64% used [0x00000000f5c00000, 0x00000000f64b1638, 0x00000000f64b1800, 0x00000000f6985000)
 Metaspace       used 20682K, capacity 21972K, committed 22192K, reserved 1069056K
  class space    used 2504K, capacity 2744K, committed 2816K, reserved 1048576K
Event: 5.614 GC heap after
Heap after GC invocations=111 (full 1):
 def new generation   total 6336K, used 640K [0x00000000f0a00000, 0x00000000f10d0000, 0x00000000f5c00000)
  eden space 5696K,   0% used [0x00000000f0a00000, 0x00000000f0a00000, 0x00000000f0f90000)
  from space 640K, 100% used [0x00000000f0f90000, 0x00000000f1030000, 0x00000000f1030000)
  to   space 640K,   0% used [0x00000000f1030000, 0x00000000f1030000, 0x00000000f10d0000)
 tenured generation   total 13844K, used 9029K [0x00000000f5c00000, 0x00000000f6985000, 0x0000000100000000)
   the space 13844K,  65% used [0x00000000f5c00000, 0x00000000f64d1780, 0x00000000f64d1800, 0x00000000f6985000)
 Metaspace       used 20682K, capacity 21972K, committed 22192K, reserved 1069056K
  class space    used 2504K, capacity 2744K, committed 2816K, reserved 1048576K
}
Event: 5.669 GC heap before
{Heap before GC invocations=111 (full 1):
 def new generation   total 6336K, used 6336K [0x00000000f0a00000, 0x00000000f10d0000, 0x00000000f5c00000)
  eden space 5696K, 100% used [0x00000000f0a00000, 0x00000000f0f90000, 0x00000000f0f90000)
  from space 640K, 100% used [0x00000000f0f90000, 0x00000000f1030000, 0x00000000f1030000)
  to   space 640K,   0% used [0x00000000f1030000, 0x00000000f1030000, 0x00000000f10d0000)
 tenured generation   total 13844K, used 9029K [0x00000000f5c00000, 0x00000000f6985000, 0x0000000100000000)
   the space 13844K,  65% used [0x00000000f5c00000, 0x00000000f64d1780, 0x00000000f64d1800, 0x00000000f6985000)
 Metaspace       used 20779K, capacity 22050K, committed 22192K, reserved 1069056K
  class space    used 2520K, capacity 2759K, committed 2816K, reserved 1048576K
Event: 5.671 GC heap after
Heap after GC invocations=112 (full 1):
 def new generation   total 6336K, used 497K [0x00000000f0a00000, 0x00000000f10d0000, 0x00000000f5c00000)
  eden space 5696K,   0% used [0x00000000f0a00000, 0x00000000f0a00000, 0x00000000f0f90000)
  from space 640K,  77% used [0x00000000f1030000, 0x00000000f10ac418, 0x00000000f10d0000)
  to   space 640K,   0% used [0x00000000f0f90000, 0x00000000f0f90000, 0x00000000f1030000)
 tenured generation   total 13844K, used 9072K [0x00000000f5c00000, 0x00000000f6985000, 0x0000000100000000)
   the space 13844K,  65% used [0x00000000f5c00000, 0x00000000f64dc358, 0x00000000f64dc400, 0x00000000f6985000)
 Metaspace       used 20779K, capacity 22050K, committed 22192K, reserved 1069056K
  class space    used 2520K, capacity 2759K, committed 2816K, reserved 1048576K
}
Event: 5.766 GC heap before
{Heap before GC invocations=112 (full 1):
 def new generation   total 6336K, used 6193K [0x00000000f0a00000, 0x00000000f10d0000, 0x00000000f5c00000)
  eden space 5696K, 100% used [0x00000000f0a00000, 0x00000000f0f90000, 0x00000000f0f90000)
  from space 640K,  77% used [0x00000000f1030000, 0x00000000f10ac418, 0x00000000f10d0000)
  to   space 640K,   0% used [0x00000000f0f90000, 0x00000000f0f90000, 0x00000000f1030000)
 tenured generation   total 13844K, used 9072K [0x00000000f5c00000, 0x00000000f6985000, 0x0000000100000000)
   the space 13844K,  65% used [0x00000000f5c00000, 0x00000000f64dc358, 0x00000000f64dc400, 0x00000000f6985000)
 Metaspace       used 20942K, capacity 22260K, committed 22448K, reserved 1069056K
  class space    used 2548K, capacity 2800K, committed 2816K, reserved 1048576K
Event: 5.768 GC heap after
Heap after GC invocations=113 (full 1):
 def new generation   total 6336K, used 440K [0x00000000f0a00000, 0x00000000f10d0000, 0x00000000f5c00000)
  eden space 5696K,   0% used [0x00000000f0a00000, 0x00000000f0a00000, 0x00000000f0f90000)
  from space 640K,  68% used [0x00000000f0f90000, 0x00000000f0ffe068, 0x00000000f1030000)
  to   space 640K,   0% used [0x00000000f1030000, 0x00000000f1030000, 0x00000000f10d0000)
 tenured generation   total 13844K, used 9141K [0x00000000f5c00000, 0x00000000f6985000, 0x0000000100000000)
   the space 13844K,  66% used [0x00000000f5c00000, 0x00000000f64ed438, 0x00000000f64ed600, 0x00000000f6985000)
 Metaspace       used 20942K, capacity 22260K, committed 22448K, reserved 1069056K
  class space    used 2548K, capacity 2800K, committed 2816K, reserved 1048576K
}
Event: 5.858 GC heap before
{Heap before GC invocations=113 (full 1):
 def new generation   total 6336K, used 6136K [0x00000000f0a00000, 0x00000000f10d0000, 0x00000000f5c00000)
  eden space 5696K, 100% used [0x00000000f0a00000, 0x00000000f0f90000, 0x00000000f0f90000)
  from space 640K,  68% used [0x00000000f0f90000, 0x00000000f0ffe068, 0x00000000f1030000)
  to   space 640K,   0% used [0x00000000f1030000, 0x00000000f1030000, 0x00000000f10d0000)
 tenured generation   total 13844K, used 9141K [0x00000000f5c00000, 0x00000000f6985000, 0x0000000100000000)
   the space 13844K,  66% used [0x00000000f5c00000, 0x00000000f64ed438, 0x00000000f64ed600, 0x00000000f6985000)
 Metaspace       used 21049K, capacity 22330K, committed 22448K, reserved 1069056K
  class space    used 2565K, capacity 2801K, committed 2816K, reserved 1048576K
Event: 5.861 GC heap after
Heap after GC invocations=114 (full 1):
 def new generation   total 6336K, used 341K [0x00000000f0a00000, 0x00000000f10d0000, 0x00000000f5c00000)
  eden space 5696K,   0% used [0x00000000f0a00000, 0x00000000f0a00000, 0x00000000f0f90000)
  from space 640K,  53% used [0x00000000f1030000, 0x00000000f1085588, 0x00000000f10d0000)
  to   space 640K,   0% used [0x00000000f0f90000, 0x00000000f0f90000, 0x00000000f1030000)
 tenured generation   total 13844K, used 9344K [0x00000000f5c00000, 0x00000000f6985000, 0x0000000100000000)
   the space 13844K,  67% used [0x00000000f5c00000, 0x00000000f6520018, 0x00000000f6520200, 0x00000000f6985000)
 Metaspace       used 21049K, capacity 22330K, committed 22448K, reserved 1069056K
  class space    used 2565K, capacity 2801K, committed 2816K, reserved 1048576K
}
Event: 5.946 GC heap before
{Heap before GC invocations=114 (full 1):
 def new generation   total 6336K, used 6037K [0x00000000f0a00000, 0x00000000f10d0000, 0x00000000f5c00000)
  eden space 5696K, 100% used [0x00000000f0a00000, 0x00000000f0f90000, 0x00000000f0f90000)
  from space 640K,  53% used [0x00000000f1030000, 0x00000000f1085588, 0x00000000f10d0000)
  to   space 640K,   0% used [0x00000000f0f90000, 0x00000000f0f90000, 0x00000000f1030000)
 tenured generation   total 13844K, used 9344K [0x00000000f5c00000, 0x00000000f6985000, 0x0000000100000000)
   the space 13844K,  67% used [0x00000000f5c00000, 0x00000000f6520018, 0x00000000f6520200, 0x00000000f6985000)
 Metaspace       used 21226K, capacity 22554K, committed 22832K, reserved 1069056K
  class space    used 2584K, capacity 2833K, committed 2944K, reserved 1048576K
Event: 5.948 GC heap after
Heap after GC invocations=115 (full 1):
 def new generation   total 6336K, used 354K [0x00000000f0a00000, 0x00000000f10d0000, 0x00000000f5c00000)
  eden space 5696K,   0% used [0x00000000f0a00000, 0x00000000f0a00000, 0x00000000f0f90000)
  from space 640K,  55% used [0x00000000f0f90000, 0x00000000f0fe8858, 0x00000000f1030000)
  to   space 640K,   0% used [0x00000000f1030000, 0x00000000f1030000, 0x00000000f10d0000)
 tenured generation   total 13844K, used 9453K [0x00000000f5c00000, 0x00000000f6985000, 0x0000000100000000)
   the space 13844K,  68% used [0x00000000f5c00000, 0x00000000f653b630, 0x00000000f653b800, 0x00000000f6985000)
 Metaspace       used 21226K, capacity 22554K, committed 22832K, reserved 1069056K
  class space    used 2584K, capacity 2833K, committed 2944K, reserved 1048576K
}
Event: 6.029 GC heap before
{Heap before GC invocations=115 (full 1):
 def new generation   total 6336K, used 6050K [0x00000000f0a00000, 0x00000000f10d0000, 0x00000000f5c00000)
  eden space 5696K, 100% used [0x00000000f0a00000, 0x00000000f0f90000, 0x00000000f0f90000)
  from space 640K,  55% used [0x00000000f0f90000, 0x00000000f0fe8858, 0x00000000f1030000)
  to   space 640K,   0% used [0x00000000f1030000, 0x00000000f1030000, 0x00000000f10d0000)
 tenured generation   total 13844K, used 9453K [0x00000000f5c00000, 0x00000000f6985000, 0x0000000100000000)
   the space 13844K,  68% used [0x00000000f5c00000, 0x00000000f653b630, 0x00000000f653b800, 0x00000000f6985000)
 Metaspace       used 21480K, capacity 22886K, committed 23088K, reserved 1069056K
  class space    used 2623K, capacity 2899K, committed 2944K, reserved 1048576K
Event: 6.031 GC heap after
Heap after GC invocations=116 (full 1):
 def new generation   total 6336K, used 343K [0x00000000f0a00000, 0x00000000f10d0000, 0x00000000f5c00000)
  eden space 5696K,   0% used [0x00000000f0a00000, 0x00000000f0a00000, 0x00000000f0f90000)
  from space 640K,  53% used [0x00000000f1030000, 0x00000000f1085dc0, 0x00000000f10d0000)
  to   space 640K,   0% used [0x00000000f0f90000, 0x00000000f0f90000, 0x00000000f1030000)
 tenured generation   total 13844K, used 9575K [0x00000000f5c00000, 0x00000000f6985000, 0x0000000100000000)
   the space 13844K,  69% used [0x00000000f5c00000, 0x00000000f6559d58, 0x00000000f6559e00, 0x00000000f6985000)
 Metaspace       used 21480K, capacity 22886K, committed 23088K, reserved 1069056K
  class space    used 2623K, capacity 2899K, committed 2944K, reserved 1048576K
}
Event: 6.077 GC heap before
{Heap before GC invocations=116 (full 1):
 def new generation   total 6336K, used 6039K [0x00000000f0a00000, 0x00000000f10d0000, 0x00000000f5c00000)
  eden space 5696K, 100% used [0x00000000f0a00000, 0x00000000f0f90000, 0x00000000f0f90000)
  from space 640K,  53% used [0x00000000f1030000, 0x00000000f1085dc0, 0x00000000f10d0000)
  to   space 640K,   0% used [0x00000000f0f90000, 0x00000000f0f90000, 0x00000000f1030000)
 tenured generation   total 13844K, used 9575K [0x00000000f5c00000, 0x00000000f6985000, 0x0000000100000000)
   the space 13844K,  69% used [0x00000000f5c00000, 0x00000000f6559d58, 0x00000000f6559e00, 0x00000000f6985000)
 Metaspace       used 21646K, capacity 23046K, committed 23088K, reserved 1069056K
  class space    used 2648K, capacity 2931K, committed 2944K, reserved 1048576K
Event: 6.079 GC heap after
Heap after GC invocations=117 (full 1):
 def new generation   total 6336K, used 169K [0x00000000f0a00000, 0x00000000f10d0000, 0x00000000f5c00000)
  eden space 5696K,   0% used [0x00000000f0a00000, 0x00000000f0a00000, 0x00000000f0f90000)
  from space 640K,  26% used [0x00000000f0f90000, 0x00000000f0fba518, 0x00000000f1030000)
  to   space 640K,   0% used [0x00000000f1030000, 0x00000000f1030000, 0x00000000f10d0000)
 tenured generation   total 13844K, used 9776K [0x00000000f5c00000, 0x00000000f6985000, 0x0000000100000000)
   the space 13844K,  70% used [0x00000000f5c00000, 0x00000000f658c1f0, 0x00000000f658c200, 0x00000000f6985000)
 Metaspace       used 21646K, capacity 23046K, committed 23088K, reserved 1069056K
  class space    used 2648K, capacity 2931K, committed 2944K, reserved 1048576K
}
Event: 6.129 GC heap before
{Heap before GC invocations=117 (full 1):
 def new generation   total 6336K, used 5865K [0x00000000f0a00000, 0x00000000f10d0000, 0x00000000f5c00000)
  eden space 5696K, 100% used [0x00000000f0a00000, 0x00000000f0f90000, 0x00000000f0f90000)
  from space 640K,  26% used [0x00000000f0f90000, 0x00000000f0fba518, 0x00000000f1030000)
  to   space 640K,   0% used [0x00000000f1030000, 0x00000000f1030000, 0x00000000f10d0000)
 tenured generation   total 13844K, used 9776K [0x00000000f5c00000, 0x00000000f6985000, 0x0000000100000000)
   the space 13844K,  70% used [0x00000000f5c00000, 0x00000000f658c1f0, 0x00000000f658c200, 0x00000000f6985000)
 Metaspace       used 21906K, capacity 23270K, committed 23472K, reserved 1069056K
  class space    used 2678K, capacity 2963K, committed 3072K, reserved 1048576K
Event: 6.131 GC heap after
Heap after GC invocations=118 (full 1):
 def new generation   total 6336K, used 162K [0x00000000f0a00000, 0x00000000f10d0000, 0x00000000f5c00000)
  eden space 5696K,   0% used [0x00000000f0a00000, 0x00000000f0a00000, 0x00000000f0f90000)
  from space 640K,  25% used [0x00000000f1030000, 0x00000000f10589f8, 0x00000000f10d0000)
  to   space 640K,   0% used [0x00000000f0f90000, 0x00000000f0f90000, 0x00000000f1030000)
 tenured generation   total 13844K, used 9776K [0x00000000f5c00000, 0x00000000f6985000, 0x0000000100000000)
   the space 13844K,  70% used [0x00000000f5c00000, 0x00000000f658c1f0, 0x00000000f658c200, 0x00000000f6985000)
 Metaspace       used 21906K, capacity 23270K, committed 23472K, reserved 1069056K
  class space    used 2678K, capacity 2963K, committed 3072K, reserved 1048576K
}
Event: 6.198 GC heap before
{Heap before GC invocations=118 (full 1):
 def new generation   total 6336K, used 5858K [0x00000000f0a00000, 0x00000000f10d0000, 0x00000000f5c00000)
  eden space 5696K, 100% used [0x00000000f0a00000, 0x00000000f0f90000, 0x00000000f0f90000)
  from space 640K,  25% used [0x00000000f1030000, 0x00000000f10589f8, 0x00000000f10d0000)
  to   space 640K,   0% used [0x00000000f0f90000, 0x00000000f0f90000, 0x00000000f1030000)
 tenured generation   total 13844K, used 9776K [0x00000000f5c00000, 0x00000000f6985000, 0x0000000100000000)
   the space 13844K,  70% used [0x00000000f5c00000, 0x00000000f658c1f0, 0x00000000f658c200, 0x00000000f6985000)
 Metaspace       used 22104K, capacity 23462K, committed 23808K, reserved 1071104K
  class space    used 2704K, capacity 2963K, committed 3072K, reserved 1048576K
Event: 6.200 GC heap after
Heap after GC invocations=119 (full 1):
 def new generation   total 6336K, used 184K [0x00000000f0a00000, 0x00000000f10d0000, 0x00000000f5c00000)
  eden space 5696K,   0% used [0x00000000f0a00000, 0x00000000f0a00000, 0x00000000f0f90000)
  from space 640K,  28% used [0x00000000f0f90000, 0x00000000f0fbe048, 0x00000000f1030000)
  to   space 640K,   0% used [0x00000000f1030000, 0x00000000f1030000, 0x00000000f10d0000)
 tenured generation   total 13844K, used 9776K [0x00000000f5c00000, 0x00000000f6985000, 0x0000000100000000)
   the space 13844K,  70% used [0x00000000f5c00000, 0x00000000f658c1f0, 0x00000000f658c200, 0x00000000f6985000)
 Metaspace       used 22104K, capacity 23462K, committed 23808K, reserved 1071104K
  class space    used 2704K, capacity 2963K, committed 3072K, reserved 1048576K
}
Event: 6.334 GC heap before
{Heap before GC invocations=119 (full 1):
 def new generation   total 6336K, used 5880K [0x00000000f0a00000, 0x00000000f10d0000, 0x00000000f5c00000)
  eden space 5696K, 100% used [0x00000000f0a00000, 0x00000000f0f90000, 0x00000000f0f90000)
  from space 640K,  28% used [0x00000000f0f90000, 0x00000000f0fbe048, 0x00000000f1030000)
  to   space 640K,   0% used [0x00000000f1030000, 0x00000000f1030000, 0x00000000f10d0000)
 tenured generation   total 13844K, used 9776K [0x00000000f5c00000, 0x00000000f6985000, 0x0000000100000000)
   the space 13844K,  70% used [0x00000000f5c00000, 0x00000000f658c1f0, 0x00000000f658c200, 0x00000000f6985000)
 Metaspace       used 22665K, capacity 24104K, committed 24320K, reserved 1071104K
  class space    used 2775K, capacity 3038K, committed 3072K, reserved 1048576K
Event: 6.337 GC heap after
Heap after GC invocations=120 (full 1):
 def new generation   total 6336K, used 640K [0x00000000f0a00000, 0x00000000f10d0000, 0x00000000f5c00000)
  eden space 5696K,   0% used [0x00000000f0a00000, 0x00000000f0a00000, 0x00000000f0f90000)
  from space 640K, 100% used [0x00000000f1030000, 0x00000000f10d0000, 0x00000000f10d0000)
  to   space 640K,   0% used [0x00000000f0f90000, 0x00000000f0f90000, 0x00000000f1030000)
 tenured generation   total 13844K, used 9935K [0x00000000f5c00000, 0x00000000f6985000, 0x0000000100000000)
   the space 13844K,  71% used [0x00000000f5c00000, 0x00000000f65b3f38, 0x00000000f65b4000, 0x00000000f6985000)
 Metaspace       used 22665K, capacity 24104K, committed 24320K, reserved 1071104K
  class space    used 2775K, capacity 3038K, committed 3072K, reserved 1048576K
}
Event: 6.408 GC heap before
{Heap before GC invocations=120 (full 1):
 def new generation   total 6336K, used 6336K [0x00000000f0a00000, 0x00000000f10d0000, 0x00000000f5c00000)
  eden space 5696K, 100% used [0x00000000f0a00000, 0x00000000f0f90000, 0x00000000f0f90000)
  from space 640K, 100% used [0x00000000f1030000, 0x00000000f10d0000, 0x00000000f10d0000)
  to   space 640K,   0% used [0x00000000f0f90000, 0x00000000f0f90000, 0x00000000f1030000)
 tenured generation   total 13844K, used 9935K [0x00000000f5c00000, 0x00000000f6985000, 0x0000000100000000)
   the space 13844K,  71% used [0x00000000f5c00000, 0x00000000f65b3f38, 0x00000000f65b4000, 0x00000000f6985000)
 Metaspace       used 22794K, capacity 24212K, committed 24320K, reserved 1071104K
  class space    used 2795K, capacity 3072K, committed 3072K, reserved 1048576K
Event: 6.412 GC heap after
Heap after GC invocations=121 (full 1):
 def new generation   total 6336K, used 610K [0x00000000f0a00000, 0x00000000f10d0000, 0x00000000f5c00000)
  eden space 5696K,   0% used [0x00000000f0a00000, 0x00000000f0a00000, 0x00000000f0f90000)
  from space 640K,  95% used [0x00000000f0f90000, 0x00000000f1028b18, 0x00000000f1030000)
  to   space 640K,   0% used [0x00000000f1030000, 0x00000000f1030000, 0x00000000f10d0000)
 tenured generation   total 13844K, used 10488K [0x00000000f5c00000, 0x00000000f6985000, 0x0000000100000000)
   the space 13844K,  75% used [0x00000000f5c00000, 0x00000000f663e108, 0x00000000f663e200, 0x00000000f6985000)
 Metaspace       used 22794K, capacity 24212K, committed 24320K, reserved 1071104K
  class space    used 2795K, capacity 3072K, committed 3072K, reserved 1048576K
}
Event: 6.461 GC heap before
{Heap before GC invocations=121 (full 1):
 def new generation   total 6336K, used 6306K [0x00000000f0a00000, 0x00000000f10d0000, 0x00000000f5c00000)
  eden space 5696K, 100% used [0x00000000f0a00000, 0x00000000f0f90000, 0x00000000f0f90000)
  from space 640K,  95% used [0x00000000f0f90000, 0x00000000f1028b18, 0x00000000f1030000)
  to   space 640K,   0% used [0x00000000f1030000, 0x00000000f1030000, 0x00000000f10d0000)
 tenured generation   total 13844K, used 10488K [0x00000000f5c00000, 0x00000000f6985000, 0x0000000100000000)
   the space 13844K,  75% used [0x00000000f5c00000, 0x00000000f663e108, 0x00000000f663e200, 0x00000000f6985000)
 Metaspace       used 22866K, capacity 24320K, committed 24448K, reserved 1071104K
  class space    used 2811K, capacity 3080K, committed 3200K, reserved 1048576K
Event: 6.463 GC heap after
Heap after GC invocations=122 (full 1):
 def new generation   total 6336K, used 101K [0x00000000f0a00000, 0x00000000f10d0000, 0x00000000f5c00000)
  eden space 5696K,   0% used [0x00000000f0a00000, 0x00000000f0a00000, 0x00000000f0f90000)
  from space 640K,  15% used [0x00000000f1030000, 0x00000000f10496c8, 0x00000000f10d0000)
  to   space 640K,   0% used [0x00000000f0f90000, 0x00000000f0f90000, 0x00000000f1030000)
 tenured generation   total 13844K, used 10574K [0x00000000f5c00000, 0x00000000f6985000, 0x0000000100000000)
   the space 13844K,  76% used [0x00000000f5c00000, 0x00000000f66538a8, 0x00000000f6653a00, 0x00000000f6985000)
 Metaspace       used 22866K, capacity 24320K, committed 24448K, reserved 1071104K
  class space    used 2811K, capacity 3080K, committed 3200K, reserved 1048576K
}
Event: 6.493 GC heap before
{Heap before GC invocations=122 (full 1):
 def new generation   total 6336K, used 5797K [0x00000000f0a00000, 0x00000000f10d0000, 0x00000000f5c00000)
  eden space 5696K, 100% used [0x00000000f0a00000, 0x00000000f0f90000, 0x00000000f0f90000)
  from space 640K,  15% used [0x00000000f1030000, 0x00000000f10496c8, 0x00000000f10d0000)
  to   space 640K,   0% used [0x00000000f0f90000, 0x00000000f0f90000, 0x00000000f1030000)
 tenured generation   total 13844K, used 10574K [0x00000000f5c00000, 0x00000000f6985000, 0x0000000100000000)
   the space 13844K,  76% used [0x00000000f5c00000, 0x00000000f66538a8, 0x00000000f6653a00, 0x00000000f6985000)
 Metaspace       used 22880K, capacity 24320K, committed 24448K, reserved 1071104K
  class space    used 2811K, capacity 3080K, committed 3200K, reserved 1048576K
Event: 6.494 GC heap after
Heap after GC invocations=123 (full 1):
 def new generation   total 6336K, used 106K [0x00000000f0a00000, 0x00000000f10d0000, 0x00000000f5c00000)
  eden space 5696K,   0% used [0x00000000f0a00000, 0x00000000f0a00000, 0x00000000f0f90000)
  from space 640K,  16% used [0x00000000f0f90000, 0x00000000f0faaa40, 0x00000000f1030000)
  to   space 640K,   0% used [0x00000000f1030000, 0x00000000f1030000, 0x00000000f10d0000)
 tenured generation   total 13844K, used 10574K [0x00000000f5c00000, 0x00000000f6985000, 0x0000000100000000)
   the space 13844K,  76% used [0x00000000f5c00000, 0x00000000f66538a8, 0x00000000f6653a00, 0x00000000f6985000)
 Metaspace       used 22880K, capacity 24320K, committed 24448K, reserved 1071104K
  class space    used 2811K, capacity 3080K, committed 3200K, reserved 1048576K
}
Event: 6.560 GC heap before
{Heap before GC invocations=123 (full 1):
 def new generation   total 6336K, used 5802K [0x00000000f0a00000, 0x00000000f10d0000, 0x00000000f5c00000)
  eden space 5696K, 100% used [0x00000000f0a00000, 0x00000000f0f90000, 0x00000000f0f90000)
  from space 640K,  16% used [0x00000000f0f90000, 0x00000000f0faaa40, 0x00000000f1030000)
  to   space 640K,   0% used [0x00000000f1030000, 0x00000000f1030000, 0x00000000f10d0000)
 tenured generation   total 13844K, used 10574K [0x00000000f5c00000, 0x00000000f6985000, 0x0000000100000000)
   the space 13844K,  76% used [0x00000000f5c00000, 0x00000000f66538a8, 0x00000000f6653a00, 0x00000000f6985000)
 Metaspace       used 23031K, capacity 24498K, committed 24704K, reserved 1071104K
  class space    used 2840K, capacity 3117K, committed 3200K, reserved 1048576K
Event: 6.562 GC heap after
Heap after GC invocations=124 (full 1):
 def new generation   total 6336K, used 267K [0x00000000f0a00000, 0x00000000f10d0000, 0x00000000f5c00000)
  eden space 5696K,   0% used [0x00000000f0a00000, 0x00000000f0a00000, 0x00000000f0f90000)
  from space 640K,  41% used [0x00000000f1030000, 0x00000000f1072d38, 0x00000000f10d0000)
  to   space 640K,   0% used [0x00000000f0f90000, 0x00000000f0f90000, 0x00000000f1030000)
 tenured generation   total 13844K, used 10574K [0x00000000f5c00000, 0x00000000f6985000, 0x0000000100000000)
   the space 13844K,  76% used [0x00000000f5c00000, 0x00000000f66538a8, 0x00000000f6653a00, 0x00000000f6985000)
 Metaspace       used 23031K, capacity 24498K, committed 24704K, reserved 1071104K
  class space    used 2840K, capacity 3117K, committed 3200K, reserved 1048576K
}
Event: 6.681 GC heap before
{Heap before GC invocations=124 (full 1):
 def new generation   total 6336K, used 5963K [0x00000000f0a00000, 0x00000000f10d0000, 0x00000000f5c00000)
  eden space 5696K, 100% used [0x00000000f0a00000, 0x00000000f0f90000, 0x00000000f0f90000)
  from space 640K,  41% used [0x00000000f1030000, 0x00000000f1072d38, 0x00000000f10d0000)
  to   space 640K,   0% used [0x00000000f0f90000, 0x00000000f0f90000, 0x00000000f1030000)
 tenured generation   total 13844K, used 10574K [0x00000000f5c00000, 0x00000000f6985000, 0x0000000100000000)
   the space 13844K,  76% used [0x00000000f5c00000, 0x00000000f66538a8, 0x00000000f6653a00, 0x00000000f6985000)
 Metaspace       used 23280K, capacity 24704K, committed 24960K, reserved 1071104K
  class space    used 2872K, capacity 3132K, committed 3200K, reserved 1048576K
Event: 6.685 GC heap after
Heap after GC invocations=125 (full 1):
 def new generation   total 6336K, used 640K [0x00000000f0a00000, 0x00000000f10d0000, 0x00000000f5c00000)
  eden space 5696K,   0% used [0x00000000f0a00000, 0x00000000f0a00000, 0x00000000f0f90000)
  from space 640K, 100% used [0x00000000f0f90000, 0x00000000f1030000, 0x00000000f1030000)
  to   space 640K,   0% used [0x00000000f1030000, 0x00000000f1030000, 0x00000000f10d0000)
 tenured generation   total 13844K, used 10665K [0x00000000f5c00000, 0x00000000f6985000, 0x0000000100000000)
   the space 13844K,  77% used [0x00000000f5c00000, 0x00000000f666a7a0, 0x00000000f666a800, 0x00000000f6985000)
 Metaspace       used 23280K, capacity 24704K, committed 24960K, reserved 1071104K
  class space    used 2872K, capacity 3132K, committed 3200K, reserved 1048576K
}
Event: 6.725 GC heap before
{Heap before GC invocations=125 (full 1):
 def new generation   total 6336K, used 6336K [0x00000000f0a00000, 0x00000000f10d0000, 0x00000000f5c00000)
  eden space 5696K, 100% used [0x00000000f0a00000, 0x00000000f0f90000, 0x00000000f0f90000)
  from space 640K, 100% used [0x00000000f0f90000, 0x00000000f1030000, 0x00000000f1030000)
  to   space 640K,   0% used [0x00000000f1030000, 0x00000000f1030000, 0x00000000f10d0000)
 tenured generation   total 13844K, used 10665K [0x00000000f5c00000, 0x00000000f6985000, 0x0000000100000000)
   the space 13844K,  77% used [0x00000000f5c00000, 0x00000000f666a7a0, 0x00000000f666a800, 0x00000000f6985000)
 Metaspace       used 23337K, capacity 24866K, committed 24960K, reserved 1071104K
  class space    used 2882K, capacity 3165K, committed 3200K, reserved 1048576K
Event: 6.728 GC heap after
Heap after GC invocations=126 (full 1):
 def new generation   total 6336K, used 213K [0x00000000f0a00000, 0x00000000f10d0000, 0x00000000f5c00000)
  eden space 5696K,   0% used [0x00000000f0a00000, 0x00000000f0a00000, 0x00000000f0f90000)
  from space 640K,  33% used [0x00000000f1030000, 0x00000000f10655a0, 0x00000000f10d0000)
  to   space 640K,   0% used [0x00000000f0f90000, 0x00000000f0f90000, 0x00000000f1030000)
 tenured generation   total 13844K, used 11288K [0x00000000f5c00000, 0x00000000f6985000, 0x0000000100000000)
   the space 13844K,  81% used [0x00000000f5c00000, 0x00000000f6706248, 0x00000000f6706400, 0x00000000f6985000)
 Metaspace       used 23337K, capacity 24866K, committed 24960K, reserved 1071104K
  class space    used 2882K, capacity 3165K, committed 3200K, reserved 1048576K
}
Event: 6.776 GC heap before
{Heap before GC invocations=126 (full 1):
 def new generation   total 6336K, used 5909K [0x00000000f0a00000, 0x00000000f10d0000, 0x00000000f5c00000)
  eden space 5696K, 100% used [0x00000000f0a00000, 0x00000000f0f90000, 0x00000000f0f90000)
  from space 640K,  33% used [0x00000000f1030000, 0x00000000f10655a0, 0x00000000f10d0000)
  to   space 640K,   0% used [0x00000000f0f90000, 0x00000000f0f90000, 0x00000000f1030000)
 tenured generation   total 13844K, used 11288K [0x00000000f5c00000, 0x00000000f6985000, 0x0000000100000000)
   the space 13844K,  81% used [0x00000000f5c00000, 0x00000000f6706248, 0x00000000f6706400, 0x00000000f6985000)
 Metaspace       used 23446K, capacity 24930K, committed 25216K, reserved 1071104K
  class space    used 2899K, capacity 3165K, committed 3200K, reserved 1048576K
Event: 6.778 GC heap after
Heap after GC invocations=127 (full 1):
 def new generation   total 6336K, used 438K [0x00000000f0a00000, 0x00000000f10d0000, 0x00000000f5c00000)
  eden space 5696K,   0% used [0x00000000f0a00000, 0x00000000f0a00000, 0x00000000f0f90000)
  from space 640K,  68% used [0x00000000f0f90000, 0x00000000f0ffd950, 0x00000000f1030000)
  to   space 640K,   0% used [0x00000000f1030000, 0x00000000f1030000, 0x00000000f10d0000)
 tenured generation   total 13844K, used 11288K [0x00000000f5c00000, 0x00000000f6985000, 0x0000000100000000)
   the space 13844K,  81% used [0x00000000f5c00000, 0x00000000f6706248, 0x00000000f6706400, 0x00000000f6985000)
 Metaspace       used 23446K, capacity 24930K, committed 25216K, reserved 1071104K
  class space    used 2899K, capacity 3165K, committed 3200K, reserved 1048576K
}
Event: 6.800 GC heap before
{Heap before GC invocations=127 (full 1):
 def new generation   total 6336K, used 6134K [0x00000000f0a00000, 0x00000000f10d0000, 0x00000000f5c00000)
  eden space 5696K, 100% used [0x00000000f0a00000, 0x00000000f0f90000, 0x00000000f0f90000)
  from space 640K,  68% used [0x00000000f0f90000, 0x00000000f0ffd950, 0x00000000f1030000)
  to   space 640K,   0% used [0x00000000f1030000, 0x00000000f1030000, 0x00000000f10d0000)
 tenured generation   total 13844K, used 11288K [0x00000000f5c00000, 0x00000000f6985000, 0x0000000100000000)
   the space 13844K,  81% used [0x00000000f5c00000, 0x00000000f6706248, 0x00000000f6706400, 0x00000000f6985000)
 Metaspace       used 23492K, capacity 25026K, committed 25216K, reserved 1071104K
  class space    used 2909K, capacity 3197K, committed 3200K, reserved 1048576K
Event: 6.802 GC heap after
Heap after GC invocations=128 (full 1):
 def new generation   total 6336K, used 222K [0x00000000f0a00000, 0x00000000f10d0000, 0x00000000f5c00000)
  eden space 5696K,   0% used [0x00000000f0a00000, 0x00000000f0a00000, 0x00000000f0f90000)
  from space 640K,  34% used [0x00000000f1030000, 0x00000000f10678c8, 0x00000000f10d0000)
  to   space 640K,   0% used [0x00000000f0f90000, 0x00000000f0f90000, 0x00000000f1030000)
 tenured generation   total 13844K, used 11431K [0x00000000f5c00000, 0x00000000f6985000, 0x0000000100000000)
   the space 13844K,  82% used [0x00000000f5c00000, 0x00000000f6729df0, 0x00000000f6729e00, 0x00000000f6985000)
 Metaspace       used 23492K, capacity 25026K, committed 25216K, reserved 1071104K
  class space    used 2909K, capacity 3197K, committed 3200K, reserved 1048576K
}
Event: 6.831 GC heap before
{Heap before GC invocations=128 (full 1):
 def new generation   total 6336K, used 5918K [0x00000000f0a00000, 0x00000000f10d0000, 0x00000000f5c00000)
  eden space 5696K, 100% used [0x00000000f0a00000, 0x00000000f0f90000, 0x00000000f0f90000)
  from space 640K,  34% used [0x00000000f1030000, 0x00000000f10678c8, 0x00000000f10d0000)
  to   space 640K,   0% used [0x00000000f0f90000, 0x00000000f0f90000, 0x00000000f1030000)
 tenured generation   total 13844K, used 11431K [0x00000000f5c00000, 0x00000000f6985000, 0x0000000100000000)
   the space 13844K,  82% used [0x00000000f5c00000, 0x00000000f6729df0, 0x00000000f6729e00, 0x00000000f6985000)
 Metaspace       used 23516K, capacity 25036K, committed 25216K, reserved 1071104K
  class space    used 2914K, capacity 3200K, committed 3200K, reserved 1048576K
Event: 6.833 GC heap after
Heap after GC invocations=129 (full 1):
 def new generation   total 6336K, used 211K [0x00000000f0a00000, 0x00000000f10d0000, 0x00000000f5c00000)
  eden space 5696K,   0% used [0x00000000f0a00000, 0x00000000f0a00000, 0x00000000f0f90000)
  from space 640K,  32% used [0x00000000f0f90000, 0x00000000f0fc4cb0, 0x00000000f1030000)
  to   space 640K,   0% used [0x00000000f1030000, 0x00000000f1030000, 0x00000000f10d0000)
 tenured generation   total 13844K, used 11431K [0x00000000f5c00000, 0x00000000f6985000, 0x0000000100000000)
   the space 13844K,  82% used [0x00000000f5c00000, 0x00000000f6729df0, 0x00000000f6729e00, 0x00000000f6985000)
 Metaspace       used 23516K, capacity 25036K, committed 25216K, reserved 1071104K
  class space    used 2914K, capacity 3200K, committed 3200K, reserved 1048576K
}
Event: 6.864 GC heap before
{Heap before GC invocations=129 (full 1):
 def new generation   total 6336K, used 5907K [0x00000000f0a00000, 0x00000000f10d0000, 0x00000000f5c00000)
  eden space 5696K, 100% used [0x00000000f0a00000, 0x00000000f0f90000, 0x00000000f0f90000)
  from space 640K,  32% used [0x00000000f0f90000, 0x00000000f0fc4cb0, 0x00000000f1030000)
  to   space 640K,   0% used [0x00000000f1030000, 0x00000000f1030000, 0x00000000f10d0000)
 tenured generation   total 13844K, used 11431K [0x00000000f5c00000, 0x00000000f6985000, 0x0000000100000000)
   the space 13844K,  82% used [0x00000000f5c00000, 0x00000000f6729df0, 0x00000000f6729e00, 0x00000000f6985000)
 Metaspace       used 23554K, capacity 25044K, committed 25216K, reserved 1071104K
  class space    used 2919K, capacity 3200K, committed 3200K, reserved 1048576K
Event: 6.866 GC heap after
Heap after GC invocations=130 (full 1):
 def new generation   total 6336K, used 339K [0x00000000f0a00000, 0x00000000f10d0000, 0x00000000f5c00000)
  eden space 5696K,   0% used [0x00000000f0a00000, 0x00000000f0a00000, 0x00000000f0f90000)
  from space 640K,  53% used [0x00000000f1030000, 0x00000000f1084f68, 0x00000000f10d0000)
  to   space 640K,   0% used [0x00000000f0f90000, 0x00000000f0f90000, 0x00000000f1030000)
 tenured generation   total 13844K, used 11431K [0x00000000f5c00000, 0x00000000f6985000, 0x0000000100000000)
   the space 13844K,  82% used [0x00000000f5c00000, 0x00000000f6729df0, 0x00000000f6729e00, 0x00000000f6985000)
 Metaspace       used 23554K, capacity 25044K, committed 25216K, reserved 1071104K
  class space    used 2919K, capacity 3200K, committed 3200K, reserved 1048576K
}
Event: 6.897 GC heap before
{Heap before GC invocations=130 (full 1):
 def new generation   total 6336K, used 6035K [0x00000000f0a00000, 0x00000000f10d0000, 0x00000000f5c00000)
  eden space 5696K, 100% used [0x00000000f0a00000, 0x00000000f0f90000, 0x00000000f0f90000)
  from space 640K,  53% used [0x00000000f1030000, 0x00000000f1084f68, 0x00000000f10d0000)
  to   space 640K,   0% used [0x00000000f0f90000, 0x00000000f0f90000, 0x00000000f1030000)
 tenured generation   total 13844K, used 11431K [0x00000000f5c00000, 0x00000000f6985000, 0x0000000100000000)
   the space 13844K,  82% used [0x00000000f5c00000, 0x00000000f6729df0, 0x00000000f6729e00, 0x00000000f6985000)
 Metaspace       used 23595K, capacity 25108K, committed 25216K, reserved 1071104K
  class space    used 2925K, capacity 3200K, committed 3200K, reserved 1048576K
Event: 6.899 GC heap after
Heap after GC invocations=131 (full 1):
 def new generation   total 6336K, used 267K [0x00000000f0a00000, 0x00000000f10d0000, 0x00000000f5c00000)
  eden space 5696K,   0% used [0x00000000f0a00000, 0x00000000f0a00000, 0x00000000f0f90000)
  from space 640K,  41% used [0x00000000f0f90000, 0x00000000f0fd2d58, 0x00000000f1030000)
  to   space 640K,   0% used [0x00000000f1030000, 0x00000000f1030000, 0x00000000f10d0000)
 tenured generation   total 13844K, used 11499K [0x00000000f5c00000, 0x00000000f6985000, 0x0000000100000000)
   the space 13844K,  83% used [0x00000000f5c00000, 0x00000000f673acd0, 0x00000000f673ae00, 0x00000000f6985000)
 Metaspace       used 23595K, capacity 25108K, committed 25216K, reserved 1071104K
  class space    used 2925K, capacity 3200K, committed 3200K, reserved 1048576K
}
Event: 6.947 GC heap before
{Heap before GC invocations=131 (full 1):
 def new generation   total 6336K, used 5963K [0x00000000f0a00000, 0x00000000f10d0000, 0x00000000f5c00000)
  eden space 5696K, 100% used [0x00000000f0a00000, 0x00000000f0f90000, 0x00000000f0f90000)
  from space 640K,  41% used [0x00000000f0f90000, 0x00000000f0fd2d58, 0x00000000f1030000)
  to   space 640K,   0% used [0x00000000f1030000, 0x00000000f1030000, 0x00000000f10d0000)
 tenured generation   total 13844K, used 11499K [0x00000000f5c00000, 0x00000000f6985000, 0x0000000100000000)
   the space 13844K,  83% used [0x00000000f5c00000, 0x00000000f673acd0, 0x00000000f673ae00, 0x00000000f6985000)
 Metaspace       used 23712K, capacity 25214K, committed 25344K, reserved 1071104K
  class space    used 2947K, capacity 3235K, committed 3328K, reserved 1048576K
Event: 6.950 GC heap after
Heap after GC invocations=132 (full 1):
 def new generation   total 6336K, used 596K [0x00000000f0a00000, 0x00000000f10d0000, 0x00000000f5c00000)
  eden space 5696K,   0% used [0x00000000f0a00000, 0x00000000f0a00000, 0x00000000f0f90000)
  from space 640K,  93% used [0x00000000f1030000, 0x00000000f10c5100, 0x00000000f10d0000)
  to   space 640K,   0% used [0x00000000f0f90000, 0x00000000f0f90000, 0x00000000f1030000)
 tenured generation   total 13844K, used 11499K [0x00000000f5c00000, 0x00000000f6985000, 0x0000000100000000)
   the space 13844K,  83% used [0x00000000f5c00000, 0x00000000f673acd0, 0x00000000f673ae00, 0x00000000f6985000)
 Metaspace       used 23712K, capacity 25214K, committed 25344K, reserved 1071104K
  class space    used 2947K, capacity 3235K, committed 3328K, reserved 1048576K
}
Event: 7.042 GC heap before
{Heap before GC invocations=132 (full 1):
 def new generation   total 6336K, used 6292K [0x00000000f0a00000, 0x00000000f10d0000, 0x00000000f5c00000)
  eden space 5696K, 100% used [0x00000000f0a00000, 0x00000000f0f90000, 0x00000000f0f90000)
  from space 640K,  93% used [0x00000000f1030000, 0x00000000f10c5100, 0x00000000f10d0000)
  to   space 640K,   0% used [0x00000000f0f90000, 0x00000000f0f90000, 0x00000000f1030000)
 tenured generation   total 13844K, used 11499K [0x00000000f5c00000, 0x00000000f6985000, 0x0000000100000000)
   the space 13844K,  83% used [0x00000000f5c00000, 0x00000000f673acd0, 0x00000000f673ae00, 0x00000000f6985000)
 Metaspace       used 24129K, capacity 25656K, committed 25856K, reserved 1071104K
  class space    used 2986K, capacity 3272K, committed 3328K, reserved 1048576K
Event: 7.045 GC heap after
Heap after GC invocations=133 (full 1):
 def new generation   total 6336K, used 629K [0x00000000f0a00000, 0x00000000f10d0000, 0x00000000f5c00000)
  eden space 5696K,   0% used [0x00000000f0a00000, 0x00000000f0a00000, 0x00000000f0f90000)
  from space 640K,  98% used [0x00000000f0f90000, 0x00000000f102d7e0, 0x00000000f1030000)
  to   space 640K,   0% used [0x00000000f1030000, 0x00000000f1030000, 0x00000000f10d0000)
 tenured generation   total 13844K, used 11794K [0x00000000f5c00000, 0x00000000f6985000, 0x0000000100000000)
   the space 13844K,  85% used [0x00000000f5c00000, 0x00000000f6784a18, 0x00000000f6784c00, 0x00000000f6985000)
 Metaspace       used 24129K, capacity 25656K, committed 25856K, reserved 1071104K
  class space    used 2986K, capacity 3272K, committed 3328K, reserved 1048576K
}
Event: 7.181 GC heap before
{Heap before GC invocations=133 (full 1):
 def new generation   total 6336K, used 6325K [0x00000000f0a00000, 0x00000000f10d0000, 0x00000000f5c00000)
  eden space 5696K, 100% used [0x00000000f0a00000, 0x00000000f0f90000, 0x00000000f0f90000)
  from space 640K,  98% used [0x00000000f0f90000, 0x00000000f102d7e0, 0x00000000f1030000)
  to   space 640K,   0% used [0x00000000f1030000, 0x00000000f1030000, 0x00000000f10d0000)
 tenured generation   total 13844K, used 11794K [0x00000000f5c00000, 0x00000000f6985000, 0x0000000100000000)
   the space 13844K,  85% used [0x00000000f5c00000, 0x00000000f6784a18, 0x00000000f6784c00, 0x00000000f6985000)
 Metaspace       used 24488K, capacity 26044K, committed 26240K, reserved 1073152K
  class space    used 3047K, capacity 3348K, committed 3456K, reserved 1048576K
Event: 7.184 GC heap after
Heap after GC invocations=134 (full 1):
 def new generation   total 6336K, used 400K [0x00000000f0a00000, 0x00000000f10d0000, 0x00000000f5c00000)
  eden space 5696K,   0% used [0x00000000f0a00000, 0x00000000f0a00000, 0x00000000f0f90000)
  from space 640K,  62% used [0x00000000f1030000, 0x00000000f10942a8, 0x00000000f10d0000)
  to   space 640K,   0% used [0x00000000f0f90000, 0x00000000f0f90000, 0x00000000f1030000)
 tenured generation   total 13844K, used 12062K [0x00000000f5c00000, 0x00000000f6985000, 0x0000000100000000)
   the space 13844K,  87% used [0x00000000f5c00000, 0x00000000f67c7810, 0x00000000f67c7a00, 0x00000000f6985000)
 Metaspace       used 24488K, capacity 26044K, committed 26240K, reserved 1073152K
  class space    used 3047K, capacity 3348K, committed 3456K, reserved 1048576K
}
Event: 7.308 GC heap before
{Heap before GC invocations=134 (full 1):
 def new generation   total 6336K, used 6096K [0x00000000f0a00000, 0x00000000f10d0000, 0x00000000f5c00000)
  eden space 5696K, 100% used [0x00000000f0a00000, 0x00000000f0f90000, 0x00000000f0f90000)
  from space 640K,  62% used [0x00000000f1030000, 0x00000000f10942a8, 0x00000000f10d0000)
  to   space 640K,   0% used [0x00000000f0f90000, 0x00000000f0f90000, 0x00000000f1030000)
 tenured generation   total 13844K, used 12062K [0x00000000f5c00000, 0x00000000f6985000, 0x0000000100000000)
   the space 13844K,  87% used [0x00000000f5c00000, 0x00000000f67c7810, 0x00000000f67c7a00, 0x00000000f6985000)
 Metaspace       used 24819K, capacity 26704K, committed 26880K, reserved 1073152K
  class space    used 3126K, capacity 3476K, committed 3584K, reserved 1048576K
Event: 7.311 GC heap after
Heap after GC invocations=135 (full 1):
 def new generation   total 6336K, used 237K [0x00000000f0a00000, 0x00000000f10d0000, 0x00000000f5c00000)
  eden space 5696K,   0% used [0x00000000f0a00000, 0x00000000f0a00000, 0x00000000f0f90000)
  from space 640K,  37% used [0x00000000f0f90000, 0x00000000f0fcb468, 0x00000000f1030000)
  to   space 640K,   0% used [0x00000000f1030000, 0x00000000f1030000, 0x00000000f10d0000)
 tenured generation   total 13844K, used 12380K [0x00000000f5c00000, 0x00000000f6985000, 0x0000000100000000)
   the space 13844K,  89% used [0x00000000f5c00000, 0x00000000f6817140, 0x00000000f6817200, 0x00000000f6985000)
 Metaspace       used 24819K, capacity 26704K, committed 26880K, reserved 1073152K
  class space    used 3126K, capacity 3476K, committed 3584K, reserved 1048576K
}
Event: 7.422 GC heap before
{Heap before GC invocations=135 (full 1):
 def new generation   total 6336K, used 5933K [0x00000000f0a00000, 0x00000000f10d0000, 0x00000000f5c00000)
  eden space 5696K, 100% used [0x00000000f0a00000, 0x00000000f0f90000, 0x00000000f0f90000)
  from space 640K,  37% used [0x00000000f0f90000, 0x00000000f0fcb468, 0x00000000f1030000)
  to   space 640K,   0% used [0x00000000f1030000, 0x00000000f1030000, 0x00000000f10d0000)
 tenured generation   total 13844K, used 12380K [0x00000000f5c00000, 0x00000000f6985000, 0x0000000100000000)
   the space 13844K,  89% used [0x00000000f5c00000, 0x00000000f6817140, 0x00000000f6817200, 0x00000000f6985000)
 Metaspace       used 25071K, capacity 26976K, committed 27136K, reserved 1073152K
  class space    used 3169K, capacity 3516K, committed 3584K, reserved 1048576K
Event: 7.424 GC heap after
Heap after GC invocations=136 (full 1):
 def new generation   total 6336K, used 425K [0x00000000f0a00000, 0x00000000f10d0000, 0x00000000f5c00000)
  eden space 5696K,   0% used [0x00000000f0a00000, 0x00000000f0a00000, 0x00000000f0f90000)
  from space 640K,  66% used [0x00000000f1030000, 0x00000000f109a490, 0x00000000f10d0000)
  to   space 640K,   0% used [0x00000000f0f90000, 0x00000000f0f90000, 0x00000000f1030000)
 tenured generation   total 13844K, used 12380K [0x00000000f5c00000, 0x00000000f6985000, 0x0000000100000000)
   the space 13844K,  89% used [0x00000000f5c00000, 0x00000000f6817140, 0x00000000f6817200, 0x00000000f6985000)
 Metaspace       used 25071K, capacity 26976K, committed 27136K, reserved 1073152K
  class space    used 3169K, capacity 3516K, committed 3584K, reserved 1048576K
}
Event: 7.486 GC heap before
{Heap before GC invocations=136 (full 1):
 def new generation   total 6336K, used 6121K [0x00000000f0a00000, 0x00000000f10d0000, 0x00000000f5c00000)
  eden space 5696K, 100% used [0x00000000f0a00000, 0x00000000f0f90000, 0x00000000f0f90000)
  from space 640K,  66% used [0x00000000f1030000, 0x00000000f109a490, 0x00000000f10d0000)
  to   space 640K,   0% used [0x00000000f0f90000, 0x00000000f0f90000, 0x00000000f1030000)
 tenured generation   total 13844K, used 12380K [0x00000000f5c00000, 0x00000000f6985000, 0x0000000100000000)
   the space 13844K,  89% used [0x00000000f5c00000, 0x00000000f6817140, 0x00000000f6817200, 0x00000000f6985000)
 Metaspace       used 25409K, capacity 27392K, committed 27648K, reserved 1073152K
  class space    used 3209K, capacity 3548K, committed 3584K, reserved 1048576K
Event: 7.489 GC heap after
Heap after GC invocations=137 (full 1):
 def new generation   total 6336K, used 625K [0x00000000f0a00000, 0x00000000f10d0000, 0x00000000f5c00000)
  eden space 5696K,   0% used [0x00000000f0a00000, 0x00000000f0a00000, 0x00000000f0f90000)
  from space 640K,  97% used [0x00000000f0f90000, 0x00000000f102c6a8, 0x00000000f1030000)
  to   space 640K,   0% used [0x00000000f1030000, 0x00000000f1030000, 0x00000000f10d0000)
 tenured generation   total 13844K, used 12550K [0x00000000f5c00000, 0x00000000f6985000, 0x0000000100000000)
   the space 13844K,  90% used [0x00000000f5c00000, 0x00000000f6841870, 0x00000000f6841a00, 0x00000000f6985000)
 Metaspace       used 25409K, capacity 27392K, committed 27648K, reserved 1073152K
  class space    used 3209K, capacity 3548K, committed 3584K, reserved 1048576K
}
Event: 7.571 GC heap before
{Heap before GC invocations=137 (full 1):
 def new generation   total 6336K, used 6321K [0x00000000f0a00000, 0x00000000f10d0000, 0x00000000f5c00000)
  eden space 5696K, 100% used [0x00000000f0a00000, 0x00000000f0f90000, 0x00000000f0f90000)
  from space 640K,  97% used [0x00000000f0f90000, 0x00000000f102c6a8, 0x00000000f1030000)
  to   space 640K,   0% used [0x00000000f1030000, 0x00000000f1030000, 0x00000000f10d0000)
 tenured generation   total 13844K, used 12550K [0x00000000f5c00000, 0x00000000f6985000, 0x0000000100000000)
   the space 13844K,  90% used [0x00000000f5c00000, 0x00000000f6841870, 0x00000000f6841a00, 0x00000000f6985000)
 Metaspace       used 25770K, capacity 27744K, committed 27904K, reserved 1073152K
  class space    used 3247K, capacity 3580K, committed 3584K, reserved 1048576K
Event: 7.574 GC heap after
Heap after GC invocations=138 (full 1):
 def new generation   total 6336K, used 271K [0x00000000f0a00000, 0x00000000f10d0000, 0x00000000f5c00000)
  eden space 5696K,   0% used [0x00000000f0a00000, 0x00000000f0a00000, 0x00000000f0f90000)
  from space 640K,  42% used [0x00000000f1030000, 0x00000000f1073e20, 0x00000000f10d0000)
  to   space 640K,   0% used [0x00000000f0f90000, 0x00000000f0f90000, 0x00000000f1030000)
 tenured generation   total 13844K, used 12895K [0x00000000f5c00000, 0x00000000f6985000, 0x0000000100000000)
   the space 13844K,  93% used [0x00000000f5c00000, 0x00000000f6897c90, 0x00000000f6897e00, 0x00000000f6985000)
 Metaspace       used 25770K, capacity 27744K, committed 27904K, reserved 1073152K
  class space    used 3247K, capacity 3580K, committed 3584K, reserved 1048576K
}
Event: 7.662 GC heap before
{Heap before GC invocations=138 (full 1):
 def new generation   total 6336K, used 5967K [0x00000000f0a00000, 0x00000000f10d0000, 0x00000000f5c00000)
  eden space 5696K, 100% used [0x00000000f0a00000, 0x00000000f0f90000, 0x00000000f0f90000)
  from space 640K,  42% used [0x00000000f1030000, 0x00000000f1073e20, 0x00000000f10d0000)
  to   space 640K,   0% used [0x00000000f0f90000, 0x00000000f0f90000, 0x00000000f1030000)
 tenured generation   total 13844K, used 12895K [0x00000000f5c00000, 0x00000000f6985000, 0x0000000100000000)
   the space 13844K,  93% used [0x00000000f5c00000, 0x00000000f6897c90, 0x00000000f6897e00, 0x00000000f6985000)
 Metaspace       used 26131K, capacity 28038K, committed 28288K, reserved 1073152K
  class space    used 3277K, capacity 3613K, committed 3712K, reserved 1048576K
Event: 7.664 GC heap after
Heap after GC invocations=139 (full 1):
 def new generation   total 6336K, used 500K [0x00000000f0a00000, 0x00000000f10d0000, 0x00000000f5c00000)
  eden space 5696K,   0% used [0x00000000f0a00000, 0x00000000f0a00000, 0x00000000f0f90000)
  from space 640K,  78% used [0x00000000f0f90000, 0x00000000f100d1a8, 0x00000000f1030000)
  to   space 640K,   0% used [0x00000000f1030000, 0x00000000f1030000, 0x00000000f10d0000)
 tenured generation   total 13844K, used 12895K [0x00000000f5c00000, 0x00000000f6985000, 0x0000000100000000)
   the space 13844K,  93% used [0x00000000f5c00000, 0x00000000f6897c90, 0x00000000f6897e00, 0x00000000f6985000)
 Metaspace       used 26131K, capacity 28038K, committed 28288K, reserved 1073152K
  class space    used 3277K, capacity 3613K, committed 3712K, reserved 1048576K
}
Event: 7.736 GC heap before
{Heap before GC invocations=139 (full 1):
 def new generation   total 6336K, used 6196K [0x00000000f0a00000, 0x00000000f10d0000, 0x00000000f5c00000)
  eden space 5696K, 100% used [0x00000000f0a00000, 0x00000000f0f90000, 0x00000000f0f90000)
  from space 640K,  78% used [0x00000000f0f90000, 0x00000000f100d1a8, 0x00000000f1030000)
  to   space 640K,   0% used [0x00000000f1030000, 0x00000000f1030000, 0x00000000f10d0000)
 tenured generation   total 13844K, used 12895K [0x00000000f5c00000, 0x00000000f6985000, 0x0000000100000000)
   the space 13844K,  93% used [0x00000000f5c00000, 0x00000000f6897c90, 0x00000000f6897e00, 0x00000000f6985000)
 Metaspace       used 26438K, capacity 28332K, committed 28544K, reserved 1075200K
  class space    used 3310K, capacity 3646K, committed 3712K, reserved 1048576K
Event: 7.738 GC heap after
Heap after GC invocations=140 (full 1):
 def new generation   total 6336K, used 280K [0x00000000f0a00000, 0x00000000f10d0000, 0x00000000f5c00000)
  eden space 5696K,   0% used [0x00000000f0a00000, 0x00000000f0a00000, 0x00000000f0f90000)
  from space 640K,  43% used [0x00000000f1030000, 0x00000000f1076350, 0x00000000f10d0000)
  to   space 640K,   0% used [0x00000000f0f90000, 0x00000000f0f90000, 0x00000000f1030000)
 tenured generation   total 13844K, used 13268K [0x00000000f5c00000, 0x00000000f6985000, 0x0000000100000000)
   the space 13844K,  95% used [0x00000000f5c00000, 0x00000000f68f5190, 0x00000000f68f5200, 0x00000000f6985000)
 Metaspace       used 26438K, capacity 28332K, committed 28544K, reserved 1075200K
  class space    used 3310K, capacity 3646K, committed 3712K, reserved 1048576K
}
Event: 7.799 GC heap before
{Heap before GC invocations=140 (full 1):
 def new generation   total 6336K, used 5976K [0x00000000f0a00000, 0x00000000f10d0000, 0x00000000f5c00000)
  eden space 5696K, 100% used [0x00000000f0a00000, 0x00000000f0f90000, 0x00000000f0f90000)
  from space 640K,  43% used [0x00000000f1030000, 0x00000000f1076350, 0x00000000f10d0000)
  to   space 640K,   0% used [0x00000000f0f90000, 0x00000000f0f90000, 0x00000000f1030000)
 tenured generation   total 13844K, used 13268K [0x00000000f5c00000, 0x00000000f6985000, 0x0000000100000000)
   the space 13844K,  95% used [0x00000000f5c00000, 0x00000000f68f5190, 0x00000000f68f5200, 0x00000000f6985000)
 Metaspace       used 26823K, capacity 28766K, committed 29056K, reserved 1075200K
  class space    used 3351K, capacity 3681K, committed 3712K, reserved 1048576K
Event: 7.802 GC heap after
Heap after GC invocations=141 (full 1):
 def new generation   total 6336K, used 396K [0x00000000f0a00000, 0x00000000f10d0000, 0x00000000f5c00000)
  eden space 5696K,   0% used [0x00000000f0a00000, 0x00000000f0a00000, 0x00000000f0f90000)
  from space 640K,  62% used [0x00000000f0f90000, 0x00000000f0ff3348, 0x00000000f1030000)
  to   space 640K,   0% used [0x00000000f1030000, 0x00000000f1030000, 0x00000000f10d0000)
 tenured generation   total 13844K, used 13268K [0x00000000f5c00000, 0x00000000f6985000, 0x0000000100000000)
   the space 13844K,  95% used [0x00000000f5c00000, 0x00000000f68f5190, 0x00000000f68f5200, 0x00000000f6985000)
 Metaspace       used 26823K, capacity 28766K, committed 29056K, reserved 1075200K
  class space    used 3351K, capacity 3681K, committed 3712K, reserved 1048576K
}
Event: 7.882 GC heap before
{Heap before GC invocations=141 (full 1):
 def new generation   total 6336K, used 6092K [0x00000000f0a00000, 0x00000000f10d0000, 0x00000000f5c00000)
  eden space 5696K, 100% used [0x00000000f0a00000, 0x00000000f0f90000, 0x00000000f0f90000)
  from space 640K,  62% used [0x00000000f0f90000, 0x00000000f0ff3348, 0x00000000f1030000)
  to   space 640K,   0% used [0x00000000f1030000, 0x00000000f1030000, 0x00000000f10d0000)
 tenured generation   total 13844K, used 13268K [0x00000000f5c00000, 0x00000000f6985000, 0x0000000100000000)
   the space 13844K,  95% used [0x00000000f5c00000, 0x00000000f68f5190, 0x00000000f68f5200, 0x00000000f6985000)
 Metaspace       used 27118K, capacity 29054K, committed 29440K, reserved 1075200K
  class space    used 3376K, capacity 3713K, committed 3840K, reserved 1048576K
Event: 7.885 GC heap after
Heap after GC invocations=142 (full 1):
 def new generation   total 6336K, used 516K [0x00000000f0a00000, 0x00000000f10d0000, 0x00000000f5c00000)
  eden space 5696K,   0% used [0x00000000f0a00000, 0x00000000f0a00000, 0x00000000f0f90000)
  from space 640K,  80% used [0x00000000f1030000, 0x00000000f10b10b8, 0x00000000f10d0000)
  to   space 640K,   0% used [0x00000000f0f90000, 0x00000000f0f90000, 0x00000000f1030000)
 tenured generation   total 13844K, used 13349K [0x00000000f5c00000, 0x00000000f6985000, 0x0000000100000000)
   the space 13844K,  96% used [0x00000000f5c00000, 0x00000000f69095b0, 0x00000000f6909600, 0x00000000f6985000)
 Metaspace       used 27118K, capacity 29054K, committed 29440K, reserved 1075200K
  class space    used 3376K, capacity 3713K, committed 3840K, reserved 1048576K
}
Event: 7.963 GC heap before
{Heap before GC invocations=142 (full 1):
 def new generation   total 6336K, used 6212K [0x00000000f0a00000, 0x00000000f10d0000, 0x00000000f5c00000)
  eden space 5696K, 100% used [0x00000000f0a00000, 0x00000000f0f90000, 0x00000000f0f90000)
  from space 640K,  80% used [0x00000000f1030000, 0x00000000f10b10b8, 0x00000000f10d0000)
  to   space 640K,   0% used [0x00000000f0f90000, 0x00000000f0f90000, 0x00000000f1030000)
 tenured generation   total 13844K, used 13349K [0x00000000f5c00000, 0x00000000f6985000, 0x0000000100000000)
   the space 13844K,  96% used [0x00000000f5c00000, 0x00000000f69095b0, 0x00000000f6909600, 0x00000000f6985000)
 Metaspace       used 27379K, capacity 29314K, committed 29440K, reserved 1075200K
  class space    used 3417K, capacity 3753K, committed 3840K, reserved 1048576K
Event: 7.966 GC heap after
Heap after GC invocations=143 (full 1):
 def new generation   total 6336K, used 438K [0x00000000f0a00000, 0x00000000f10d0000, 0x00000000f5c00000)
  eden space 5696K,   0% used [0x00000000f0a00000, 0x00000000f0a00000, 0x00000000f0f90000)
  from space 640K,  68% used [0x00000000f0f90000, 0x00000000f0ffdbc8, 0x00000000f1030000)
  to   space 640K,   0% used [0x00000000f1030000, 0x00000000f1030000, 0x00000000f10d0000)
 tenured generation   total 13844K, used 13669K [0x00000000f5c00000, 0x00000000f6985000, 0x0000000100000000)
   the space 13844K,  98% used [0x00000000f5c00000, 0x00000000f69596a8, 0x00000000f6959800, 0x00000000f6985000)
 Metaspace       used 27379K, capacity 29314K, committed 29440K, reserved 1075200K
  class space    used 3417K, capacity 3753K, committed 3840K, reserved 1048576K
}
Event: 8.014 GC heap before
{Heap before GC invocations=143 (full 1):
 def new generation   total 6336K, used 6134K [0x00000000f0a00000, 0x00000000f10d0000, 0x00000000f5c00000)
  eden space 5696K, 100% used [0x00000000f0a00000, 0x00000000f0f90000, 0x00000000f0f90000)
  from space 640K,  68% used [0x00000000f0f90000, 0x00000000f0ffdbc8, 0x00000000f1030000)
  to   space 640K,   0% used [0x00000000f1030000, 0x00000000f1030000, 0x00000000f10d0000)
 tenured generation   total 13844K, used 13669K [0x00000000f5c00000, 0x00000000f6985000, 0x0000000100000000)
   the space 13844K,  98% used [0x00000000f5c00000, 0x00000000f69596a8, 0x00000000f6959800, 0x00000000f6985000)
 Metaspace       used 27439K, capacity 29386K, committed 29696K, reserved 1075200K
  class space    used 3424K, capacity 3755K, committed 3840K, reserved 1048576K
Event: 8.016 GC heap after
Heap after GC invocations=144 (full 1):
 def new generation   total 6336K, used 165K [0x00000000f0a00000, 0x00000000f10d0000, 0x00000000f5c00000)
  eden space 5696K,   0% used [0x00000000f0a00000, 0x00000000f0a00000, 0x00000000f0f90000)
  from space 640K,  25% used [0x00000000f1030000, 0x00000000f10597e0, 0x00000000f10d0000)
  to   space 640K,   0% used [0x00000000f0f90000, 0x00000000f0f90000, 0x00000000f1030000)
 tenured generation   total 13844K, used 13820K [0x00000000f5c00000, 0x00000000f6985000, 0x0000000100000000)
   the space 13844K,  99% used [0x00000000f5c00000, 0x00000000f697f068, 0x00000000f697f200, 0x00000000f6985000)
 Metaspace       used 27439K, capacity 29386K, committed 29696K, reserved 1075200K
  class space    used 3424K, capacity 3755K, committed 3840K, reserved 1048576K
}
Event: 8.027 GC heap before
{Heap before GC invocations=144 (full 1):
 def new generation   total 6336K, used 5861K [0x00000000f0a00000, 0x00000000f10d0000, 0x00000000f5c00000)
  eden space 5696K, 100% used [0x00000000f0a00000, 0x00000000f0f90000, 0x00000000f0f90000)
  from space 640K,  25% used [0x00000000f1030000, 0x00000000f10597e0, 0x00000000f10d0000)
  to   space 640K,   0% used [0x00000000f0f90000, 0x00000000f0f90000, 0x00000000f1030000)
 tenured generation   total 13844K, used 13820K [0x00000000f5c00000, 0x00000000f6985000, 0x0000000100000000)
   the space 13844K,  99% used [0x00000000f5c00000, 0x00000000f697f068, 0x00000000f697f200, 0x00000000f6985000)
 Metaspace       used 27441K, capacity 29386K, committed 29696K, reserved 1075200K
  class space    used 3424K, capacity 3755K, committed 3840K, reserved 1048576K
Event: 8.028 GC heap after
Heap after GC invocations=145 (full 1):
 def new generation   total 6336K, used 144K [0x00000000f0a00000, 0x00000000f10d0000, 0x00000000f5c00000)
  eden space 5696K,   0% used [0x00000000f0a00000, 0x00000000f0a00000, 0x00000000f0f90000)
  from space 640K,  22% used [0x00000000f0f90000, 0x00000000f0fb4260, 0x00000000f1030000)
  to   space 640K,   0% used [0x00000000f1030000, 0x00000000f1030000, 0x00000000f10d0000)
 tenured generation   total 13844K, used 13820K [0x00000000f5c00000, 0x00000000f6985000, 0x0000000100000000)
   the space 13844K,  99% used [0x00000000f5c00000, 0x00000000f697f068, 0x00000000f697f200, 0x00000000f6985000)
 Metaspace       used 27441K, capacity 29386K, committed 29696K, reserved 1075200K
  class space    used 3424K, capacity 3755K, committed 3840K, reserved 1048576K
}
Event: 8.068 GC heap before
{Heap before GC invocations=145 (full 1):
 def new generation   total 6336K, used 5840K [0x00000000f0a00000, 0x00000000f10d0000, 0x00000000f5c00000)
  eden space 5696K, 100% used [0x00000000f0a00000, 0x00000000f0f90000, 0x00000000f0f90000)
  from space 640K,  22% used [0x00000000f0f90000, 0x00000000f0fb4260, 0x00000000f1030000)
  to   space 640K,   0% used [0x00000000f1030000, 0x00000000f1030000, 0x00000000f10d0000)
 tenured generation   total 13844K, used 13820K [0x00000000f5c00000, 0x00000000f6985000, 0x0000000100000000)
   the space 13844K,  99% used [0x00000000f5c00000, 0x00000000f697f068, 0x00000000f697f200, 0x00000000f6985000)
 Metaspace       used 27480K, capacity 29454K, committed 29696K, reserved 1075200K
  class space    used 3427K, capacity 3757K, committed 3840K, reserved 1048576K
Event: 8.070 GC heap after
Heap after GC invocations=146 (full 1):
 def new generation   total 6336K, used 223K [0x00000000f0a00000, 0x00000000f10d0000, 0x00000000f5c00000)
  eden space 5696K,   0% used [0x00000000f0a00000, 0x00000000f0a00000, 0x00000000f0f90000)
  from space 640K,  34% used [0x00000000f1030000, 0x00000000f1067d90, 0x00000000f10d0000)
  to   space 640K,   0% used [0x00000000f0f90000, 0x00000000f0f90000, 0x00000000f1030000)
 tenured generation   total 13844K, used 13820K [0x00000000f5c00000, 0x00000000f6985000, 0x0000000100000000)
   the space 13844K,  99% used [0x00000000f5c00000, 0x00000000f697f068, 0x00000000f697f200, 0x00000000f6985000)
 Metaspace       used 27480K, capacity 29454K, committed 29696K, reserved 1075200K
  class space    used 3427K, capacity 3757K, committed 3840K, reserved 1048576K
}
Event: 8.152 GC heap before
{Heap before GC invocations=146 (full 1):
 def new generation   total 6336K, used 5919K [0x00000000f0a00000, 0x00000000f10d0000, 0x00000000f5c00000)
  eden space 5696K, 100% used [0x00000000f0a00000, 0x00000000f0f90000, 0x00000000f0f90000)
  from space 640K,  34% used [0x00000000f1030000, 0x00000000f1067d90, 0x00000000f10d0000)
  to   space 640K,   0% used [0x00000000f0f90000, 0x00000000f0f90000, 0x00000000f1030000)
 tenured generation   total 13844K, used 13820K [0x00000000f5c00000, 0x00000000f6985000, 0x0000000100000000)
   the space 13844K,  99% used [0x00000000f5c00000, 0x00000000f697f068, 0x00000000f697f200, 0x00000000f6985000)
 Metaspace       used 27589K, capacity 29570K, committed 29696K, reserved 1075200K
  class space    used 3447K, capacity 3795K, committed 3840K, reserved 1048576K
Event: 8.201 GC heap after
Heap after GC invocations=147 (full 2):
 def new generation   total 9792K, used 0K [0x00000000f0a00000, 0x00000000f14a0000, 0x00000000f5c00000)
  eden space 8704K,   0% used [0x00000000f0a00000, 0x00000000f0a00000, 0x00000000f1280000)
  from space 1088K,   0% used [0x00000000f1280000, 0x00000000f1280000, 0x00000000f1390000)
  to   space 1088K,   0% used [0x00000000f1390000, 0x00000000f1390000, 0x00000000f14a0000)
 tenured generation   total 21624K, used 12974K [0x00000000f5c00000, 0x00000000f711e000, 0x0000000100000000)
   the space 21624K,  59% used [0x00000000f5c00000, 0x00000000f68ab828, 0x00000000f68aba00, 0x00000000f711e000)
 Metaspace       used 27589K, capacity 29570K, committed 29696K, reserved 1075200K
  class space    used 3447K, capacity 3795K, committed 3840K, reserved 1048576K
}
Event: 8.312 GC heap before
{Heap before GC invocations=147 (full 2):
 def new generation   total 9792K, used 8704K [0x00000000f0a00000, 0x00000000f14a0000, 0x00000000f5c00000)
  eden space 8704K, 100% used [0x00000000f0a00000, 0x00000000f1280000, 0x00000000f1280000)
  from space 1088K,   0% used [0x00000000f1280000, 0x00000000f1280000, 0x00000000f1390000)
  to   space 1088K,   0% used [0x00000000f1390000, 0x00000000f1390000, 0x00000000f14a0000)
 tenured generation   total 21624K, used 12974K [0x00000000f5c00000, 0x00000000f711e000, 0x0000000100000000)
   the space 21624K,  59% used [0x00000000f5c00000, 0x00000000f68ab828, 0x00000000f68aba00, 0x00000000f711e000)
 Metaspace       used 27818K, capacity 29832K, committed 29952K, reserved 1075200K
  class space    used 3484K, capacity 3838K, committed 3840K, reserved 1048576K
Event: 8.316 GC heap after
Heap after GC invocations=148 (full 2):
 def new generation   total 9792K, used 924K [0x00000000f0a00000, 0x00000000f14a0000, 0x00000000f5c00000)
  eden space 8704K,   0% used [0x00000000f0a00000, 0x00000000f0a00000, 0x00000000f1280000)
  from space 1088K,  84% used [0x00000000f1390000, 0x00000000f1477300, 0x00000000f14a0000)
  to   space 1088K,   0% used [0x00000000f1280000, 0x00000000f1280000, 0x00000000f1390000)
 tenured generation   total 21624K, used 12974K [0x00000000f5c00000, 0x00000000f711e000, 0x0000000100000000)
   the space 21624K,  59% used [0x00000000f5c00000, 0x00000000f68ab828, 0x00000000f68aba00, 0x00000000f711e000)
 Metaspace       used 27818K, capacity 29832K, committed 29952K, reserved 1075200K
  class space    used 3484K, capacity 3838K, committed 3840K, reserved 1048576K
}
Event: 8.477 GC heap before
{Heap before GC invocations=148 (full 2):
 def new generation   total 9792K, used 9628K [0x00000000f0a00000, 0x00000000f14a0000, 0x00000000f5c00000)
  eden space 8704K, 100% used [0x00000000f0a00000, 0x00000000f1280000, 0x00000000f1280000)
  from space 1088K,  84% used [0x00000000f1390000, 0x00000000f1477300, 0x00000000f14a0000)
  to   space 1088K,   0% used [0x00000000f1280000, 0x00000000f1280000, 0x00000000f1390000)
 tenured generation   total 21624K, used 12974K [0x00000000f5c00000, 0x00000000f711e000, 0x0000000100000000)
   the space 21624K,  59% used [0x00000000f5c00000, 0x00000000f68ab828, 0x00000000f68aba00, 0x00000000f711e000)
 Metaspace       used 28338K, capacity 30368K, committed 30592K, reserved 1075200K
  class space    used 3557K, capacity 3908K, committed 3968K, reserved 1048576K
Event: 8.485 GC heap after
Heap after GC invocations=149 (full 2):
 def new generation   total 9792K, used 368K [0x00000000f0a00000, 0x00000000f14a0000, 0x00000000f5c00000)
  eden space 8704K,   0% used [0x00000000f0a00000, 0x00000000f0a00000, 0x00000000f1280000)
  from space 1088K,  33% used [0x00000000f1280000, 0x00000000f12dc260, 0x00000000f1390000)
  to   space 1088K,   0% used [0x00000000f1390000, 0x00000000f1390000, 0x00000000f14a0000)
 tenured generation   total 21624K, used 13097K [0x00000000f5c00000, 0x00000000f711e000, 0x0000000100000000)
   the space 21624K,  60% used [0x00000000f5c00000, 0x00000000f68ca738, 0x00000000f68ca800, 0x00000000f711e000)
 Metaspace       used 28338K, capacity 30368K, committed 30592K, reserved 1075200K
  class space    used 3557K, capacity 3908K, committed 3968K, reserved 1048576K
}
Event: 8.585 GC heap before
{Heap before GC invocations=149 (full 2):
 def new generation   total 9792K, used 9072K [0x00000000f0a00000, 0x00000000f14a0000, 0x00000000f5c00000)
  eden space 8704K, 100% used [0x00000000f0a00000, 0x00000000f1280000, 0x00000000f1280000)
  from space 1088K,  33% used [0x00000000f1280000, 0x00000000f12dc260, 0x00000000f1390000)
  to   space 1088K,   0% used [0x00000000f1390000, 0x00000000f1390000, 0x00000000f14a0000)
 tenured generation   total 21624K, used 13097K [0x00000000f5c00000, 0x00000000f711e000, 0x0000000100000000)
   the space 21624K,  60% used [0x00000000f5c00000, 0x00000000f68ca738, 0x00000000f68ca800, 0x00000000f711e000)
 Metaspace       used 28614K, capacity 30648K, committed 30976K, reserved 1077248K
  class space    used 3621K, capacity 3976K, committed 4096K, reserved 1048576K
Event: 8.588 GC heap after
Heap after GC invocations=150 (full 2):
 def new generation   total 9792K, used 428K [0x00000000f0a00000, 0x00000000f14a0000, 0x00000000f5c00000)
  eden space 8704K,   0% used [0x00000000f0a00000, 0x00000000f0a00000, 0x00000000f1280000)
  from space 1088K,  39% used [0x00000000f1390000, 0x00000000f13fb250, 0x00000000f14a0000)
  to   space 1088K,   0% used [0x00000000f1280000, 0x00000000f1280000, 0x00000000f1390000)
 tenured generation   total 21624K, used 13097K [0x00000000f5c00000, 0x00000000f711e000, 0x0000000100000000)
   the space 21624K,  60% used [0x00000000f5c00000, 0x00000000f68ca738, 0x00000000f68ca800, 0x00000000f711e000)
 Metaspace       used 28614K, capacity 30648K, committed 30976K, reserved 1077248K
  class space    used 3621K, capacity 3976K, committed 4096K, reserved 1048576K
}
Event: 8.718 GC heap before
{Heap before GC invocations=150 (full 2):
 def new generation   total 9792K, used 9132K [0x00000000f0a00000, 0x00000000f14a0000, 0x00000000f5c00000)
  eden space 8704K, 100% used [0x00000000f0a00000, 0x00000000f1280000, 0x00000000f1280000)
  from space 1088K,  39% used [0x00000000f1390000, 0x00000000f13fb250, 0x00000000f14a0000)
  to   space 1088K,   0% used [0x00000000f1280000, 0x00000000f1280000, 0x00000000f1390000)
 tenured generation   total 21624K, used 13097K [0x00000000f5c00000, 0x00000000f711e000, 0x0000000100000000)
   the space 21624K,  60% used [0x00000000f5c00000, 0x00000000f68ca738, 0x00000000f68ca800, 0x00000000f711e000)
 Metaspace       used 29228K, capacity 31294K, committed 31488K, reserved 1077248K
  class space    used 3680K, capacity 4041K, committed 4096K, reserved 1048576K
Event: 8.722 GC heap after
Heap after GC invocations=151 (full 2):
 def new generation   total 9792K, used 806K [0x00000000f0a00000, 0x00000000f14a0000, 0x00000000f5c00000)
  eden space 8704K,   0% used [0x00000000f0a00000, 0x00000000f0a00000, 0x00000000f1280000)
  from space 1088K,  74% used [0x00000000f1280000, 0x00000000f1349880, 0x00000000f1390000)
  to   space 1088K,   0% used [0x00000000f1390000, 0x00000000f1390000, 0x00000000f14a0000)
 tenured generation   total 21624K, used 13097K [0x00000000f5c00000, 0x00000000f711e000, 0x0000000100000000)
   the space 21624K,  60% used [0x00000000f5c00000, 0x00000000f68ca738, 0x00000000f68ca800, 0x00000000f711e000)
 Metaspace       used 29228K, capacity 31294K, committed 31488K, reserved 1077248K
  class space    used 3680K, capacity 4041K, committed 4096K, reserved 1048576K
}
Event: 8.829 GC heap before
{Heap before GC invocations=151 (full 2):
 def new generation   total 9792K, used 9510K [0x00000000f0a00000, 0x00000000f14a0000, 0x00000000f5c00000)
  eden space 8704K, 100% used [0x00000000f0a00000, 0x00000000f1280000, 0x00000000f1280000)
  from space 1088K,  74% used [0x00000000f1280000, 0x00000000f1349880, 0x00000000f1390000)
  to   space 1088K,   0% used [0x00000000f1390000, 0x00000000f1390000, 0x00000000f14a0000)
 tenured generation   total 21624K, used 13097K [0x00000000f5c00000, 0x00000000f711e000, 0x0000000100000000)
   the space 21624K,  60% used [0x00000000f5c00000, 0x00000000f68ca738, 0x00000000f68ca800, 0x00000000f711e000)
 Metaspace       used 29737K, capacity 31820K, committed 32128K, reserved 1077248K
  class space    used 3739K, capacity 4108K, committed 4224K, reserved 1048576K
Event: 8.836 GC heap after
Heap after GC invocations=152 (full 2):
 def new generation   total 9792K, used 435K [0x00000000f0a00000, 0x00000000f14a0000, 0x00000000f5c00000)
  eden space 8704K,   0% used [0x00000000f0a00000, 0x00000000f0a00000, 0x00000000f1280000)
  from space 1088K,  40% used [0x00000000f1390000, 0x00000000f13fcd10, 0x00000000f14a0000)
  to   space 1088K,   0% used [0x00000000f1280000, 0x00000000f1280000, 0x00000000f1390000)
 tenured generation   total 21624K, used 13420K [0x00000000f5c00000, 0x00000000f711e000, 0x0000000100000000)
   the space 21624K,  62% used [0x00000000f5c00000, 0x00000000f691b078, 0x00000000f691b200, 0x00000000f711e000)
 Metaspace       used 29737K, capacity 31820K, committed 32128K, reserved 1077248K
  class space    used 3739K, capacity 4108K, committed 4224K, reserved 1048576K
}
Event: 8.904 GC heap before
{Heap before GC invocations=152 (full 2):
 def new generation   total 9792K, used 9139K [0x00000000f0a00000, 0x00000000f14a0000, 0x00000000f5c00000)
  eden space 8704K, 100% used [0x00000000f0a00000, 0x00000000f1280000, 0x00000000f1280000)
  from space 1088K,  40% used [0x00000000f1390000, 0x00000000f13fcd10, 0x00000000f14a0000)
  to   space 1088K,   0% used [0x00000000f1280000, 0x00000000f1280000, 0x00000000f1390000)
 tenured generation   total 21624K, used 13420K [0x00000000f5c00000, 0x00000000f711e000, 0x0000000100000000)
   the space 21624K,  62% used [0x00000000f5c00000, 0x00000000f691b078, 0x00000000f691b200, 0x00000000f711e000)
 Metaspace       used 29900K, capacity 31948K, committed 32128K, reserved 1077248K
  class space    used 3767K, capacity 4108K, committed 4224K, reserved 1048576K
Event: 8.906 GC heap after
Heap after GC invocations=153 (full 2):
 def new generation   total 9792K, used 468K [0x00000000f0a00000, 0x00000000f14a0000, 0x00000000f5c00000)
  eden space 8704K,   0% used [0x00000000f0a00000, 0x00000000f0a00000, 0x00000000f1280000)
  from space 1088K,  43% used [0x00000000f1280000, 0x00000000f12f5200, 0x00000000f1390000)
  to   space 1088K,   0% used [0x00000000f1390000, 0x00000000f1390000, 0x00000000f14a0000)
 tenured generation   total 21624K, used 13420K [0x00000000f5c00000, 0x00000000f711e000, 0x0000000100000000)
   the space 21624K,  62% used [0x00000000f5c00000, 0x00000000f691b078, 0x00000000f691b200, 0x00000000f711e000)
 Metaspace       used 29900K, capacity 31948K, committed 32128K, reserved 1077248K
  class space    used 3767K, capacity 4108K, committed 4224K, reserved 1048576K
}
Event: 9.053 GC heap before
{Heap before GC invocations=153 (full 2):
 def new generation   total 9792K, used 9158K [0x00000000f0a00000, 0x00000000f14a0000, 0x00000000f5c00000)
  eden space 8704K,  99% used [0x00000000f0a00000, 0x00000000f127c8f8, 0x00000000f1280000)
  from space 1088K,  43% used [0x00000000f1280000, 0x00000000f12f5200, 0x00000000f1390000)
  to   space 1088K,   0% used [0x00000000f1390000, 0x00000000f1390000, 0x00000000f14a0000)
 tenured generation   total 21624K, used 13420K [0x00000000f5c00000, 0x00000000f711e000, 0x0000000100000000)
   the space 21624K,  62% used [0x00000000f5c00000, 0x00000000f691b078, 0x00000000f691b200, 0x00000000f711e000)
 Metaspace       used 30666K, capacity 32718K, committed 33024K, reserved 1077248K
  class space    used 3898K, capacity 4237K, committed 4352K, reserved 1048576K
Event: 9.056 GC heap after
Heap after GC invocations=154 (full 2):
 def new generation   total 9792K, used 673K [0x00000000f0a00000, 0x00000000f14a0000, 0x00000000f5c00000)
  eden space 8704K,   0% used [0x00000000f0a00000, 0x00000000f0a00000, 0x00000000f1280000)
  from space 1088K,  61% used [0x00000000f1390000, 0x00000000f14387b8, 0x00000000f14a0000)
  to   space 1088K,   0% used [0x00000000f1280000, 0x00000000f1280000, 0x00000000f1390000)
 tenured generation   total 21624K, used 13420K [0x00000000f5c00000, 0x00000000f711e000, 0x0000000100000000)
   the space 21624K,  62% used [0x00000000f5c00000, 0x00000000f691b078, 0x00000000f691b200, 0x00000000f711e000)
 Metaspace       used 30666K, capacity 32718K, committed 33024K, reserved 1077248K
  class space    used 3898K, capacity 4237K, committed 4352K, reserved 1048576K
}
Event: 9.161 GC heap before
{Heap before GC invocations=154 (full 2):
 def new generation   total 9792K, used 9377K [0x00000000f0a00000, 0x00000000f14a0000, 0x00000000f5c00000)
  eden space 8704K, 100% used [0x00000000f0a00000, 0x00000000f1280000, 0x00000000f1280000)
  from space 1088K,  61% used [0x00000000f1390000, 0x00000000f14387b8, 0x00000000f14a0000)
  to   space 1088K,   0% used [0x00000000f1280000, 0x00000000f1280000, 0x00000000f1390000)
 tenured generation   total 21624K, used 13420K [0x00000000f5c00000, 0x00000000f711e000, 0x0000000100000000)
   the space 21624K,  62% used [0x00000000f5c00000, 0x00000000f691b078, 0x00000000f691b200, 0x00000000f711e000)
 Metaspace       used 31247K, capacity 33342K, committed 33664K, reserved 1079296K
  class space    used 4023K, capacity 4373K, committed 4480K, reserved 1048576K
Event: 9.164 GC heap after
Heap after GC invocations=155 (full 2):
 def new generation   total 9792K, used 518K [0x00000000f0a00000, 0x00000000f14a0000, 0x00000000f5c00000)
  eden space 8704K,   0% used [0x00000000f0a00000, 0x00000000f0a00000, 0x00000000f1280000)
  from space 1088K,  47% used [0x00000000f1280000, 0x00000000f1301b70, 0x00000000f1390000)
  to   space 1088K,   0% used [0x00000000f1390000, 0x00000000f1390000, 0x00000000f14a0000)
 tenured generation   total 21624K, used 13626K [0x00000000f5c00000, 0x00000000f711e000, 0x0000000100000000)
   the space 21624K,  63% used [0x00000000f5c00000, 0x00000000f694ea58, 0x00000000f694ec00, 0x00000000f711e000)
 Metaspace       used 31247K, capacity 33342K, committed 33664K, reserved 1079296K
  class space    used 4023K, capacity 4373K, committed 4480K, reserved 1048576K
}
Event: 9.263 GC heap before
{Heap before GC invocations=155 (full 2):
 def new generation   total 9792K, used 9222K [0x00000000f0a00000, 0x00000000f14a0000, 0x00000000f5c00000)
  eden space 8704K, 100% used [0x00000000f0a00000, 0x00000000f1280000, 0x00000000f1280000)
  from space 1088K,  47% used [0x00000000f1280000, 0x00000000f1301b70, 0x00000000f1390000)
  to   space 1088K,   0% used [0x00000000f1390000, 0x00000000f1390000, 0x00000000f14a0000)
 tenured generation   total 21624K, used 13626K [0x00000000f5c00000, 0x00000000f711e000, 0x0000000100000000)
   the space 21624K,  63% used [0x00000000f5c00000, 0x00000000f694ea58, 0x00000000f694ec00, 0x00000000f711e000)
 Metaspace       used 31654K, capacity 33744K, committed 33920K, reserved 1079296K
  class space    used 4082K, capacity 4440K, committed 4480K, reserved 1048576K
Event: 9.266 GC heap after
Heap after GC invocations=156 (full 2):
 def new generation   total 9792K, used 745K [0x00000000f0a00000, 0x00000000f14a0000, 0x00000000f5c00000)
  eden space 8704K,   0% used [0x00000000f0a00000, 0x00000000f0a00000, 0x00000000f1280000)
  from space 1088K,  68% used [0x00000000f1390000, 0x00000000f144a460, 0x00000000f14a0000)
  to   space 1088K,   0% used [0x00000000f1280000, 0x00000000f1280000, 0x00000000f1390000)
 tenured generation   total 21624K, used 13626K [0x00000000f5c00000, 0x00000000f711e000, 0x0000000100000000)
   the space 21624K,  63% used [0x00000000f5c00000, 0x00000000f694ea58, 0x00000000f694ec00, 0x00000000f711e000)
 Metaspace       used 31654K, capacity 33744K, committed 33920K, reserved 1079296K
  class space    used 4082K, capacity 4440K, committed 4480K, reserved 1048576K
}
Event: 9.400 GC heap before
{Heap before GC invocations=156 (full 2):
 def new generation   total 9792K, used 9449K [0x00000000f0a00000, 0x00000000f14a0000, 0x00000000f5c00000)
  eden space 8704K, 100% used [0x00000000f0a00000, 0x00000000f1280000, 0x00000000f1280000)
  from space 1088K,  68% used [0x00000000f1390000, 0x00000000f144a460, 0x00000000f14a0000)
  to   space 1088K,   0% used [0x00000000f1280000, 0x00000000f1280000, 0x00000000f1390000)
 tenured generation   total 21624K, used 13626K [0x00000000f5c00000, 0x00000000f711e000, 0x0000000100000000)
   the space 21624K,  63% used [0x00000000f5c00000, 0x00000000f694ea58, 0x00000000f694ec00, 0x00000000f711e000)
 Metaspace       used 32290K, capacity 34434K, committed 34560K, reserved 1079296K
  class space    used 4231K, capacity 4603K, committed 4608K, reserved 1048576K
Event: 9.404 GC heap after
Heap after GC invocations=157 (full 2):
 def new generation   total 9792K, used 506K [0x00000000f0a00000, 0x00000000f14a0000, 0x00000000f5c00000)
  eden space 8704K,   0% used [0x00000000f0a00000, 0x00000000f0a00000, 0x00000000f1280000)
  from space 1088K,  46% used [0x00000000f1280000, 0x00000000f12fea58, 0x00000000f1390000)
  to   space 1088K,   0% used [0x00000000f1390000, 0x00000000f1390000, 0x00000000f14a0000)
 tenured generation   total 21624K, used 13880K [0x00000000f5c00000, 0x00000000f711e000, 0x0000000100000000)
   the space 21624K,  64% used [0x00000000f5c00000, 0x00000000f698e160, 0x00000000f698e200, 0x00000000f711e000)
 Metaspace       used 32290K, capacity 34434K, committed 34560K, reserved 1079296K
  class space    used 4231K, capacity 4603K, committed 4608K, reserved 1048576K
}
Event: 9.499 GC heap before
{Heap before GC invocations=157 (full 2):
 def new generation   total 9792K, used 9210K [0x00000000f0a00000, 0x00000000f14a0000, 0x00000000f5c00000)
  eden space 8704K, 100% used [0x00000000f0a00000, 0x00000000f1280000, 0x00000000f1280000)
  from space 1088K,  46% used [0x00000000f1280000, 0x00000000f12fea58, 0x00000000f1390000)
  to   space 1088K,   0% used [0x00000000f1390000, 0x00000000f1390000, 0x00000000f14a0000)
 tenured generation   total 21624K, used 13880K [0x00000000f5c00000, 0x00000000f711e000, 0x0000000100000000)
   the space 21624K,  64% used [0x00000000f5c00000, 0x00000000f698e160, 0x00000000f698e200, 0x00000000f711e000)
 Metaspace       used 32989K, capacity 35068K, committed 35200K, reserved 1079296K
  class space    used 4366K, capacity 4708K, committed 4736K, reserved 1048576K
Event: 9.502 GC heap after
Heap after GC invocations=158 (full 2):
 def new generation   total 9792K, used 638K [0x00000000f0a00000, 0x00000000f14a0000, 0x00000000f5c00000)
  eden space 8704K,   0% used [0x00000000f0a00000, 0x00000000f0a00000, 0x00000000f1280000)
  from space 1088K,  58% used [0x00000000f1390000, 0x00000000f142fa30, 0x00000000f14a0000)
  to   space 1088K,   0% used [0x00000000f1280000, 0x00000000f1280000, 0x00000000f1390000)
 tenured generation   total 21624K, used 13880K [0x00000000f5c00000, 0x00000000f711e000, 0x0000000100000000)
   the space 21624K,  64% used [0x00000000f5c00000, 0x00000000f698e160, 0x00000000f698e200, 0x00000000f711e000)
 Metaspace       used 32989K, capacity 35068K, committed 35200K, reserved 1079296K
  class space    used 4366K, capacity 4708K, committed 4736K, reserved 1048576K
}
Event: 9.595 GC heap before
{Heap before GC invocations=158 (full 2):
 def new generation   total 9792K, used 9342K [0x00000000f0a00000, 0x00000000f14a0000, 0x00000000f5c00000)
  eden space 8704K, 100% used [0x00000000f0a00000, 0x00000000f1280000, 0x00000000f1280000)
  from space 1088K,  58% used [0x00000000f1390000, 0x00000000f142fa30, 0x00000000f14a0000)
  to   space 1088K,   0% used [0x00000000f1280000, 0x00000000f1280000, 0x00000000f1390000)
 tenured generation   total 21624K, used 13880K [0x00000000f5c00000, 0x00000000f711e000, 0x0000000100000000)
   the space 21624K,  64% used [0x00000000f5c00000, 0x00000000f698e160, 0x00000000f698e200, 0x00000000f711e000)
 Metaspace       used 33604K, capacity 35704K, committed 35840K, reserved 1081344K
  class space    used 4443K, capacity 4812K, committed 4864K, reserved 1048576K
Event: 9.599 GC heap after
Heap after GC invocations=159 (full 2):
 def new generation   total 9792K, used 714K [0x00000000f0a00000, 0x00000000f14a0000, 0x00000000f5c00000)
  eden space 8704K,   0% used [0x00000000f0a00000, 0x00000000f0a00000, 0x00000000f1280000)
  from space 1088K,  65% used [0x00000000f1280000, 0x00000000f1332aa0, 0x00000000f1390000)
  to   space 1088K,   0% used [0x00000000f1390000, 0x00000000f1390000, 0x00000000f14a0000)
 tenured generation   total 21624K, used 14011K [0x00000000f5c00000, 0x00000000f711e000, 0x0000000100000000)
   the space 21624K,  64% used [0x00000000f5c00000, 0x00000000f69aefc0, 0x00000000f69af000, 0x00000000f711e000)
 Metaspace       used 33604K, capacity 35704K, committed 35840K, reserved 1081344K
  class space    used 4443K, capacity 4812K, committed 4864K, reserved 1048576K
}
Event: 9.693 GC heap before
{Heap before GC invocations=159 (full 2):
 def new generation   total 9792K, used 9418K [0x00000000f0a00000, 0x00000000f14a0000, 0x00000000f5c00000)
  eden space 8704K, 100% used [0x00000000f0a00000, 0x00000000f1280000, 0x00000000f1280000)
  from space 1088K,  65% used [0x00000000f1280000, 0x00000000f1332aa0, 0x00000000f1390000)
  to   space 1088K,   0% used [0x00000000f1390000, 0x00000000f1390000, 0x00000000f14a0000)
 tenured generation   total 21624K, used 14011K [0x00000000f5c00000, 0x00000000f711e000, 0x0000000100000000)
   the space 21624K,  64% used [0x00000000f5c00000, 0x00000000f69aefc0, 0x00000000f69af000, 0x00000000f711e000)
 Metaspace       used 34214K, capacity 36354K, committed 36608K, reserved 1081344K
  class space    used 4495K, capacity 4851K, committed 4864K, reserved 1048576K
Event: 9.697 GC heap after
Heap after GC invocations=160 (full 2):
 def new generation   total 9792K, used 864K [0x00000000f0a00000, 0x00000000f14a0000, 0x00000000f5c00000)
  eden space 8704K,   0% used [0x00000000f0a00000, 0x00000000f0a00000, 0x00000000f1280000)
  from space 1088K,  79% used [0x00000000f1390000, 0x00000000f14682e0, 0x00000000f14a0000)
  to   space 1088K,   0% used [0x00000000f1280000, 0x00000000f1280000, 0x00000000f1390000)
 tenured generation   total 21624K, used 14214K [0x00000000f5c00000, 0x00000000f711e000, 0x0000000100000000)
   the space 21624K,  65% used [0x00000000f5c00000, 0x00000000f69e1a98, 0x00000000f69e1c00, 0x00000000f711e000)
 Metaspace       used 34214K, capacity 36354K, committed 36608K, reserved 1081344K
  class space    used 4495K, capacity 4851K, committed 4864K, reserved 1048576K
}
Event: 9.839 GC heap before
{Heap before GC invocations=160 (full 2):
 def new generation   total 9792K, used 9568K [0x00000000f0a00000, 0x00000000f14a0000, 0x00000000f5c00000)
  eden space 8704K, 100% used [0x00000000f0a00000, 0x00000000f1280000, 0x00000000f1280000)
  from space 1088K,  79% used [0x00000000f1390000, 0x00000000f14682e0, 0x00000000f14a0000)
  to   space 1088K,   0% used [0x00000000f1280000, 0x00000000f1280000, 0x00000000f1390000)
 tenured generation   total 21624K, used 14214K [0x00000000f5c00000, 0x00000000f711e000, 0x0000000100000000)
   the space 21624K,  65% used [0x00000000f5c00000, 0x00000000f69e1a98, 0x00000000f69e1c00, 0x00000000f711e000)
 Metaspace       used 35074K, capacity 37224K, committed 37504K, reserved 1081344K
  class space    used 4577K, capacity 4948K, committed 4992K, reserved 1048576K
Event: 9.843 GC heap after
Heap after GC invocations=161 (full 2):
 def new generation   total 9792K, used 326K [0x00000000f0a00000, 0x00000000f14a0000, 0x00000000f5c00000)
  eden space 8704K,   0% used [0x00000000f0a00000, 0x00000000f0a00000, 0x00000000f1280000)
  from space 1088K,  29% used [0x00000000f1280000, 0x00000000f12d1990, 0x00000000f1390000)
  to   space 1088K,   0% used [0x00000000f1390000, 0x00000000f1390000, 0x00000000f14a0000)
 tenured generation   total 21624K, used 14932K [0x00000000f5c00000, 0x00000000f711e000, 0x0000000100000000)
   the space 21624K,  69% used [0x00000000f5c00000, 0x00000000f6a950b0, 0x00000000f6a95200, 0x00000000f711e000)
 Metaspace       used 35074K, capacity 37224K, committed 37504K, reserved 1081344K
  class space    used 4577K, capacity 4948K, committed 4992K, reserved 1048576K
}
Event: 10.029 GC heap before
{Heap before GC invocations=161 (full 2):
 def new generation   total 9792K, used 9028K [0x00000000f0a00000, 0x00000000f14a0000, 0x00000000f5c00000)
  eden space 8704K,  99% used [0x00000000f0a00000, 0x00000000f127f7f0, 0x00000000f1280000)
  from space 1088K,  29% used [0x00000000f1280000, 0x00000000f12d1990, 0x00000000f1390000)
  to   space 1088K,   0% used [0x00000000f1390000, 0x00000000f1390000, 0x00000000f14a0000)
 tenured generation   total 21624K, used 14932K [0x00000000f5c00000, 0x00000000f711e000, 0x0000000100000000)
   the space 21624K,  69% used [0x00000000f5c00000, 0x00000000f6a950b0, 0x00000000f6a95200, 0x00000000f711e000)
 Metaspace       used 35686K, capacity 37860K, committed 38144K, reserved 1083392K
  class space    used 4664K, capacity 5051K, committed 5120K, reserved 1048576K
Event: 10.033 GC heap after
Heap after GC invocations=162 (full 2):
 def new generation   total 9792K, used 1088K [0x00000000f0a00000, 0x00000000f14a0000, 0x00000000f5c00000)
  eden space 8704K,   0% used [0x00000000f0a00000, 0x00000000f0a00000, 0x00000000f1280000)
  from space 1088K, 100% used [0x00000000f1390000, 0x00000000f14a0000, 0x00000000f14a0000)
  to   space 1088K,   0% used [0x00000000f1280000, 0x00000000f1280000, 0x00000000f1390000)
 tenured generation   total 21624K, used 15522K [0x00000000f5c00000, 0x00000000f711e000, 0x0000000100000000)
   the space 21624K,  71% used [0x00000000f5c00000, 0x00000000f6b28910, 0x00000000f6b28a00, 0x00000000f711e000)
 Metaspace       used 35686K, capacity 37860K, committed 38144K, reserved 1083392K
  class space    used 4664K, capacity 5051K, committed 5120K, reserved 1048576K
}
Event: 10.192 GC heap before
{Heap before GC invocations=162 (full 2):
 def new generation   total 9792K, used 9792K [0x00000000f0a00000, 0x00000000f14a0000, 0x00000000f5c00000)
  eden space 8704K, 100% used [0x00000000f0a00000, 0x00000000f1280000, 0x00000000f1280000)
  from space 1088K, 100% used [0x00000000f1390000, 0x00000000f14a0000, 0x00000000f14a0000)
  to   space 1088K,   0% used [0x00000000f1280000, 0x00000000f1280000, 0x00000000f1390000)
 tenured generation   total 21624K, used 15522K [0x00000000f5c00000, 0x00000000f711e000, 0x0000000100000000)
   the space 21624K,  71% used [0x00000000f5c00000, 0x00000000f6b28910, 0x00000000f6b28a00, 0x00000000f711e000)
 Metaspace       used 36546K, capacity 38764K, committed 39040K, reserved 1083392K
  class space    used 4830K, capacity 5181K, committed 5248K, reserved 1048576K
Event: 10.197 GC heap after
Heap after GC invocations=163 (full 2):
 def new generation   total 9792K, used 389K [0x00000000f0a00000, 0x00000000f14a0000, 0x00000000f5c00000)
  eden space 8704K,   0% used [0x00000000f0a00000, 0x00000000f0a00000, 0x00000000f1280000)
  from space 1088K,  35% used [0x00000000f1280000, 0x00000000f12e1640, 0x00000000f1390000)
  to   space 1088K,   0% used [0x00000000f1390000, 0x00000000f1390000, 0x00000000f14a0000)
 tenured generation   total 21624K, used 16589K [0x00000000f5c00000, 0x00000000f711e000, 0x0000000100000000)
   the space 21624K,  76% used [0x00000000f5c00000, 0x00000000f6c33450, 0x00000000f6c33600, 0x00000000f711e000)
 Metaspace       used 36546K, capacity 38764K, committed 39040K, reserved 1083392K
  class space    used 4830K, capacity 5181K, committed 5248K, reserved 1048576K
}
Event: 10.366 GC heap before
{Heap before GC invocations=163 (full 2):
 def new generation   total 9792K, used 9093K [0x00000000f0a00000, 0x00000000f14a0000, 0x00000000f5c00000)
  eden space 8704K, 100% used [0x00000000f0a00000, 0x00000000f1280000, 0x00000000f1280000)
  from space 1088K,  35% used [0x00000000f1280000, 0x00000000f12e1640, 0x00000000f1390000)
  to   space 1088K,   0% used [0x00000000f1390000, 0x00000000f1390000, 0x00000000f14a0000)
 tenured generation   total 21624K, used 16589K [0x00000000f5c00000, 0x00000000f711e000, 0x0000000100000000)
   the space 21624K,  76% used [0x00000000f5c00000, 0x00000000f6c33450, 0x00000000f6c33600, 0x00000000f711e000)
 Metaspace       used 37141K, capacity 39350K, committed 39552K, reserved 1083392K
  class space    used 4896K, capacity 5246K, committed 5248K, reserved 1048576K
Event: 10.369 GC heap after
Heap after GC invocations=164 (full 2):
 def new generation   total 9792K, used 973K [0x00000000f0a00000, 0x00000000f14a0000, 0x00000000f5c00000)
  eden space 8704K,   0% used [0x00000000f0a00000, 0x00000000f0a00000, 0x00000000f1280000)
  from space 1088K,  89% used [0x00000000f1390000, 0x00000000f14836d0, 0x00000000f14a0000)
  to   space 1088K,   0% used [0x00000000f1280000, 0x00000000f1280000, 0x00000000f1390000)
 tenured generation   total 21624K, used 16589K [0x00000000f5c00000, 0x00000000f711e000, 0x0000000100000000)
   the space 21624K,  76% used [0x00000000f5c00000, 0x00000000f6c33450, 0x00000000f6c33600, 0x00000000f711e000)
 Metaspace       used 37141K, capacity 39350K, committed 39552K, reserved 1083392K
  class space    used 4896K, capacity 5246K, committed 5248K, reserved 1048576K
}
Event: 10.482 GC heap before
{Heap before GC invocations=164 (full 2):
 def new generation   total 9792K, used 9589K [0x00000000f0a00000, 0x00000000f14a0000, 0x00000000f5c00000)
  eden space 8704K,  98% used [0x00000000f0a00000, 0x00000000f1269f98, 0x00000000f1280000)
  from space 1088K,  89% used [0x00000000f1390000, 0x00000000f14836d0, 0x00000000f14a0000)
  to   space 1088K,   0% used [0x00000000f1280000, 0x00000000f1280000, 0x00000000f1390000)
 tenured generation   total 21624K, used 16589K [0x00000000f5c00000, 0x00000000f711e000, 0x0000000100000000)
   the space 21624K,  76% used [0x00000000f5c00000, 0x00000000f6c33450, 0x00000000f6c33600, 0x00000000f711e000)
 Metaspace       used 37807K, capacity 39980K, committed 40192K, reserved 1083392K
  class space    used 4997K, capacity 5347K, committed 5376K, reserved 1048576K
Event: 10.486 GC heap after
Heap after GC invocations=165 (full 2):
 def new generation   total 9792K, used 266K [0x00000000f0a00000, 0x00000000f14a0000, 0x00000000f5c00000)
  eden space 8704K,   0% used [0x00000000f0a00000, 0x00000000f0a00000, 0x00000000f1280000)
  from space 1088K,  24% used [0x00000000f1280000, 0x00000000f12c2990, 0x00000000f1390000)
  to   space 1088K,   0% used [0x00000000f1390000, 0x00000000f1390000, 0x00000000f14a0000)
 tenured generation   total 21624K, used 17484K [0x00000000f5c00000, 0x00000000f711e000, 0x0000000100000000)
   the space 21624K,  80% used [0x00000000f5c00000, 0x00000000f6d13108, 0x00000000f6d13200, 0x00000000f711e000)
 Metaspace       used 37807K, capacity 39980K, committed 40192K, reserved 1083392K
  class space    used 4997K, capacity 5347K, committed 5376K, reserved 1048576K
}
Event: 10.544 GC heap before
{Heap before GC invocations=165 (full 2):
 def new generation   total 9792K, used 8970K [0x00000000f0a00000, 0x00000000f14a0000, 0x00000000f5c00000)
  eden space 8704K, 100% used [0x00000000f0a00000, 0x00000000f1280000, 0x00000000f1280000)
  from space 1088K,  24% used [0x00000000f1280000, 0x00000000f12c2990, 0x00000000f1390000)
  to   space 1088K,   0% used [0x00000000f1390000, 0x00000000f1390000, 0x00000000f14a0000)
 tenured generation   total 21624K, used 17484K [0x00000000f5c00000, 0x00000000f711e000, 0x0000000100000000)
   the space 21624K,  80% used [0x00000000f5c00000, 0x00000000f6d13108, 0x00000000f6d13200, 0x00000000f711e000)
 Metaspace       used 38273K, capacity 40492K, committed 40832K, reserved 1085440K
  class space    used 5049K, capacity 5411K, committed 5504K, reserved 1048576K
Event: 10.547 GC heap after
Heap after GC invocations=166 (full 2):
 def new generation   total 9792K, used 234K [0x00000000f0a00000, 0x00000000f14a0000, 0x00000000f5c00000)
  eden space 8704K,   0% used [0x00000000f0a00000, 0x00000000f0a00000, 0x00000000f1280000)
  from space 1088K,  21% used [0x00000000f1390000, 0x00000000f13ca920, 0x00000000f14a0000)
  to   space 1088K,   0% used [0x00000000f1280000, 0x00000000f1280000, 0x00000000f1390000)
 tenured generation   total 21624K, used 17484K [0x00000000f5c00000, 0x00000000f711e000, 0x0000000100000000)
   the space 21624K,  80% used [0x00000000f5c00000, 0x00000000f6d13108, 0x00000000f6d13200, 0x00000000f711e000)
 Metaspace       used 38273K, capacity 40492K, committed 40832K, reserved 1085440K
  class space    used 5049K, capacity 5411K, committed 5504K, reserved 1048576K
}
Event: 10.700 GC heap before
{Heap before GC invocations=166 (full 2):
 def new generation   total 9792K, used 8938K [0x00000000f0a00000, 0x00000000f14a0000, 0x00000000f5c00000)
  eden space 8704K, 100% used [0x00000000f0a00000, 0x00000000f1280000, 0x00000000f1280000)
  from space 1088K,  21% used [0x00000000f1390000, 0x00000000f13ca920, 0x00000000f14a0000)
  to   space 1088K,   0% used [0x00000000f1280000, 0x00000000f1280000, 0x00000000f1390000)
 tenured generation   total 21624K, used 17484K [0x00000000f5c00000, 0x00000000f711e000, 0x0000000100000000)
   the space 21624K,  80% used [0x00000000f5c00000, 0x00000000f6d13108, 0x00000000f6d13200, 0x00000000f711e000)
 Metaspace       used 38681K, capacity 40894K, committed 41088K, reserved 1085440K
  class space    used 5123K, capacity 5478K, committed 5504K, reserved 1048576K
Event: 10.704 GC heap after
Heap after GC invocations=167 (full 2):
 def new generation   total 9792K, used 539K [0x00000000f0a00000, 0x00000000f14a0000, 0x00000000f5c00000)
  eden space 8704K,   0% used [0x00000000f0a00000, 0x00000000f0a00000, 0x00000000f1280000)
  from space 1088K,  49% used [0x00000000f1280000, 0x00000000f1306cf8, 0x00000000f1390000)
  to   space 1088K,   0% used [0x00000000f1390000, 0x00000000f1390000, 0x00000000f14a0000)
 tenured generation   total 21624K, used 17484K [0x00000000f5c00000, 0x00000000f711e000, 0x0000000100000000)
   the space 21624K,  80% used [0x00000000f5c00000, 0x00000000f6d13108, 0x00000000f6d13200, 0x00000000f711e000)
 Metaspace       used 38681K, capacity 40894K, committed 41088K, reserved 1085440K
  class space    used 5123K, capacity 5478K, committed 5504K, reserved 1048576K
}
Event: 10.825 GC heap before
{Heap before GC invocations=167 (full 2):
 def new generation   total 9792K, used 9243K [0x00000000f0a00000, 0x00000000f14a0000, 0x00000000f5c00000)
  eden space 8704K, 100% used [0x00000000f0a00000, 0x00000000f1280000, 0x00000000f1280000)
  from space 1088K,  49% used [0x00000000f1280000, 0x00000000f1306cf8, 0x00000000f1390000)
  to   space 1088K,   0% used [0x00000000f1390000, 0x00000000f1390000, 0x00000000f14a0000)
 tenured generation   total 21624K, used 17484K [0x00000000f5c00000, 0x00000000f711e000, 0x0000000100000000)
   the space 21624K,  80% used [0x00000000f5c00000, 0x00000000f6d13108, 0x00000000f6d13200, 0x00000000f711e000)
 Metaspace       used 39266K, capacity 41470K, committed 41728K, reserved 1085440K
  class space    used 5188K, capacity 5542K, committed 5632K, reserved 1048576K
Event: 10.829 GC heap after
Heap after GC invocations=168 (full 2):
 def new generation   total 9792K, used 548K [0x00000000f0a00000, 0x00000000f14a0000, 0x00000000f5c00000)
  eden space 8704K,   0% used [0x00000000f0a00000, 0x00000000f0a00000, 0x00000000f1280000)
  from space 1088K,  50% used [0x00000000f1390000, 0x00000000f14191e8, 0x00000000f14a0000)
  to   space 1088K,   0% used [0x00000000f1280000, 0x00000000f1280000, 0x00000000f1390000)
 tenured generation   total 21624K, used 17484K [0x00000000f5c00000, 0x00000000f711e000, 0x0000000100000000)
   the space 21624K,  80% used [0x00000000f5c00000, 0x00000000f6d13108, 0x00000000f6d13200, 0x00000000f711e000)
 Metaspace       used 39266K, capacity 41470K, committed 41728K, reserved 1085440K
  class space    used 5188K, capacity 5542K, committed 5632K, reserved 1048576K
}
Event: 10.924 GC heap before
{Heap before GC invocations=168 (full 2):
 def new generation   total 9792K, used 9252K [0x00000000f0a00000, 0x00000000f14a0000, 0x00000000f5c00000)
  eden space 8704K, 100% used [0x00000000f0a00000, 0x00000000f1280000, 0x00000000f1280000)
  from space 1088K,  50% used [0x00000000f1390000, 0x00000000f14191e8, 0x00000000f14a0000)
  to   space 1088K,   0% used [0x00000000f1280000, 0x00000000f1280000, 0x00000000f1390000)
 tenured generation   total 21624K, used 17484K [0x00000000f5c00000, 0x00000000f711e000, 0x0000000100000000)
   the space 21624K,  80% used [0x00000000f5c00000, 0x00000000f6d13108, 0x00000000f6d13200, 0x00000000f711e000)
 Metaspace       used 39812K, capacity 42050K, committed 42240K, reserved 1085440K
  class space    used 5253K, capacity 5608K, committed 5632K, reserved 1048576K
Event: 10.928 GC heap after
Heap after GC invocations=169 (full 2):
 def new generation   total 9792K, used 554K [0x00000000f0a00000, 0x00000000f14a0000, 0x00000000f5c00000)
  eden space 8704K,   0% used [0x00000000f0a00000, 0x00000000f0a00000, 0x00000000f1280000)
  from space 1088K,  50% used [0x00000000f1280000, 0x00000000f130ab08, 0x00000000f1390000)
  to   space 1088K,   0% used [0x00000000f1390000, 0x00000000f1390000, 0x00000000f14a0000)
 tenured generation   total 21624K, used 17584K [0x00000000f5c00000, 0x00000000f711e000, 0x0000000100000000)
   the space 21624K,  81% used [0x00000000f5c00000, 0x00000000f6d2c230, 0x00000000f6d2c400, 0x00000000f711e000)
 Metaspace       used 39812K, capacity 42050K, committed 42240K, reserved 1085440K
  class space    used 5253K, capacity 5608K, committed 5632K, reserved 1048576K
}
Event: 10.959 GC heap before
{Heap before GC invocations=169 (full 2):
 def new generation   total 9792K, used 9258K [0x00000000f0a00000, 0x00000000f14a0000, 0x00000000f5c00000)
  eden space 8704K, 100% used [0x00000000f0a00000, 0x00000000f1280000, 0x00000000f1280000)
  from space 1088K,  50% used [0x00000000f1280000, 0x00000000f130ab08, 0x00000000f1390000)
  to   space 1088K,   0% used [0x00000000f1390000, 0x00000000f1390000, 0x00000000f14a0000)
 tenured generation   total 21624K, used 17584K [0x00000000f5c00000, 0x00000000f711e000, 0x0000000100000000)
   the space 21624K,  81% used [0x00000000f5c00000, 0x00000000f6d2c230, 0x00000000f6d2c400, 0x00000000f711e000)
 Metaspace       used 40005K, capacity 42216K, committed 42624K, reserved 1085440K
  class space    used 5280K, capacity 5641K, committed 5760K, reserved 1048576K
Event: 10.962 GC heap after
Heap after GC invocations=170 (full 2):
 def new generation   total 9792K, used 469K [0x00000000f0a00000, 0x00000000f14a0000, 0x00000000f5c00000)
  eden space 8704K,   0% used [0x00000000f0a00000, 0x00000000f0a00000, 0x00000000f1280000)
  from space 1088K,  43% used [0x00000000f1390000, 0x00000000f1405780, 0x00000000f14a0000)
  to   space 1088K,   0% used [0x00000000f1280000, 0x00000000f1280000, 0x00000000f1390000)
 tenured generation   total 21624K, used 17633K [0x00000000f5c00000, 0x00000000f711e000, 0x0000000100000000)
   the space 21624K,  81% used [0x00000000f5c00000, 0x00000000f6d38688, 0x00000000f6d38800, 0x00000000f711e000)
 Metaspace       used 40005K, capacity 42216K, committed 42624K, reserved 1085440K
  class space    used 5280K, capacity 5641K, committed 5760K, reserved 1048576K
}
Event: 11.043 GC heap before
{Heap before GC invocations=170 (full 2):
 def new generation   total 9792K, used 9173K [0x00000000f0a00000, 0x00000000f14a0000, 0x00000000f5c00000)
  eden space 8704K, 100% used [0x00000000f0a00000, 0x00000000f1280000, 0x00000000f1280000)
  from space 1088K,  43% used [0x00000000f1390000, 0x00000000f1405780, 0x00000000f14a0000)
  to   space 1088K,   0% used [0x00000000f1280000, 0x00000000f1280000, 0x00000000f1390000)
 tenured generation   total 21624K, used 17633K [0x00000000f5c00000, 0x00000000f711e000, 0x0000000100000000)
   the space 21624K,  81% used [0x00000000f5c00000, 0x00000000f6d38688, 0x00000000f6d38800, 0x00000000f711e000)
 Metaspace       used 40468K, capacity 42670K, committed 42880K, reserved 1087488K
  class space    used 5343K, capacity 5706K, committed 5760K, reserved 1048576K
Event: 11.046 GC heap after
Heap after GC invocations=171 (full 2):
 def new generation   total 9792K, used 710K [0x00000000f0a00000, 0x00000000f14a0000, 0x00000000f5c00000)
  eden space 8704K,   0% used [0x00000000f0a00000, 0x00000000f0a00000, 0x00000000f1280000)
  from space 1088K,  65% used [0x00000000f1280000, 0x00000000f1331b60, 0x00000000f1390000)
  to   space 1088K,   0% used [0x00000000f1390000, 0x00000000f1390000, 0x00000000f14a0000)
 tenured generation   total 21624K, used 17633K [0x00000000f5c00000, 0x00000000f711e000, 0x0000000100000000)
   the space 21624K,  81% used [0x00000000f5c00000, 0x00000000f6d38688, 0x00000000f6d38800, 0x00000000f711e000)
 Metaspace       used 40468K, capacity 42670K, committed 42880K, reserved 1087488K
  class space    used 5343K, capacity 5706K, committed 5760K, reserved 1048576K
}
Event: 11.102 GC heap before
{Heap before GC invocations=171 (full 2):
 def new generation   total 9792K, used 9414K [0x00000000f0a00000, 0x00000000f14a0000, 0x00000000f5c00000)
  eden space 8704K, 100% used [0x00000000f0a00000, 0x00000000f1280000, 0x00000000f1280000)
  from space 1088K,  65% used [0x00000000f1280000, 0x00000000f1331b60, 0x00000000f1390000)
  to   space 1088K,   0% used [0x00000000f1390000, 0x00000000f1390000, 0x00000000f14a0000)
 tenured generation   total 21624K, used 17633K [0x00000000f5c00000, 0x00000000f711e000, 0x0000000100000000)
   the space 21624K,  81% used [0x00000000f5c00000, 0x00000000f6d38688, 0x00000000f6d38800, 0x00000000f711e000)
 Metaspace       used 41209K, capacity 43446K, committed 43776K, reserved 1087488K
  class space    used 5407K, capacity 5772K, committed 5888K, reserved 1048576K
Event: 11.106 GC heap after
Heap after GC invocations=172 (full 2):
 def new generation   total 9792K, used 636K [0x00000000f0a00000, 0x00000000f14a0000, 0x00000000f5c00000)
  eden space 8704K,   0% used [0x00000000f0a00000, 0x00000000f0a00000, 0x00000000f1280000)
  from space 1088K,  58% used [0x00000000f1390000, 0x00000000f142f090, 0x00000000f14a0000)
  to   space 1088K,   0% used [0x00000000f1280000, 0x00000000f1280000, 0x00000000f1390000)
 tenured generation   total 21624K, used 17830K [0x00000000f5c00000, 0x00000000f711e000, 0x0000000100000000)
   the space 21624K,  82% used [0x00000000f5c00000, 0x00000000f6d69b10, 0x00000000f6d69c00, 0x00000000f711e000)
 Metaspace       used 41209K, capacity 43446K, committed 43776K, reserved 1087488K
  class space    used 5407K, capacity 5772K, committed 5888K, reserved 1048576K
}
Event: 11.210 GC heap before
{Heap before GC invocations=172 (full 2):
 def new generation   total 9792K, used 9340K [0x00000000f0a00000, 0x00000000f14a0000, 0x00000000f5c00000)
  eden space 8704K, 100% used [0x00000000f0a00000, 0x00000000f1280000, 0x00000000f1280000)
  from space 1088K,  58% used [0x00000000f1390000, 0x00000000f142f090, 0x00000000f14a0000)
  to   space 1088K,   0% used [0x00000000f1280000, 0x00000000f1280000, 0x00000000f1390000)
 tenured generation   total 21624K, used 17830K [0x00000000f5c00000, 0x00000000f711e000, 0x0000000100000000)
   the space 21624K,  82% used [0x00000000f5c00000, 0x00000000f6d69b10, 0x00000000f6d69c00, 0x00000000f711e000)
 Metaspace       used 41616K, capacity 43874K, committed 44032K, reserved 1087488K
  class space    used 5501K, capacity 5870K, committed 5888K, reserved 1048576K
Event: 11.215 GC heap after
Heap after GC invocations=173 (full 2):
 def new generation   total 9792K, used 661K [0x00000000f0a00000, 0x00000000f14a0000, 0x00000000f5c00000)
  eden space 8704K,   0% used [0x00000000f0a00000, 0x00000000f0a00000, 0x00000000f1280000)
  from space 1088K,  60% used [0x00000000f1280000, 0x00000000f13254c8, 0x00000000f1390000)
  to   space 1088K,   0% used [0x00000000f1390000, 0x00000000f1390000, 0x00000000f14a0000)
 tenured generation   total 21624K, used 17942K [0x00000000f5c00000, 0x00000000f711e000, 0x0000000100000000)
   the space 21624K,  82% used [0x00000000f5c00000, 0x00000000f6d859b8, 0x00000000f6d85a00, 0x00000000f711e000)
 Metaspace       used 41616K, capacity 43874K, committed 44032K, reserved 1087488K
  class space    used 5501K, capacity 5870K, committed 5888K, reserved 1048576K
}
Event: 11.394 GC heap before
{Heap before GC invocations=173 (full 2):
 def new generation   total 9792K, used 9365K [0x00000000f0a00000, 0x00000000f14a0000, 0x00000000f5c00000)
  eden space 8704K, 100% used [0x00000000f0a00000, 0x00000000f1280000, 0x00000000f1280000)
  from space 1088K,  60% used [0x00000000f1280000, 0x00000000f13254c8, 0x00000000f1390000)
  to   space 1088K,   0% used [0x00000000f1390000, 0x00000000f1390000, 0x00000000f14a0000)
 tenured generation   total 21624K, used 17942K [0x00000000f5c00000, 0x00000000f711e000, 0x0000000100000000)
   the space 21624K,  82% used [0x00000000f5c00000, 0x00000000f6d859b8, 0x00000000f6d85a00, 0x00000000f711e000)
 Metaspace       used 42434K, capacity 44660K, committed 45056K, reserved 1087488K
  class space    used 5696K, capacity 6065K, committed 6144K, reserved 1048576K
Event: 11.398 GC heap after
Heap after GC invocations=174 (full 2):
 def new generation   total 9792K, used 736K [0x00000000f0a00000, 0x00000000f14a0000, 0x00000000f5c00000)
  eden space 8704K,   0% used [0x00000000f0a00000, 0x00000000f0a00000, 0x00000000f1280000)
  from space 1088K,  67% used [0x00000000f1390000, 0x00000000f14481f8, 0x00000000f14a0000)
  to   space 1088K,   0% used [0x00000000f1280000, 0x00000000f1280000, 0x00000000f1390000)
 tenured generation   total 21624K, used 18249K [0x00000000f5c00000, 0x00000000f711e000, 0x0000000100000000)
   the space 21624K,  84% used [0x00000000f5c00000, 0x00000000f6dd27f8, 0x00000000f6dd2800, 0x00000000f711e000)
 Metaspace       used 42434K, capacity 44660K, committed 45056K, reserved 1087488K
  class space    used 5696K, capacity 6065K, committed 6144K, reserved 1048576K
}
Event: 11.536 GC heap before
{Heap before GC invocations=174 (full 2):
 def new generation   total 9792K, used 9440K [0x00000000f0a00000, 0x00000000f14a0000, 0x00000000f5c00000)
  eden space 8704K, 100% used [0x00000000f0a00000, 0x00000000f1280000, 0x00000000f1280000)
  from space 1088K,  67% used [0x00000000f1390000, 0x00000000f14481f8, 0x00000000f14a0000)
  to   space 1088K,   0% used [0x00000000f1280000, 0x00000000f1280000, 0x00000000f1390000)
 tenured generation   total 21624K, used 18249K [0x00000000f5c00000, 0x00000000f711e000, 0x0000000100000000)
   the space 21624K,  84% used [0x00000000f5c00000, 0x00000000f6dd27f8, 0x00000000f6dd2800, 0x00000000f711e000)
 Metaspace       used 43182K, capacity 45452K, committed 45696K, reserved 1089536K
  class space    used 5818K, capacity 6197K, committed 6272K, reserved 1048576K
Event: 11.540 GC heap after
Heap after GC invocations=175 (full 2):
 def new generation   total 9792K, used 627K [0x00000000f0a00000, 0x00000000f14a0000, 0x00000000f5c00000)
  eden space 8704K,   0% used [0x00000000f0a00000, 0x00000000f0a00000, 0x00000000f1280000)
  from space 1088K,  57% used [0x00000000f1280000, 0x00000000f131cf90, 0x00000000f1390000)
  to   space 1088K,   0% used [0x00000000f1390000, 0x00000000f1390000, 0x00000000f14a0000)
 tenured generation   total 21624K, used 18503K [0x00000000f5c00000, 0x00000000f711e000, 0x0000000100000000)
   the space 21624K,  85% used [0x00000000f5c00000, 0x00000000f6e11f78, 0x00000000f6e12000, 0x00000000f711e000)
 Metaspace       used 43182K, capacity 45452K, committed 45696K, reserved 1089536K
  class space    used 5818K, capacity 6197K, committed 6272K, reserved 1048576K
}
Event: 11.712 GC heap before
{Heap before GC invocations=175 (full 2):
 def new generation   total 9792K, used 9331K [0x00000000f0a00000, 0x00000000f14a0000, 0x00000000f5c00000)
  eden space 8704K, 100% used [0x00000000f0a00000, 0x00000000f1280000, 0x00000000f1280000)
  from space 1088K,  57% used [0x00000000f1280000, 0x00000000f131cf90, 0x00000000f1390000)
  to   space 1088K,   0% used [0x00000000f1390000, 0x00000000f1390000, 0x00000000f14a0000)
 tenured generation   total 21624K, used 18503K [0x00000000f5c00000, 0x00000000f711e000, 0x0000000100000000)
   the space 21624K,  85% used [0x00000000f5c00000, 0x00000000f6e11f78, 0x00000000f6e12000, 0x00000000f711e000)
 Metaspace       used 43581K, capacity 45912K, committed 46208K, reserved 1089536K
  class space    used 5880K, capacity 6263K, committed 6272K, reserved 1048576K
Event: 11.716 GC heap after
Heap after GC invocations=176 (full 2):
 def new generation   total 9792K, used 398K [0x00000000f0a00000, 0x00000000f14a0000, 0x00000000f5c00000)
  eden space 8704K,   0% used [0x00000000f0a00000, 0x00000000f0a00000, 0x00000000f1280000)
  from space 1088K,  36% used [0x00000000f1390000, 0x00000000f13f39a0, 0x00000000f14a0000)
  to   space 1088K,   0% used [0x00000000f1280000, 0x00000000f1280000, 0x00000000f1390000)
 tenured generation   total 21624K, used 18803K [0x00000000f5c00000, 0x00000000f711e000, 0x0000000100000000)
   the space 21624K,  86% used [0x00000000f5c00000, 0x00000000f6e5ce68, 0x00000000f6e5d000, 0x00000000f711e000)
 Metaspace       used 43581K, capacity 45912K, committed 46208K, reserved 1089536K
  class space    used 5880K, capacity 6263K, committed 6272K, reserved 1048576K
}
Event: 11.870 GC heap before
{Heap before GC invocations=176 (full 2):
 def new generation   total 9792K, used 9102K [0x00000000f0a00000, 0x00000000f14a0000, 0x00000000f5c00000)
  eden space 8704K, 100% used [0x00000000f0a00000, 0x00000000f1280000, 0x00000000f1280000)
  from space 1088K,  36% used [0x00000000f1390000, 0x00000000f13f39a0, 0x00000000f14a0000)
  to   space 1088K,   0% used [0x00000000f1280000, 0x00000000f1280000, 0x00000000f1390000)
 tenured generation   total 21624K, used 18803K [0x00000000f5c00000, 0x00000000f711e000, 0x0000000100000000)
   the space 21624K,  86% used [0x00000000f5c00000, 0x00000000f6e5ce68, 0x00000000f6e5d000, 0x00000000f711e000)
 Metaspace       used 44047K, capacity 46356K, committed 46592K, reserved 1089536K
  class space    used 5933K, capacity 6303K, committed 6400K, reserved 1048576K
Event: 11.874 GC heap after
Heap after GC invocations=177 (full 2):
 def new generation   total 9792K, used 463K [0x00000000f0a00000, 0x00000000f14a0000, 0x00000000f5c00000)
  eden space 8704K,   0% used [0x00000000f0a00000, 0x00000000f0a00000, 0x00000000f1280000)
  from space 1088K,  42% used [0x00000000f1280000, 0x00000000f12f3c10, 0x00000000f1390000)
  to   space 1088K,   0% used [0x00000000f1390000, 0x00000000f1390000, 0x00000000f14a0000)
 tenured generation   total 21624K, used 18803K [0x00000000f5c00000, 0x00000000f711e000, 0x0000000100000000)
   the space 21624K,  86% used [0x00000000f5c00000, 0x00000000f6e5ce68, 0x00000000f6e5d000, 0x00000000f711e000)
 Metaspace       used 44047K, capacity 46356K, committed 46592K, reserved 1089536K
  class space    used 5933K, capacity 6303K, committed 6400K, reserved 1048576K
}
Event: 11.977 GC heap before
{Heap before GC invocations=177 (full 2):
 def new generation   total 9792K, used 9167K [0x00000000f0a00000, 0x00000000f14a0000, 0x00000000f5c00000)
  eden space 8704K, 100% used [0x00000000f0a00000, 0x00000000f1280000, 0x00000000f1280000)
  from space 1088K,  42% used [0x00000000f1280000, 0x00000000f12f3c10, 0x00000000f1390000)
  to   space 1088K,   0% used [0x00000000f1390000, 0x00000000f1390000, 0x00000000f14a0000)
 tenured generation   total 21624K, used 18803K [0x00000000f5c00000, 0x00000000f711e000, 0x0000000100000000)
   the space 21624K,  86% used [0x00000000f5c00000, 0x00000000f6e5ce68, 0x00000000f6e5d000, 0x00000000f711e000)
 Metaspace       used 44653K, capacity 46998K, committed 47232K, reserved 1089536K
  class space    used 6029K, capacity 6432K, committed 6528K, reserved 1048576K
Event: 11.981 GC heap after
Heap after GC invocations=178 (full 2):
 def new generation   total 9792K, used 640K [0x00000000f0a00000, 0x00000000f14a0000, 0x00000000f5c00000)
  eden space 8704K,   0% used [0x00000000f0a00000, 0x00000000f0a00000, 0x00000000f1280000)
  from space 1088K,  58% used [0x00000000f1390000, 0x00000000f1430278, 0x00000000f14a0000)
  to   space 1088K,   0% used [0x00000000f1280000, 0x00000000f1280000, 0x00000000f1390000)
 tenured generation   total 21624K, used 18803K [0x00000000f5c00000, 0x00000000f711e000, 0x0000000100000000)
   the space 21624K,  86% used [0x00000000f5c00000, 0x00000000f6e5ce68, 0x00000000f6e5d000, 0x00000000f711e000)
 Metaspace       used 44653K, capacity 46998K, committed 47232K, reserved 1089536K
  class space    used 6029K, capacity 6432K, committed 6528K, reserved 1048576K
}
Event: 12.034 GC heap before
{Heap before GC invocations=178 (full 2):
 def new generation   total 9792K, used 9344K [0x00000000f0a00000, 0x00000000f14a0000, 0x00000000f5c00000)
  eden space 8704K, 100% used [0x00000000f0a00000, 0x00000000f1280000, 0x00000000f1280000)
  from space 1088K,  58% used [0x00000000f1390000, 0x00000000f1430278, 0x00000000f14a0000)
  to   space 1088K,   0% used [0x00000000f1280000, 0x00000000f1280000, 0x00000000f1390000)
 tenured generation   total 21624K, used 18803K [0x00000000f5c00000, 0x00000000f711e000, 0x0000000100000000)
   the space 21624K,  86% used [0x00000000f5c00000, 0x00000000f6e5ce68, 0x00000000f6e5d000, 0x00000000f711e000)
 Metaspace       used 45079K, capacity 47388K, committed 47744K, reserved 1091584K
  class space    used 6104K, capacity 6497K, committed 6528K, reserved 1048576K
Event: 12.038 GC heap after
Heap after GC invocations=179 (full 2):
 def new generation   total 9792K, used 431K [0x00000000f0a00000, 0x00000000f14a0000, 0x00000000f5c00000)
  eden space 8704K,   0% used [0x00000000f0a00000, 0x00000000f0a00000, 0x00000000f1280000)
  from space 1088K,  39% used [0x00000000f1280000, 0x00000000f12ebf20, 0x00000000f1390000)
  to   space 1088K,   0% used [0x00000000f1390000, 0x00000000f1390000, 0x00000000f14a0000)
 tenured generation   total 21624K, used 19069K [0x00000000f5c00000, 0x00000000f711e000, 0x0000000100000000)
   the space 21624K,  88% used [0x00000000f5c00000, 0x00000000f6e9f680, 0x00000000f6e9f800, 0x00000000f711e000)
 Metaspace       used 45079K, capacity 47388K, committed 47744K, reserved 1091584K
  class space    used 6104K, capacity 6497K, committed 6528K, reserved 1048576K
}
Event: 12.184 GC heap before
{Heap before GC invocations=179 (full 2):
 def new generation   total 9792K, used 9135K [0x00000000f0a00000, 0x00000000f14a0000, 0x00000000f5c00000)
  eden space 8704K, 100% used [0x00000000f0a00000, 0x00000000f1280000, 0x00000000f1280000)
  from space 1088K,  39% used [0x00000000f1280000, 0x00000000f12ebf20, 0x00000000f1390000)
  to   space 1088K,   0% used [0x00000000f1390000, 0x00000000f1390000, 0x00000000f14a0000)
 tenured generation   total 21624K, used 19069K [0x00000000f5c00000, 0x00000000f711e000, 0x0000000100000000)
   the space 21624K,  88% used [0x00000000f5c00000, 0x00000000f6e9f680, 0x00000000f6e9f800, 0x00000000f711e000)
 Metaspace       used 45670K, capacity 47984K, committed 48384K, reserved 1091584K
  class space    used 6164K, capacity 6565K, committed 6656K, reserved 1048576K
Event: 12.188 GC heap after
Heap after GC invocations=180 (full 2):
 def new generation   total 9792K, used 842K [0x00000000f0a00000, 0x00000000f14a0000, 0x00000000f5c00000)
  eden space 8704K,   0% used [0x00000000f0a00000, 0x00000000f0a00000, 0x00000000f1280000)
  from space 1088K,  77% used [0x00000000f1390000, 0x00000000f1462af0, 0x00000000f14a0000)
  to   space 1088K,   0% used [0x00000000f1280000, 0x00000000f1280000, 0x00000000f1390000)
 tenured generation   total 21624K, used 19069K [0x00000000f5c00000, 0x00000000f711e000, 0x0000000100000000)
   the space 21624K,  88% used [0x00000000f5c00000, 0x00000000f6e9f680, 0x00000000f6e9f800, 0x00000000f711e000)
 Metaspace       used 45670K, capacity 47984K, committed 48384K, reserved 1091584K
  class space    used 6164K, capacity 6565K, committed 6656K, reserved 1048576K
}
Event: 12.347 GC heap before
{Heap before GC invocations=180 (full 2):
 def new generation   total 9792K, used 9546K [0x00000000f0a00000, 0x00000000f14a0000, 0x00000000f5c00000)
  eden space 8704K, 100% used [0x00000000f0a00000, 0x00000000f1280000, 0x00000000f1280000)
  from space 1088K,  77% used [0x00000000f1390000, 0x00000000f1462af0, 0x00000000f14a0000)
  to   space 1088K,   0% used [0x00000000f1280000, 0x00000000f1280000, 0x00000000f1390000)
 tenured generation   total 21624K, used 19069K [0x00000000f5c00000, 0x00000000f711e000, 0x0000000100000000)
   the space 21624K,  88% used [0x00000000f5c00000, 0x00000000f6e9f680, 0x00000000f6e9f800, 0x00000000f711e000)
 Metaspace       used 46239K, capacity 48562K, committed 48896K, reserved 1091584K
  class space    used 6226K, capacity 6606K, committed 6656K, reserved 1048576K
Event: 12.354 GC heap after
Heap after GC invocations=181 (full 2):
 def new generation   total 9792K, used 919K [0x00000000f0a00000, 0x00000000f14a0000, 0x00000000f5c00000)
  eden space 8704K,   0% used [0x00000000f0a00000, 0x00000000f0a00000, 0x00000000f1280000)
  from space 1088K,  84% used [0x00000000f1280000, 0x00000000f1365d48, 0x00000000f1390000)
  to   space 1088K,   0% used [0x00000000f1390000, 0x00000000f1390000, 0x00000000f14a0000)
 tenured generation   total 21624K, used 19410K [0x00000000f5c00000, 0x00000000f711e000, 0x0000000100000000)
   the space 21624K,  89% used [0x00000000f5c00000, 0x00000000f6ef4988, 0x00000000f6ef4a00, 0x00000000f711e000)
 Metaspace       used 46239K, capacity 48562K, committed 48896K, reserved 1091584K
  class space    used 6226K, capacity 6606K, committed 6656K, reserved 1048576K
}
Event: 12.464 GC heap before
{Heap before GC invocations=181 (full 2):
 def new generation   total 9792K, used 9623K [0x00000000f0a00000, 0x00000000f14a0000, 0x00000000f5c00000)
  eden space 8704K, 100% used [0x00000000f0a00000, 0x00000000f1280000, 0x00000000f1280000)
  from space 1088K,  84% used [0x00000000f1280000, 0x00000000f1365d48, 0x00000000f1390000)
  to   space 1088K,   0% used [0x00000000f1390000, 0x00000000f1390000, 0x00000000f14a0000)
 tenured generation   total 21624K, used 19410K [0x00000000f5c00000, 0x00000000f711e000, 0x0000000100000000)
   the space 21624K,  89% used [0x00000000f5c00000, 0x00000000f6ef4988, 0x00000000f6ef4a00, 0x00000000f711e000)
 Metaspace       used 46918K, capacity 49240K, committed 49496K, reserved 1091584K
  class space    used 6291K, capacity 6703K, committed 6784K, reserved 1048576K
Event: 12.469 GC heap after
Heap after GC invocations=182 (full 2):
 def new generation   total 9792K, used 114K [0x00000000f0a00000, 0x00000000f14a0000, 0x00000000f5c00000)
  eden space 8704K,   0% used [0x00000000f0a00000, 0x00000000f0a00000, 0x00000000f1280000)
  from space 1088K,  10% used [0x00000000f1390000, 0x00000000f13acb38, 0x00000000f14a0000)
  to   space 1088K,   0% used [0x00000000f1280000, 0x00000000f1280000, 0x00000000f1390000)
 tenured generation   total 21624K, used 20084K [0x00000000f5c00000, 0x00000000f711e000, 0x0000000100000000)
   the space 21624K,  92% used [0x00000000f5c00000, 0x00000000f6f9d320, 0x00000000f6f9d400, 0x00000000f711e000)
 Metaspace       used 46918K, capacity 49240K, committed 49496K, reserved 1091584K
  class space    used 6291K, capacity 6703K, committed 6784K, reserved 1048576K
}
Event: 12.482 GC heap before
{Heap before GC invocations=182 (full 2):
 def new generation   total 9792K, used 1742K [0x00000000f0a00000, 0x00000000f14a0000, 0x00000000f5c00000)
  eden space 8704K,  18% used [0x00000000f0a00000, 0x00000000f0b96cf8, 0x00000000f1280000)
  from space 1088K,  10% used [0x00000000f1390000, 0x00000000f13acb38, 0x00000000f14a0000)
  to   space 1088K,   0% used [0x00000000f1280000, 0x00000000f1280000, 0x00000000f1390000)
 tenured generation   total 21624K, used 20084K [0x00000000f5c00000, 0x00000000f711e000, 0x0000000100000000)
   the space 21624K,  92% used [0x00000000f5c00000, 0x00000000f6f9d320, 0x00000000f6f9d400, 0x00000000f711e000)
 Metaspace       used 46992K, capacity 49304K, committed 49496K, reserved 1091584K
  class space    used 6301K, capacity 6703K, committed 6784K, reserved 1048576K
Event: 12.617 GC heap after
Heap after GC invocations=183 (full 3):
 def new generation   total 14656K, used 0K [0x00000000f0a00000, 0x00000000f19e0000, 0x00000000f5c00000)
  eden space 13056K,   0% used [0x00000000f0a00000, 0x00000000f0a00000, 0x00000000f16c0000)
  from space 1600K,   0% used [0x00000000f16c0000, 0x00000000f16c0000, 0x00000000f1850000)
  to   space 1600K,   0% used [0x00000000f1850000, 0x00000000f1850000, 0x00000000f19e0000)
 tenured generation   total 32468K, used 19480K [0x00000000f5c00000, 0x00000000f7bb5000, 0x0000000100000000)
   the space 32468K,  59% used [0x00000000f5c00000, 0x00000000f6f06228, 0x00000000f6f06400, 0x00000000f7bb5000)
 Metaspace       used 46992K, capacity 49304K, committed 49496K, reserved 1091584K
  class space    used 6301K, capacity 6703K, committed 6784K, reserved 1048576K
}
Event: 12.865 GC heap before
{Heap before GC invocations=183 (full 3):
 def new generation   total 14656K, used 13056K [0x00000000f0a00000, 0x00000000f19e0000, 0x00000000f5c00000)
  eden space 13056K, 100% used [0x00000000f0a00000, 0x00000000f16c0000, 0x00000000f16c0000)
  from space 1600K,   0% used [0x00000000f16c0000, 0x00000000f16c0000, 0x00000000f1850000)
  to   space 1600K,   0% used [0x00000000f1850000, 0x00000000f1850000, 0x00000000f19e0000)
 tenured generation   total 32468K, used 19480K [0x00000000f5c00000, 0x00000000f7bb5000, 0x0000000100000000)
   the space 32468K,  59% used [0x00000000f5c00000, 0x00000000f6f06228, 0x00000000f6f06400, 0x00000000f7bb5000)
 Metaspace       used 47562K, capacity 50328K, committed 50432K, reserved 1093632K
  class space    used 6437K, capacity 6881K, committed 6912K, reserved 1048576K
Event: 12.874 GC heap after
Heap after GC invocations=184 (full 3):
 def new generation   total 14656K, used 709K [0x00000000f0a00000, 0x00000000f19e0000, 0x00000000f5c00000)
  eden space 13056K,   0% used [0x00000000f0a00000, 0x00000000f0a00000, 0x00000000f16c0000)
  from space 1600K,  44% used [0x00000000f1850000, 0x00000000f19014e8, 0x00000000f19e0000)
  to   space 1600K,   0% used [0x00000000f16c0000, 0x00000000f16c0000, 0x00000000f1850000)
 tenured generation   total 32468K, used 19480K [0x00000000f5c00000, 0x00000000f7bb5000, 0x0000000100000000)
   the space 32468K,  59% used [0x00000000f5c00000, 0x00000000f6f06228, 0x00000000f6f06400, 0x00000000f7bb5000)
 Metaspace       used 47562K, capacity 50328K, committed 50432K, reserved 1093632K
  class space    used 6437K, capacity 6881K, committed 6912K, reserved 1048576K
}
Event: 13.049 GC heap before
{Heap before GC invocations=184 (full 3):
 def new generation   total 14656K, used 13765K [0x00000000f0a00000, 0x00000000f19e0000, 0x00000000f5c00000)
  eden space 13056K, 100% used [0x00000000f0a00000, 0x00000000f16c0000, 0x00000000f16c0000)
  from space 1600K,  44% used [0x00000000f1850000, 0x00000000f19014e8, 0x00000000f19e0000)
  to   space 1600K,   0% used [0x00000000f16c0000, 0x00000000f16c0000, 0x00000000f1850000)
 tenured generation   total 32468K, used 19480K [0x00000000f5c00000, 0x00000000f7bb5000, 0x0000000100000000)
   the space 32468K,  59% used [0x00000000f5c00000, 0x00000000f6f06228, 0x00000000f6f06400, 0x00000000f7bb5000)
 Metaspace       used 48679K, capacity 51576K, committed 51712K, reserved 1093632K
  class space    used 6610K, capacity 7093K, committed 7168K, reserved 1048576K
Event: 13.054 GC heap after
Heap after GC invocations=185 (full 3):
 def new generation   total 14656K, used 1074K [0x00000000f0a00000, 0x00000000f19e0000, 0x00000000f5c00000)
  eden space 13056K,   0% used [0x00000000f0a00000, 0x00000000f0a00000, 0x00000000f16c0000)
  from space 1600K,  67% used [0x00000000f16c0000, 0x00000000f17cc9a0, 0x00000000f1850000)
  to   space 1600K,   0% used [0x00000000f1850000, 0x00000000f1850000, 0x00000000f19e0000)
 tenured generation   total 32468K, used 19480K [0x00000000f5c00000, 0x00000000f7bb5000, 0x0000000100000000)
   the space 32468K,  59% used [0x00000000f5c00000, 0x00000000f6f06228, 0x00000000f6f06400, 0x00000000f7bb5000)
 Metaspace       used 48679K, capacity 51576K, committed 51712K, reserved 1093632K
  class space    used 6610K, capacity 7093K, committed 7168K, reserved 1048576K
}
Event: 13.185 GC heap before
{Heap before GC invocations=185 (full 3):
 def new generation   total 14656K, used 14130K [0x00000000f0a00000, 0x00000000f19e0000, 0x00000000f5c00000)
  eden space 13056K, 100% used [0x00000000f0a00000, 0x00000000f16c0000, 0x00000000f16c0000)
  from space 1600K,  67% used [0x00000000f16c0000, 0x00000000f17cc9a0, 0x00000000f1850000)
  to   space 1600K,   0% used [0x00000000f1850000, 0x00000000f1850000, 0x00000000f19e0000)
 tenured generation   total 32468K, used 19480K [0x00000000f5c00000, 0x00000000f7bb5000, 0x0000000100000000)
   the space 32468K,  59% used [0x00000000f5c00000, 0x00000000f6f06228, 0x00000000f6f06400, 0x00000000f7bb5000)
 Metaspace       used 48837K, capacity 51742K, committed 51968K, reserved 1093632K
  class space    used 6633K, capacity 7100K, committed 7168K, reserved 1048576K
Event: 13.190 GC heap after
Heap after GC invocations=186 (full 3):
 def new generation   total 14656K, used 662K [0x00000000f0a00000, 0x00000000f19e0000, 0x00000000f5c00000)
  eden space 13056K,   0% used [0x00000000f0a00000, 0x00000000f0a00000, 0x00000000f16c0000)
  from space 1600K,  41% used [0x00000000f1850000, 0x00000000f18f58a0, 0x00000000f19e0000)
  to   space 1600K,   0% used [0x00000000f16c0000, 0x00000000f16c0000, 0x00000000f1850000)
 tenured generation   total 32468K, used 19914K [0x00000000f5c00000, 0x00000000f7bb5000, 0x0000000100000000)
   the space 32468K,  61% used [0x00000000f5c00000, 0x00000000f6f729e8, 0x00000000f6f72a00, 0x00000000f7bb5000)
 Metaspace       used 48837K, capacity 51742K, committed 51968K, reserved 1093632K
  class space    used 6633K, capacity 7100K, committed 7168K, reserved 1048576K
}
Event: 13.278 GC heap before
{Heap before GC invocations=186 (full 3):
 def new generation   total 14656K, used 13718K [0x00000000f0a00000, 0x00000000f19e0000, 0x00000000f5c00000)
  eden space 13056K, 100% used [0x00000000f0a00000, 0x00000000f16c0000, 0x00000000f16c0000)
  from space 1600K,  41% used [0x00000000f1850000, 0x00000000f18f58a0, 0x00000000f19e0000)
  to   space 1600K,   0% used [0x00000000f16c0000, 0x00000000f16c0000, 0x00000000f1850000)
 tenured generation   total 32468K, used 19914K [0x00000000f5c00000, 0x00000000f7bb5000, 0x0000000100000000)
   the space 32468K,  61% used [0x00000000f5c00000, 0x00000000f6f729e8, 0x00000000f6f72a00, 0x00000000f7bb5000)
 Metaspace       used 48990K, capacity 51912K, committed 51968K, reserved 1093632K
  class space    used 6647K, capacity 7133K, committed 7168K, reserved 1048576K
Event: 13.284 GC heap after
Heap after GC invocations=187 (full 3):
 def new generation   total 14656K, used 1600K [0x00000000f0a00000, 0x00000000f19e0000, 0x00000000f5c00000)
  eden space 13056K,   0% used [0x00000000f0a00000, 0x00000000f0a00000, 0x00000000f16c0000)
  from space 1600K, 100% used [0x00000000f16c0000, 0x00000000f1850000, 0x00000000f1850000)
  to   space 1600K,   0% used [0x00000000f1850000, 0x00000000f1850000, 0x00000000f19e0000)
 tenured generation   total 32468K, used 19959K [0x00000000f5c00000, 0x00000000f7bb5000, 0x0000000100000000)
   the space 32468K,  61% used [0x00000000f5c00000, 0x00000000f6f7dd08, 0x00000000f6f7de00, 0x00000000f7bb5000)
 Metaspace       used 48990K, capacity 51912K, committed 51968K, reserved 1093632K
  class space    used 6647K, capacity 7133K, committed 7168K, reserved 1048576K
}
Event: 13.404 GC heap before
{Heap before GC invocations=187 (full 3):
 def new generation   total 14656K, used 14656K [0x00000000f0a00000, 0x00000000f19e0000, 0x00000000f5c00000)
  eden space 13056K, 100% used [0x00000000f0a00000, 0x00000000f16c0000, 0x00000000f16c0000)
  from space 1600K, 100% used [0x00000000f16c0000, 0x00000000f1850000, 0x00000000f1850000)
  to   space 1600K,   0% used [0x00000000f1850000, 0x00000000f1850000, 0x00000000f19e0000)
 tenured generation   total 32468K, used 19959K [0x00000000f5c00000, 0x00000000f7bb5000, 0x0000000100000000)
   the space 32468K,  61% used [0x00000000f5c00000, 0x00000000f6f7dd08, 0x00000000f6f7de00, 0x00000000f7bb5000)
 Metaspace       used 49146K, capacity 52094K, committed 52224K, reserved 1093632K
  class space    used 6674K, capacity 7144K, committed 7168K, reserved 1048576K
Event: 13.409 GC heap after
Heap after GC invocations=188 (full 3):
 def new generation   total 14656K, used 361K [0x00000000f0a00000, 0x00000000f19e0000, 0x00000000f5c00000)
  eden space 13056K,   0% used [0x00000000f0a00000, 0x00000000f0a00000, 0x00000000f16c0000)
  from space 1600K,  22% used [0x00000000f1850000, 0x00000000f18aa478, 0x00000000f19e0000)
  to   space 1600K,   0% used [0x00000000f16c0000, 0x00000000f16c0000, 0x00000000f1850000)
 tenured generation   total 32468K, used 20685K [0x00000000f5c00000, 0x00000000f7bb5000, 0x0000000100000000)
   the space 32468K,  63% used [0x00000000f5c00000, 0x00000000f7033518, 0x00000000f7033600, 0x00000000f7bb5000)
 Metaspace       used 49146K, capacity 52094K, committed 52224K, reserved 1093632K
  class space    used 6674K, capacity 7144K, committed 7168K, reserved 1048576K
}
Event: 13.471 GC heap before
{Heap before GC invocations=188 (full 3):
 def new generation   total 14656K, used 13417K [0x00000000f0a00000, 0x00000000f19e0000, 0x00000000f5c00000)
  eden space 13056K, 100% used [0x00000000f0a00000, 0x00000000f16c0000, 0x00000000f16c0000)
  from space 1600K,  22% used [0x00000000f1850000, 0x00000000f18aa478, 0x00000000f19e0000)
  to   space 1600K,   0% used [0x00000000f16c0000, 0x00000000f16c0000, 0x00000000f1850000)
 tenured generation   total 32468K, used 20685K [0x00000000f5c00000, 0x00000000f7bb5000, 0x0000000100000000)
   the space 32468K,  63% used [0x00000000f5c00000, 0x00000000f7033518, 0x00000000f7033600, 0x00000000f7bb5000)
 Metaspace       used 49265K, capacity 52190K, committed 52352K, reserved 1093632K
  class space    used 6695K, capacity 7176K, committed 7296K, reserved 1048576K
Event: 13.475 GC heap after
Heap after GC invocations=189 (full 3):
 def new generation   total 14656K, used 786K [0x00000000f0a00000, 0x00000000f19e0000, 0x00000000f5c00000)
  eden space 13056K,   0% used [0x00000000f0a00000, 0x00000000f0a00000, 0x00000000f16c0000)
  from space 1600K,  49% used [0x00000000f16c0000, 0x00000000f1784bb8, 0x00000000f1850000)
  to   space 1600K,   0% used [0x00000000f1850000, 0x00000000f1850000, 0x00000000f19e0000)
 tenured generation   total 32468K, used 20685K [0x00000000f5c00000, 0x00000000f7bb5000, 0x0000000100000000)
   the space 32468K,  63% used [0x00000000f5c00000, 0x00000000f7033518, 0x00000000f7033600, 0x00000000f7bb5000)
 Metaspace       used 49265K, capacity 52190K, committed 52352K, reserved 1093632K
  class space    used 6695K, capacity 7176K, committed 7296K, reserved 1048576K
}
Event: 13.612 GC heap before
{Heap before GC invocations=189 (full 3):
 def new generation   total 14656K, used 13842K [0x00000000f0a00000, 0x00000000f19e0000, 0x00000000f5c00000)
  eden space 13056K, 100% used [0x00000000f0a00000, 0x00000000f16c0000, 0x00000000f16c0000)
  from space 1600K,  49% used [0x00000000f16c0000, 0x00000000f1784bb8, 0x00000000f1850000)
  to   space 1600K,   0% used [0x00000000f1850000, 0x00000000f1850000, 0x00000000f19e0000)
 tenured generation   total 32468K, used 20685K [0x00000000f5c00000, 0x00000000f7bb5000, 0x0000000100000000)
   the space 32468K,  63% used [0x00000000f5c00000, 0x00000000f7033518, 0x00000000f7033600, 0x00000000f7bb5000)
 Metaspace       used 49459K, capacity 52386K, committed 52608K, reserved 1095680K
  class space    used 6717K, capacity 7176K, committed 7296K, reserved 1048576K
Event: 13.616 GC heap after
Heap after GC invocations=190 (full 3):
 def new generation   total 14656K, used 757K [0x00000000f0a00000, 0x00000000f19e0000, 0x00000000f5c00000)
  eden space 13056K,   0% used [0x00000000f0a00000, 0x00000000f0a00000, 0x00000000f16c0000)
  from space 1600K,  47% used [0x00000000f1850000, 0x00000000f190d510, 0x00000000f19e0000)
  to   space 1600K,   0% used [0x00000000f16c0000, 0x00000000f16c0000, 0x00000000f1850000)
 tenured generation   total 32468K, used 20685K [0x00000000f5c00000, 0x00000000f7bb5000, 0x0000000100000000)
   the space 32468K,  63% used [0x00000000f5c00000, 0x00000000f7033518, 0x00000000f7033600, 0x00000000f7bb5000)
 Metaspace       used 49459K, capacity 52386K, committed 52608K, reserved 1095680K
  class space    used 6717K, capacity 7176K, committed 7296K, reserved 1048576K
}
Event: 13.758 GC heap before
{Heap before GC invocations=190 (full 3):
 def new generation   total 14656K, used 13807K [0x00000000f0a00000, 0x00000000f19e0000, 0x00000000f5c00000)
  eden space 13056K,  99% used [0x00000000f0a00000, 0x00000000f16bea40, 0x00000000f16c0000)
  from space 1600K,  47% used [0x00000000f1850000, 0x00000000f190d510, 0x00000000f19e0000)
  to   space 1600K,   0% used [0x00000000f16c0000, 0x00000000f16c0000, 0x00000000f1850000)
 tenured generation   total 32468K, used 20685K [0x00000000f5c00000, 0x00000000f7bb5000, 0x0000000100000000)
   the space 32468K,  63% used [0x00000000f5c00000, 0x00000000f7033518, 0x00000000f7033600, 0x00000000f7bb5000)
 Metaspace       used 49827K, capacity 52728K, committed 52864K, reserved 1095680K
  class space    used 6773K, capacity 7251K, committed 7296K, reserved 1048576K
Event: 13.773 GC heap after
Heap after GC invocations=191 (full 3):
 def new generation   total 14656K, used 1599K [0x00000000f0a00000, 0x00000000f19e0000, 0x00000000f5c00000)
  eden space 13056K,   0% used [0x00000000f0a00000, 0x00000000f0a00000, 0x00000000f16c0000)
  from space 1600K,  99% used [0x00000000f16c0000, 0x00000000f184fff8, 0x00000000f1850000)
  to   space 1600K,   0% used [0x00000000f1850000, 0x00000000f1850000, 0x00000000f19e0000)
 tenured generation   total 32468K, used 21066K [0x00000000f5c00000, 0x00000000f7bb5000, 0x0000000100000000)
   the space 32468K,  64% used [0x00000000f5c00000, 0x00000000f7092838, 0x00000000f7092a00, 0x00000000f7bb5000)
 Metaspace       used 49827K, capacity 52728K, committed 52864K, reserved 1095680K
  class space    used 6773K, capacity 7251K, committed 7296K, reserved 1048576K
}
Event: 13.868 GC heap before
{Heap before GC invocations=191 (full 3):
 def new generation   total 14656K, used 14655K [0x00000000f0a00000, 0x00000000f19e0000, 0x00000000f5c00000)
  eden space 13056K, 100% used [0x00000000f0a00000, 0x00000000f16c0000, 0x00000000f16c0000)
  from space 1600K,  99% used [0x00000000f16c0000, 0x00000000f184fff8, 0x00000000f1850000)
  to   space 1600K,   0% used [0x00000000f1850000, 0x00000000f1850000, 0x00000000f19e0000)
 tenured generation   total 32468K, used 21066K [0x00000000f5c00000, 0x00000000f7bb5000, 0x0000000100000000)
   the space 32468K,  64% used [0x00000000f5c00000, 0x00000000f7092838, 0x00000000f7092a00, 0x00000000f7bb5000)
 Metaspace       used 50536K, capacity 53432K, committed 53760K, reserved 1095680K
  class space    used 6835K, capacity 7315K, committed 7424K, reserved 1048576K
Event: 13.873 GC heap after
Heap after GC invocations=192 (full 3):
 def new generation   total 14656K, used 379K [0x00000000f0a00000, 0x00000000f19e0000, 0x00000000f5c00000)
  eden space 13056K,   0% used [0x00000000f0a00000, 0x00000000f0a00000, 0x00000000f16c0000)
  from space 1600K,  23% used [0x00000000f1850000, 0x00000000f18aec98, 0x00000000f19e0000)
  to   space 1600K,   0% used [0x00000000f16c0000, 0x00000000f16c0000, 0x00000000f1850000)
 tenured generation   total 32468K, used 21731K [0x00000000f5c00000, 0x00000000f7bb5000, 0x0000000100000000)
   the space 32468K,  66% used [0x00000000f5c00000, 0x00000000f7138cb0, 0x00000000f7138e00, 0x00000000f7bb5000)
 Metaspace       used 50536K, capacity 53432K, committed 53760K, reserved 1095680K
  class space    used 6835K, capacity 7315K, committed 7424K, reserved 1048576K
}
Event: 13.950 GC heap before
{Heap before GC invocations=192 (full 3):
 def new generation   total 14656K, used 13435K [0x00000000f0a00000, 0x00000000f19e0000, 0x00000000f5c00000)
  eden space 13056K, 100% used [0x00000000f0a00000, 0x00000000f16c0000, 0x00000000f16c0000)
  from space 1600K,  23% used [0x00000000f1850000, 0x00000000f18aec98, 0x00000000f19e0000)
  to   space 1600K,   0% used [0x00000000f16c0000, 0x00000000f16c0000, 0x00000000f1850000)
 tenured generation   total 32468K, used 21731K [0x00000000f5c00000, 0x00000000f7bb5000, 0x0000000100000000)
   the space 32468K,  66% used [0x00000000f5c00000, 0x00000000f7138cb0, 0x00000000f7138e00, 0x00000000f7bb5000)
 Metaspace       used 51375K, capacity 54328K, committed 54528K, reserved 1095680K
  class space    used 6903K, capacity 7379K, committed 7424K, reserved 1048576K
Event: 13.953 GC heap after
Heap after GC invocations=193 (full 3):
 def new generation   total 14656K, used 301K [0x00000000f0a00000, 0x00000000f19e0000, 0x00000000f5c00000)
  eden space 13056K,   0% used [0x00000000f0a00000, 0x00000000f0a00000, 0x00000000f16c0000)
  from space 1600K,  18% used [0x00000000f16c0000, 0x00000000f170b7c0, 0x00000000f1850000)
  to   space 1600K,   0% used [0x00000000f1850000, 0x00000000f1850000, 0x00000000f19e0000)
 tenured generation   total 32468K, used 21731K [0x00000000f5c00000, 0x00000000f7bb5000, 0x0000000100000000)
   the space 32468K,  66% used [0x00000000f5c00000, 0x00000000f7138cb0, 0x00000000f7138e00, 0x00000000f7bb5000)
 Metaspace       used 51375K, capacity 54328K, committed 54528K, reserved 1095680K
  class space    used 6903K, capacity 7379K, committed 7424K, reserved 1048576K
}
Event: 14.003 GC heap before
{Heap before GC invocations=193 (full 3):
 def new generation   total 14656K, used 13357K [0x00000000f0a00000, 0x00000000f19e0000, 0x00000000f5c00000)
  eden space 13056K, 100% used [0x00000000f0a00000, 0x00000000f16c0000, 0x00000000f16c0000)
  from space 1600K,  18% used [0x00000000f16c0000, 0x00000000f170b7c0, 0x00000000f1850000)
  to   space 1600K,   0% used [0x00000000f1850000, 0x00000000f1850000, 0x00000000f19e0000)
 tenured generation   total 32468K, used 21731K [0x00000000f5c00000, 0x00000000f7bb5000, 0x0000000100000000)
   the space 32468K,  66% used [0x00000000f5c00000, 0x00000000f7138cb0, 0x00000000f7138e00, 0x00000000f7bb5000)
 Metaspace       used 51953K, capacity 54936K, committed 55168K, reserved 1097728K
  class space    used 6978K, capacity 7475K, committed 7552K, reserved 1048576K
Event: 14.006 GC heap after
Heap after GC invocations=194 (full 3):
 def new generation   total 14656K, used 368K [0x00000000f0a00000, 0x00000000f19e0000, 0x00000000f5c00000)
  eden space 13056K,   0% used [0x00000000f0a00000, 0x00000000f0a00000, 0x00000000f16c0000)
  from space 1600K,  23% used [0x00000000f1850000, 0x00000000f18ac3c0, 0x00000000f19e0000)
  to   space 1600K,   0% used [0x00000000f16c0000, 0x00000000f16c0000, 0x00000000f1850000)
 tenured generation   total 32468K, used 21731K [0x00000000f5c00000, 0x00000000f7bb5000, 0x0000000100000000)
   the space 32468K,  66% used [0x00000000f5c00000, 0x00000000f7138cb0, 0x00000000f7138e00, 0x00000000f7bb5000)
 Metaspace       used 51953K, capacity 54936K, committed 55168K, reserved 1097728K
  class space    used 6978K, capacity 7475K, committed 7552K, reserved 1048576K
}
Event: 14.070 GC heap before
{Heap before GC invocations=194 (full 3):
 def new generation   total 14656K, used 13424K [0x00000000f0a00000, 0x00000000f19e0000, 0x00000000f5c00000)
  eden space 13056K, 100% used [0x00000000f0a00000, 0x00000000f16c0000, 0x00000000f16c0000)
  from space 1600K,  23% used [0x00000000f1850000, 0x00000000f18ac3c0, 0x00000000f19e0000)
  to   space 1600K,   0% used [0x00000000f16c0000, 0x00000000f16c0000, 0x00000000f1850000)
 tenured generation   total 32468K, used 21731K [0x00000000f5c00000, 0x00000000f7bb5000, 0x0000000100000000)
   the space 32468K,  66% used [0x00000000f5c00000, 0x00000000f7138cb0, 0x00000000f7138e00, 0x00000000f7bb5000)
 Metaspace       used 52398K, capacity 55384K, committed 55680K, reserved 1097728K
  class space    used 7048K, capacity 7539K, committed 7552K, reserved 1048576K
Event: 14.073 GC heap after
Heap after GC invocations=195 (full 3):
 def new generation   total 14656K, used 371K [0x00000000f0a00000, 0x00000000f19e0000, 0x00000000f5c00000)
  eden space 13056K,   0% used [0x00000000f0a00000, 0x00000000f0a00000, 0x00000000f16c0000)
  from space 1600K,  23% used [0x00000000f16c0000, 0x00000000f171cef0, 0x00000000f1850000)
  to   space 1600K,   0% used [0x00000000f1850000, 0x00000000f1850000, 0x00000000f19e0000)
 tenured generation   total 32468K, used 21731K [0x00000000f5c00000, 0x00000000f7bb5000, 0x0000000100000000)
   the space 32468K,  66% used [0x00000000f5c00000, 0x00000000f7138cb0, 0x00000000f7138e00, 0x00000000f7bb5000)
 Metaspace       used 52398K, capacity 55384K, committed 55680K, reserved 1097728K
  class space    used 7048K, capacity 7539K, committed 7552K, reserved 1048576K
}
Event: 14.207 GC heap before
{Heap before GC invocations=195 (full 3):
 def new generation   total 14656K, used 13427K [0x00000000f0a00000, 0x00000000f19e0000, 0x00000000f5c00000)
  eden space 13056K, 100% used [0x00000000f0a00000, 0x00000000f16c0000, 0x00000000f16c0000)
  from space 1600K,  23% used [0x00000000f16c0000, 0x00000000f171cef0, 0x00000000f1850000)
  to   space 1600K,   0% used [0x00000000f1850000, 0x00000000f1850000, 0x00000000f19e0000)
 tenured generation   total 32468K, used 21731K [0x00000000f5c00000, 0x00000000f7bb5000, 0x0000000100000000)
   the space 32468K,  66% used [0x00000000f5c00000, 0x00000000f7138cb0, 0x00000000f7138e00, 0x00000000f7bb5000)
 Metaspace       used 52850K, capacity 55834K, committed 56064K, reserved 1097728K
  class space    used 7128K, capacity 7630K, committed 7680K, reserved 1048576K
Event: 14.211 GC heap after
Heap after GC invocations=196 (full 3):
 def new generation   total 14656K, used 757K [0x00000000f0a00000, 0x00000000f19e0000, 0x00000000f5c00000)
  eden space 13056K,   0% used [0x00000000f0a00000, 0x00000000f0a00000, 0x00000000f16c0000)
  from space 1600K,  47% used [0x00000000f1850000, 0x00000000f190d6f0, 0x00000000f19e0000)
  to   space 1600K,   0% used [0x00000000f16c0000, 0x00000000f16c0000, 0x00000000f1850000)
 tenured generation   total 32468K, used 21731K [0x00000000f5c00000, 0x00000000f7bb5000, 0x0000000100000000)
   the space 32468K,  66% used [0x00000000f5c00000, 0x00000000f7138cb0, 0x00000000f7138e00, 0x00000000f7bb5000)
 Metaspace       used 52850K, capacity 55834K, committed 56064K, reserved 1097728K
  class space    used 7128K, capacity 7630K, committed 7680K, reserved 1048576K
}
Event: 14.392 GC heap before
{Heap before GC invocations=196 (full 3):
 def new generation   total 14656K, used 13813K [0x00000000f0a00000, 0x00000000f19e0000, 0x00000000f5c00000)
  eden space 13056K, 100% used [0x00000000f0a00000, 0x00000000f16c0000, 0x00000000f16c0000)
  from space 1600K,  47% used [0x00000000f1850000, 0x00000000f190d6f0, 0x00000000f19e0000)
  to   space 1600K,   0% used [0x00000000f16c0000, 0x00000000f16c0000, 0x00000000f1850000)
 tenured generation   total 32468K, used 21731K [0x00000000f5c00000, 0x00000000f7bb5000, 0x0000000100000000)
   the space 32468K,  66% used [0x00000000f5c00000, 0x00000000f7138cb0, 0x00000000f7138e00, 0x00000000f7bb5000)
 Metaspace       used 53245K, capacity 56198K, committed 56320K, reserved 1097728K
  class space    used 7179K, capacity 7664K, committed 7680K, reserved 1048576K
Event: 14.397 GC heap after
Heap after GC invocations=197 (full 3):
 def new generation   total 14656K, used 887K [0x00000000f0a00000, 0x00000000f19e0000, 0x00000000f5c00000)
  eden space 13056K,   0% used [0x00000000f0a00000, 0x00000000f0a00000, 0x00000000f16c0000)
  from space 1600K,  55% used [0x00000000f16c0000, 0x00000000f179df80, 0x00000000f1850000)
  to   space 1600K,   0% used [0x00000000f1850000, 0x00000000f1850000, 0x00000000f19e0000)
 tenured generation   total 32468K, used 21731K [0x00000000f5c00000, 0x00000000f7bb5000, 0x0000000100000000)
   the space 32468K,  66% used [0x00000000f5c00000, 0x00000000f7138cb0, 0x00000000f7138e00, 0x00000000f7bb5000)
 Metaspace       used 53245K, capacity 56198K, committed 56320K, reserved 1097728K
  class space    used 7179K, capacity 7664K, committed 7680K, reserved 1048576K
}
Event: 14.593 GC heap before
{Heap before GC invocations=197 (full 3):
 def new generation   total 14656K, used 13943K [0x00000000f0a00000, 0x00000000f19e0000, 0x00000000f5c00000)
  eden space 13056K, 100% used [0x00000000f0a00000, 0x00000000f16c0000, 0x00000000f16c0000)
  from space 1600K,  55% used [0x00000000f16c0000, 0x00000000f179df80, 0x00000000f1850000)
  to   space 1600K,   0% used [0x00000000f1850000, 0x00000000f1850000, 0x00000000f19e0000)
 tenured generation   total 32468K, used 21731K [0x00000000f5c00000, 0x00000000f7bb5000, 0x0000000100000000)
   the space 32468K,  66% used [0x00000000f5c00000, 0x00000000f7138cb0, 0x00000000f7138e00, 0x00000000f7bb5000)
 Metaspace       used 53458K, capacity 56454K, committed 56576K, reserved 1097728K
  class space    used 7203K, capacity 7678K, committed 7680K, reserved 1048576K
Event: 14.600 GC heap after
Heap after GC invocations=198 (full 3):
 def new generation   total 14656K, used 969K [0x00000000f0a00000, 0x00000000f19e0000, 0x00000000f5c00000)
  eden space 13056K,   0% used [0x00000000f0a00000, 0x00000000f0a00000, 0x00000000f16c0000)
  from space 1600K,  60% used [0x00000000f1850000, 0x00000000f1942570, 0x00000000f19e0000)
  to   space 1600K,   0% used [0x00000000f16c0000, 0x00000000f16c0000, 0x00000000f1850000)
 tenured generation   total 32468K, used 21861K [0x00000000f5c00000, 0x00000000f7bb5000, 0x0000000100000000)
   the space 32468K,  67% used [0x00000000f5c00000, 0x00000000f71597c0, 0x00000000f7159800, 0x00000000f7bb5000)
 Metaspace       used 53458K, capacity 56454K, committed 56576K, reserved 1097728K
  class space    used 7203K, capacity 7678K, committed 7680K, reserved 1048576K
}
Event: 14.808 GC heap before
{Heap before GC invocations=198 (full 3):
 def new generation   total 14656K, used 14025K [0x00000000f0a00000, 0x00000000f19e0000, 0x00000000f5c00000)
  eden space 13056K, 100% used [0x00000000f0a00000, 0x00000000f16c0000, 0x00000000f16c0000)
  from space 1600K,  60% used [0x00000000f1850000, 0x00000000f1942570, 0x00000000f19e0000)
  to   space 1600K,   0% used [0x00000000f16c0000, 0x00000000f16c0000, 0x00000000f1850000)
 tenured generation   total 32468K, used 21861K [0x00000000f5c00000, 0x00000000f7bb5000, 0x0000000100000000)
   the space 32468K,  67% used [0x00000000f5c00000, 0x00000000f71597c0, 0x00000000f7159800, 0x00000000f7bb5000)
 Metaspace       used 53734K, capacity 56754K, committed 56960K, reserved 1097728K
  class space    used 7242K, capacity 7712K, committed 7808K, reserved 1048576K
Event: 14.814 GC heap after
Heap after GC invocations=199 (full 3):
 def new generation   total 14656K, used 1115K [0x00000000f0a00000, 0x00000000f19e0000, 0x00000000f5c00000)
  eden space 13056K,   0% used [0x00000000f0a00000, 0x00000000f0a00000, 0x00000000f16c0000)
  from space 1600K,  69% used [0x00000000f16c0000, 0x00000000f17d6e68, 0x00000000f1850000)
  to   space 1600K,   0% used [0x00000000f1850000, 0x00000000f1850000, 0x00000000f19e0000)
 tenured generation   total 32468K, used 22172K [0x00000000f5c00000, 0x00000000f7bb5000, 0x0000000100000000)
   the space 32468K,  68% used [0x00000000f5c00000, 0x00000000f71a7320, 0x00000000f71a7400, 0x00000000f7bb5000)
 Metaspace       used 53734K, capacity 56754K, committed 56960K, reserved 1097728K
  class space    used 7242K, capacity 7712K, committed 7808K, reserved 1048576K
}
Event: 14.928 GC heap before
{Heap before GC invocations=199 (full 3):
 def new generation   total 14656K, used 14171K [0x00000000f0a00000, 0x00000000f19e0000, 0x00000000f5c00000)
  eden space 13056K, 100% used [0x00000000f0a00000, 0x00000000f16c0000, 0x00000000f16c0000)
  from space 1600K,  69% used [0x00000000f16c0000, 0x00000000f17d6e68, 0x00000000f1850000)
  to   space 1600K,   0% used [0x00000000f1850000, 0x00000000f1850000, 0x00000000f19e0000)
 tenured generation   total 32468K, used 22172K [0x00000000f5c00000, 0x00000000f7bb5000, 0x0000000100000000)
   the space 32468K,  68% used [0x00000000f5c00000, 0x00000000f71a7320, 0x00000000f71a7400, 0x00000000f7bb5000)
 Metaspace       used 53948K, capacity 56978K, committed 57216K, reserved 1099776K
  class space    used 7268K, capacity 7744K, committed 7808K, reserved 1048576K
Event: 14.934 GC heap after
Heap after GC invocations=200 (full 3):
 def new generation   total 14656K, used 722K [0x00000000f0a00000, 0x00000000f19e0000, 0x00000000f5c00000)
  eden space 13056K,   0% used [0x00000000f0a00000, 0x00000000f0a00000, 0x00000000f16c0000)
  from space 1600K,  45% used [0x00000000f1850000, 0x00000000f1904808, 0x00000000f19e0000)
  to   space 1600K,   0% used [0x00000000f16c0000, 0x00000000f16c0000, 0x00000000f1850000)
 tenured generation   total 32468K, used 22818K [0x00000000f5c00000, 0x00000000f7bb5000, 0x0000000100000000)
   the space 32468K,  70% used [0x00000000f5c00000, 0x00000000f72488a8, 0x00000000f7248a00, 0x00000000f7bb5000)
 Metaspace       used 53948K, capacity 56978K, committed 57216K, reserved 1099776K
  class space    used 7268K, capacity 7744K, committed 7808K, reserved 1048576K
}
Event: 15.024 GC heap before
{Heap before GC invocations=200 (full 3):
 def new generation   total 14656K, used 13778K [0x00000000f0a00000, 0x00000000f19e0000, 0x00000000f5c00000)
  eden space 13056K, 100% used [0x00000000f0a00000, 0x00000000f16c0000, 0x00000000f16c0000)
  from space 1600K,  45% used [0x00000000f1850000, 0x00000000f1904808, 0x00000000f19e0000)
  to   space 1600K,   0% used [0x00000000f16c0000, 0x00000000f16c0000, 0x00000000f1850000)
 tenured generation   total 32468K, used 22818K [0x00000000f5c00000, 0x00000000f7bb5000, 0x0000000100000000)
   the space 32468K,  70% used [0x00000000f5c00000, 0x00000000f72488a8, 0x00000000f7248a00, 0x00000000f7bb5000)
 Metaspace       used 54107K, capacity 57148K, committed 57216K, reserved 1099776K
  class space    used 7290K, capacity 7777K, committed 7808K, reserved 1048576K
Event: 15.028 GC heap after
Heap after GC invocations=201 (full 3):
 def new generation   total 14656K, used 712K [0x00000000f0a00000, 0x00000000f19e0000, 0x00000000f5c00000)
  eden space 13056K,   0% used [0x00000000f0a00000, 0x00000000f0a00000, 0x00000000f16c0000)
  from space 1600K,  44% used [0x00000000f16c0000, 0x00000000f1772160, 0x00000000f1850000)
  to   space 1600K,   0% used [0x00000000f1850000, 0x00000000f1850000, 0x00000000f19e0000)
 tenured generation   total 32468K, used 22818K [0x00000000f5c00000, 0x00000000f7bb5000, 0x0000000100000000)
   the space 32468K,  70% used [0x00000000f5c00000, 0x00000000f72488a8, 0x00000000f7248a00, 0x00000000f7bb5000)
 Metaspace       used 54107K, capacity 57148K, committed 57216K, reserved 1099776K
  class space    used 7290K, capacity 7777K, committed 7808K, reserved 1048576K
}
Event: 15.184 GC heap before
{Heap before GC invocations=201 (full 3):
 def new generation   total 14656K, used 13768K [0x00000000f0a00000, 0x00000000f19e0000, 0x00000000f5c00000)
  eden space 13056K, 100% used [0x00000000f0a00000, 0x00000000f16c0000, 0x00000000f16c0000)
  from space 1600K,  44% used [0x00000000f16c0000, 0x00000000f1772160, 0x00000000f1850000)
  to   space 1600K,   0% used [0x00000000f1850000, 0x00000000f1850000, 0x00000000f19e0000)
 tenured generation   total 32468K, used 22818K [0x00000000f5c00000, 0x00000000f7bb5000, 0x0000000100000000)
   the space 32468K,  70% used [0x00000000f5c00000, 0x00000000f72488a8, 0x00000000f7248a00, 0x00000000f7bb5000)
 Metaspace       used 54330K, capacity 57312K, committed 57472K, reserved 1099776K
  class space    used 7318K, capacity 7783K, committed 7808K, reserved 1048576K
Event: 15.190 GC heap after
Heap after GC invocations=202 (full 3):
 def new generation   total 14656K, used 1324K [0x00000000f0a00000, 0x00000000f19e0000, 0x00000000f5c00000)
  eden space 13056K,   0% used [0x00000000f0a00000, 0x00000000f0a00000, 0x00000000f16c0000)
  from space 1600K,  82% used [0x00000000f1850000, 0x00000000f199b398, 0x00000000f19e0000)
  to   space 1600K,   0% used [0x00000000f16c0000, 0x00000000f16c0000, 0x00000000f1850000)
 tenured generation   total 32468K, used 22818K [0x00000000f5c00000, 0x00000000f7bb5000, 0x0000000100000000)
   the space 32468K,  70% used [0x00000000f5c00000, 0x00000000f72488a8, 0x00000000f7248a00, 0x00000000f7bb5000)
 Metaspace       used 54330K, capacity 57312K, committed 57472K, reserved 1099776K
  class space    used 7318K, capacity 7783K, committed 7808K, reserved 1048576K
}
Event: 15.269 GC heap before
{Heap before GC invocations=202 (full 3):
 def new generation   total 14656K, used 14380K [0x00000000f0a00000, 0x00000000f19e0000, 0x00000000f5c00000)
  eden space 13056K, 100% used [0x00000000f0a00000, 0x00000000f16c0000, 0x00000000f16c0000)
  from space 1600K,  82% used [0x00000000f1850000, 0x00000000f199b398, 0x00000000f19e0000)
  to   space 1600K,   0% used [0x00000000f16c0000, 0x00000000f16c0000, 0x00000000f1850000)
 tenured generation   total 32468K, used 22818K [0x00000000f5c00000, 0x00000000f7bb5000, 0x0000000100000000)
   the space 32468K,  70% used [0x00000000f5c00000, 0x00000000f72488a8, 0x00000000f7248a00, 0x00000000f7bb5000)
 Metaspace       used 54435K, capacity 57472K, committed 57856K, reserved 1099776K
  class space    used 7338K, capacity 7815K, committed 7936K, reserved 1048576K
Event: 15.279 GC heap after
Heap after GC invocations=203 (full 3):
 def new generation   total 14656K, used 1124K [0x00000000f0a00000, 0x00000000f19e0000, 0x00000000f5c00000)
  eden space 13056K,   0% used [0x00000000f0a00000, 0x00000000f0a00000, 0x00000000f16c0000)
  from space 1600K,  70% used [0x00000000f16c0000, 0x00000000f17d9280, 0x00000000f1850000)
  to   space 1600K,   0% used [0x00000000f1850000, 0x00000000f1850000, 0x00000000f19e0000)
 tenured generation   total 32468K, used 23367K [0x00000000f5c00000, 0x00000000f7bb5000, 0x0000000100000000)
   the space 32468K,  71% used [0x00000000f5c00000, 0x00000000f72d1f20, 0x00000000f72d2000, 0x00000000f7bb5000)
 Metaspace       used 54435K, capacity 57472K, committed 57856K, reserved 1099776K
  class space    used 7338K, capacity 7815K, committed 7936K, reserved 1048576K
}
Event: 15.396 GC heap before
{Heap before GC invocations=203 (full 3):
 def new generation   total 14656K, used 14180K [0x00000000f0a00000, 0x00000000f19e0000, 0x00000000f5c00000)
  eden space 13056K, 100% used [0x00000000f0a00000, 0x00000000f16c0000, 0x00000000f16c0000)
  from space 1600K,  70% used [0x00000000f16c0000, 0x00000000f17d9280, 0x00000000f1850000)
  to   space 1600K,   0% used [0x00000000f1850000, 0x00000000f1850000, 0x00000000f19e0000)
 tenured generation   total 32468K, used 23367K [0x00000000f5c00000, 0x00000000f7bb5000, 0x0000000100000000)
   the space 32468K,  71% used [0x00000000f5c00000, 0x00000000f72d1f20, 0x00000000f72d2000, 0x00000000f7bb5000)
 Metaspace       used 54944K, capacity 58016K, committed 58112K, reserved 1099776K
  class space    used 7400K, capacity 7911K, committed 7936K, reserved 1048576K
Event: 15.401 GC heap after
Heap after GC invocations=204 (full 3):
 def new generation   total 14656K, used 264K [0x00000000f0a00000, 0x00000000f19e0000, 0x00000000f5c00000)
  eden space 13056K,   0% used [0x00000000f0a00000, 0x00000000f0a00000, 0x00000000f16c0000)
  from space 1600K,  16% used [0x00000000f1850000, 0x00000000f18920b0, 0x00000000f19e0000)
  to   space 1600K,   0% used [0x00000000f16c0000, 0x00000000f16c0000, 0x00000000f1850000)
 tenured generation   total 32468K, used 23814K [0x00000000f5c00000, 0x00000000f7bb5000, 0x0000000100000000)
   the space 32468K,  73% used [0x00000000f5c00000, 0x00000000f7341ae8, 0x00000000f7341c00, 0x00000000f7bb5000)
 Metaspace       used 54944K, capacity 58016K, committed 58112K, reserved 1099776K
  class space    used 7400K, capacity 7911K, committed 7936K, reserved 1048576K
}
Event: 15.557 GC heap before
{Heap before GC invocations=204 (full 3):
 def new generation   total 14656K, used 13320K [0x00000000f0a00000, 0x00000000f19e0000, 0x00000000f5c00000)
  eden space 13056K, 100% used [0x00000000f0a00000, 0x00000000f16c0000, 0x00000000f16c0000)
  from space 1600K,  16% used [0x00000000f1850000, 0x00000000f18920b0, 0x00000000f19e0000)
  to   space 1600K,   0% used [0x00000000f16c0000, 0x00000000f16c0000, 0x00000000f1850000)
 tenured generation   total 32468K, used 23814K [0x00000000f5c00000, 0x00000000f7bb5000, 0x0000000100000000)
   the space 32468K,  73% used [0x00000000f5c00000, 0x00000000f7341ae8, 0x00000000f7341c00, 0x00000000f7bb5000)
 Metaspace       used 55403K, capacity 58460K, committed 58752K, reserved 1099776K
  class space    used 7459K, capacity 7985K, committed 8064K, reserved 1048576K
Event: 15.560 GC heap after
Heap after GC invocations=205 (full 3):
 def new generation   total 14656K, used 527K [0x00000000f0a00000, 0x00000000f19e0000, 0x00000000f5c00000)
  eden space 13056K,   0% used [0x00000000f0a00000, 0x00000000f0a00000, 0x00000000f16c0000)
  from space 1600K,  32% used [0x00000000f16c0000, 0x00000000f1743cc8, 0x00000000f1850000)
  to   space 1600K,   0% used [0x00000000f1850000, 0x00000000f1850000, 0x00000000f19e0000)
 tenured generation   total 32468K, used 23814K [0x00000000f5c00000, 0x00000000f7bb5000, 0x0000000100000000)
   the space 32468K,  73% used [0x00000000f5c00000, 0x00000000f7341ae8, 0x00000000f7341c00, 0x00000000f7bb5000)
 Metaspace       used 55403K, capacity 58460K, committed 58752K, reserved 1099776K
  class space    used 7459K, capacity 7985K, committed 8064K, reserved 1048576K
}
Event: 15.648 GC heap before
{Heap before GC invocations=205 (full 3):
 def new generation   total 14656K, used 13583K [0x00000000f0a00000, 0x00000000f19e0000, 0x00000000f5c00000)
  eden space 13056K, 100% used [0x00000000f0a00000, 0x00000000f16c0000, 0x00000000f16c0000)
  from space 1600K,  32% used [0x00000000f16c0000, 0x00000000f1743cc8, 0x00000000f1850000)
  to   space 1600K,   0% used [0x00000000f1850000, 0x00000000f1850000, 0x00000000f19e0000)
 tenured generation   total 32468K, used 23814K [0x00000000f5c00000, 0x00000000f7bb5000, 0x0000000100000000)
   the space 32468K,  73% used [0x00000000f5c00000, 0x00000000f7341ae8, 0x00000000f7341c00, 0x00000000f7bb5000)
 Metaspace       used 55567K, capacity 58606K, committed 58752K, reserved 1099776K
  class space    used 7478K, capacity 7988K, committed 8064K, reserved 1048576K
Event: 15.652 GC heap after
Heap after GC invocations=206 (full 3):
 def new generation   total 14656K, used 789K [0x00000000f0a00000, 0x00000000f19e0000, 0x00000000f5c00000)
  eden space 13056K,   0% used [0x00000000f0a00000, 0x00000000f0a00000, 0x00000000f16c0000)
  from space 1600K,  49% used [0x00000000f1850000, 0x00000000f19155e8, 0x00000000f19e0000)
  to   space 1600K,   0% used [0x00000000f16c0000, 0x00000000f16c0000, 0x00000000f1850000)
 tenured generation   total 32468K, used 23814K [0x00000000f5c00000, 0x00000000f7bb5000, 0x0000000100000000)
   the space 32468K,  73% used [0x00000000f5c00000, 0x00000000f7341ae8, 0x00000000f7341c00, 0x00000000f7bb5000)
 Metaspace       used 55567K, capacity 58606K, committed 58752K, reserved 1099776K
  class space    used 7478K, capacity 7988K, committed 8064K, reserved 1048576K
}
Event: 15.714 GC heap before
{Heap before GC invocations=206 (full 3):
 def new generation   total 14656K, used 13845K [0x00000000f0a00000, 0x00000000f19e0000, 0x00000000f5c00000)
  eden space 13056K, 100% used [0x00000000f0a00000, 0x00000000f16c0000, 0x00000000f16c0000)
  from space 1600K,  49% used [0x00000000f1850000, 0x00000000f19155e8, 0x00000000f19e0000)
  to   space 1600K,   0% used [0x00000000f16c0000, 0x00000000f16c0000, 0x00000000f1850000)
 tenured generation   total 32468K, used 23814K [0x00000000f5c00000, 0x00000000f7bb5000, 0x0000000100000000)
   the space 32468K,  73% used [0x00000000f5c00000, 0x00000000f7341ae8, 0x00000000f7341c00, 0x00000000f7bb5000)
 Metaspace       used 55802K, capacity 58894K, committed 59008K, reserved 1099776K
  class space    used 7502K, capacity 8020K, committed 8064K, reserved 1048576K
Event: 15.718 GC heap after
Heap after GC invocations=207 (full 3):
 def new generation   total 14656K, used 893K [0x00000000f0a00000, 0x00000000f19e0000, 0x00000000f5c00000)
  eden space 13056K,   0% used [0x00000000f0a00000, 0x00000000f0a00000, 0x00000000f16c0000)
  from space 1600K,  55% used [0x00000000f16c0000, 0x00000000f179f490, 0x00000000f1850000)
  to   space 1600K,   0% used [0x00000000f1850000, 0x00000000f1850000, 0x00000000f19e0000)
 tenured generation   total 32468K, used 23814K [0x00000000f5c00000, 0x00000000f7bb5000, 0x0000000100000000)
   the space 32468K,  73% used [0x00000000f5c00000, 0x00000000f7341ae8, 0x00000000f7341c00, 0x00000000f7bb5000)
 Metaspace       used 55802K, capacity 58894K, committed 59008K, reserved 1099776K
  class space    used 7502K, capacity 8020K, committed 8064K, reserved 1048576K
}
Event: 15.776 GC heap before
{Heap before GC invocations=207 (full 3):
 def new generation   total 14656K, used 13949K [0x00000000f0a00000, 0x00000000f19e0000, 0x00000000f5c00000)
  eden space 13056K, 100% used [0x00000000f0a00000, 0x00000000f16c0000, 0x00000000f16c0000)
  from space 1600K,  55% used [0x00000000f16c0000, 0x00000000f179f490, 0x00000000f1850000)
  to   space 1600K,   0% used [0x00000000f1850000, 0x00000000f1850000, 0x00000000f19e0000)
 tenured generation   total 32468K, used 23814K [0x00000000f5c00000, 0x00000000f7bb5000, 0x0000000100000000)
   the space 32468K,  73% used [0x00000000f5c00000, 0x00000000f7341ae8, 0x00000000f7341c00, 0x00000000f7bb5000)
 Metaspace       used 56001K, capacity 59054K, committed 59264K, reserved 1099776K
  class space    used 7545K, capacity 8052K, committed 8064K, reserved 1048576K
Event: 15.780 GC heap after
Heap after GC invocations=208 (full 3):
 def new generation   total 14656K, used 520K [0x00000000f0a00000, 0x00000000f19e0000, 0x00000000f5c00000)
  eden space 13056K,   0% used [0x00000000f0a00000, 0x00000000f0a00000, 0x00000000f16c0000)
  from space 1600K,  32% used [0x00000000f1850000, 0x00000000f18d23c8, 0x00000000f19e0000)
  to   space 1600K,   0% used [0x00000000f16c0000, 0x00000000f16c0000, 0x00000000f1850000)
 tenured generation   total 32468K, used 23945K [0x00000000f5c00000, 0x00000000f7bb5000, 0x0000000100000000)
   the space 32468K,  73% used [0x00000000f5c00000, 0x00000000f7362700, 0x00000000f7362800, 0x00000000f7bb5000)
 Metaspace       used 56001K, capacity 59054K, committed 59264K, reserved 1099776K
  class space    used 7545K, capacity 8052K, committed 8064K, reserved 1048576K
}
Event: 15.834 GC heap before
{Heap before GC invocations=208 (full 3):
 def new generation   total 14656K, used 13576K [0x00000000f0a00000, 0x00000000f19e0000, 0x00000000f5c00000)
  eden space 13056K, 100% used [0x00000000f0a00000, 0x00000000f16c0000, 0x00000000f16c0000)
  from space 1600K,  32% used [0x00000000f1850000, 0x00000000f18d23c8, 0x00000000f19e0000)
  to   space 1600K,   0% used [0x00000000f16c0000, 0x00000000f16c0000, 0x00000000f1850000)
 tenured generation   total 32468K, used 23945K [0x00000000f5c00000, 0x00000000f7bb5000, 0x0000000100000000)
   the space 32468K,  73% used [0x00000000f5c00000, 0x00000000f7362700, 0x00000000f7362800, 0x00000000f7bb5000)
 Metaspace       used 56201K, capacity 59310K, committed 59392K, reserved 1099776K
  class space    used 7587K, capacity 8116K, committed 8192K, reserved 1048576K
Event: 15.838 GC heap after
Heap after GC invocations=209 (full 3):
 def new generation   total 14656K, used 645K [0x00000000f0a00000, 0x00000000f19e0000, 0x00000000f5c00000)
  eden space 13056K,   0% used [0x00000000f0a00000, 0x00000000f0a00000, 0x00000000f16c0000)
  from space 1600K,  40% used [0x00000000f16c0000, 0x00000000f17614a0, 0x00000000f1850000)
  to   space 1600K,   0% used [0x00000000f1850000, 0x00000000f1850000, 0x00000000f19e0000)
 tenured generation   total 32468K, used 23945K [0x00000000f5c00000, 0x00000000f7bb5000, 0x0000000100000000)
   the space 32468K,  73% used [0x00000000f5c00000, 0x00000000f7362700, 0x00000000f7362800, 0x00000000f7bb5000)
 Metaspace       used 56201K, capacity 59310K, committed 59392K, reserved 1099776K
  class space    used 7587K, capacity 8116K, committed 8192K, reserved 1048576K
}
Event: 16.064 GC heap before
{Heap before GC invocations=209 (full 3):
 def new generation   total 14656K, used 13701K [0x00000000f0a00000, 0x00000000f19e0000, 0x00000000f5c00000)
  eden space 13056K, 100% used [0x00000000f0a00000, 0x00000000f16c0000, 0x00000000f16c0000)
  from space 1600K,  40% used [0x00000000f16c0000, 0x00000000f17614a0, 0x00000000f1850000)
  to   space 1600K,   0% used [0x00000000f1850000, 0x00000000f1850000, 0x00000000f19e0000)
 tenured generation   total 32468K, used 23945K [0x00000000f5c00000, 0x00000000f7bb5000, 0x0000000100000000)
   the space 32468K,  73% used [0x00000000f5c00000, 0x00000000f7362700, 0x00000000f7362800, 0x00000000f7bb5000)
 Metaspace       used 57483K, capacity 60566K, committed 60800K, reserved 1101824K
  class space    used 7749K, capacity 8254K, committed 8320K, reserved 1048576K
Event: 16.069 GC heap after
Heap after GC invocations=210 (full 3):
 def new generation   total 14656K, used 1510K [0x00000000f0a00000, 0x00000000f19e0000, 0x00000000f5c00000)
  eden space 13056K,   0% used [0x00000000f0a00000, 0x00000000f0a00000, 0x00000000f16c0000)
  from space 1600K,  94% used [0x00000000f1850000, 0x00000000f19c9940, 0x00000000f19e0000)
  to   space 1600K,   0% used [0x00000000f16c0000, 0x00000000f16c0000, 0x00000000f1850000)
 tenured generation   total 32468K, used 23945K [0x00000000f5c00000, 0x00000000f7bb5000, 0x0000000100000000)
   the space 32468K,  73% used [0x00000000f5c00000, 0x00000000f7362700, 0x00000000f7362800, 0x00000000f7bb5000)
 Metaspace       used 57483K, capacity 60566K, committed 60800K, reserved 1101824K
  class space    used 7749K, capacity 8254K, committed 8320K, reserved 1048576K
}
Event: 16.112 GC heap before
{Heap before GC invocations=210 (full 3):
 def new generation   total 14656K, used 14566K [0x00000000f0a00000, 0x00000000f19e0000, 0x00000000f5c00000)
  eden space 13056K, 100% used [0x00000000f0a00000, 0x00000000f16c0000, 0x00000000f16c0000)
  from space 1600K,  94% used [0x00000000f1850000, 0x00000000f19c9940, 0x00000000f19e0000)
  to   space 1600K,   0% used [0x00000000f16c0000, 0x00000000f16c0000, 0x00000000f1850000)
 tenured generation   total 32468K, used 23945K [0x00000000f5c00000, 0x00000000f7bb5000, 0x0000000100000000)
   the space 32468K,  73% used [0x00000000f5c00000, 0x00000000f7362700, 0x00000000f7362800, 0x00000000f7bb5000)
 Metaspace       used 57585K, capacity 60662K, committed 60800K, reserved 1101824K
  class space    used 7776K, capacity 8286K, committed 8320K, reserved 1048576K
Event: 16.117 GC heap after
Heap after GC invocations=211 (full 3):
 def new generation   total 14656K, used 631K [0x00000000f0a00000, 0x00000000f19e0000, 0x00000000f5c00000)
  eden space 13056K,   0% used [0x00000000f0a00000, 0x00000000f0a00000, 0x00000000f16c0000)
  from space 1600K,  39% used [0x00000000f16c0000, 0x00000000f175de80, 0x00000000f1850000)
  to   space 1600K,   0% used [0x00000000f1850000, 0x00000000f1850000, 0x00000000f19e0000)
 tenured generation   total 32468K, used 24795K [0x00000000f5c00000, 0x00000000f7bb5000, 0x0000000100000000)
   the space 32468K,  76% used [0x00000000f5c00000, 0x00000000f7436f10, 0x00000000f7437000, 0x00000000f7bb5000)
 Metaspace       used 57585K, capacity 60662K, committed 60800K, reserved 1101824K
  class space    used 7776K, capacity 8286K, committed 8320K, reserved 1048576K
}
Event: 16.370 GC heap before
{Heap before GC invocations=211 (full 3):
 def new generation   total 14656K, used 13687K [0x00000000f0a00000, 0x00000000f19e0000, 0x00000000f5c00000)
  eden space 13056K, 100% used [0x00000000f0a00000, 0x00000000f16c0000, 0x00000000f16c0000)
  from space 1600K,  39% used [0x00000000f16c0000, 0x00000000f175de80, 0x00000000f1850000)
  to   space 1600K,   0% used [0x00000000f1850000, 0x00000000f1850000, 0x00000000f19e0000)
 tenured generation   total 32468K, used 24795K [0x00000000f5c00000, 0x00000000f7bb5000, 0x0000000100000000)
   the space 32468K,  76% used [0x00000000f5c00000, 0x00000000f7436f10, 0x00000000f7437000, 0x00000000f7bb5000)
 Metaspace       used 59028K, capacity 62122K, committed 62336K, reserved 1103872K
  class space    used 7921K, capacity 8451K, committed 8576K, reserved 1048576K
Event: 16.374 GC heap after
Heap after GC invocations=212 (full 3):
 def new generation   total 14656K, used 805K [0x00000000f0a00000, 0x00000000f19e0000, 0x00000000f5c00000)
  eden space 13056K,   0% used [0x00000000f0a00000, 0x00000000f0a00000, 0x00000000f16c0000)
  from space 1600K,  50% used [0x00000000f1850000, 0x00000000f19194a8, 0x00000000f19e0000)
  to   space 1600K,   0% used [0x00000000f16c0000, 0x00000000f16c0000, 0x00000000f1850000)
 tenured generation   total 32468K, used 24795K [0x00000000f5c00000, 0x00000000f7bb5000, 0x0000000100000000)
   the space 32468K,  76% used [0x00000000f5c00000, 0x00000000f7436f10, 0x00000000f7437000, 0x00000000f7bb5000)
 Metaspace       used 59028K, capacity 62122K, committed 62336K, reserved 1103872K
  class space    used 7921K, capacity 8451K, committed 8576K, reserved 1048576K
}
Event: 16.534 GC heap before
{Heap before GC invocations=212 (full 3):
 def new generation   total 14656K, used 13861K [0x00000000f0a00000, 0x00000000f19e0000, 0x00000000f5c00000)
  eden space 13056K, 100% used [0x00000000f0a00000, 0x00000000f16c0000, 0x00000000f16c0000)
  from space 1600K,  50% used [0x00000000f1850000, 0x00000000f19194a8, 0x00000000f19e0000)
  to   space 1600K,   0% used [0x00000000f16c0000, 0x00000000f16c0000, 0x00000000f1850000)
 tenured generation   total 32468K, used 24795K [0x00000000f5c00000, 0x00000000f7bb5000, 0x0000000100000000)
   the space 32468K,  76% used [0x00000000f5c00000, 0x00000000f7436f10, 0x00000000f7437000, 0x00000000f7bb5000)
 Metaspace       used 59263K, capacity 62370K, committed 62592K, reserved 1103872K
  class space    used 7948K, capacity 8487K, committed 8576K, reserved 1048576K
Event: 16.551 GC heap after
Heap after GC invocations=213 (full 3):
 def new generation   total 14656K, used 1599K [0x00000000f0a00000, 0x00000000f19e0000, 0x00000000f5c00000)
  eden space 13056K,   0% used [0x00000000f0a00000, 0x00000000f0a00000, 0x00000000f16c0000)
  from space 1600K,  99% used [0x00000000f16c0000, 0x00000000f184fff8, 0x00000000f1850000)
  to   space 1600K,   0% used [0x00000000f1850000, 0x00000000f1850000, 0x00000000f19e0000)
 tenured generation   total 32468K, used 24831K [0x00000000f5c00000, 0x00000000f7bb5000, 0x0000000100000000)
   the space 32468K,  76% used [0x00000000f5c00000, 0x00000000f743fc00, 0x00000000f743fc00, 0x00000000f7bb5000)
 Metaspace       used 59263K, capacity 62370K, committed 62592K, reserved 1103872K
  class space    used 7948K, capacity 8487K, committed 8576K, reserved 1048576K
}
Event: 16.595 GC heap before
{Heap before GC invocations=213 (full 3):
 def new generation   total 14656K, used 14655K [0x00000000f0a00000, 0x00000000f19e0000, 0x00000000f5c00000)
  eden space 13056K, 100% used [0x00000000f0a00000, 0x00000000f16c0000, 0x00000000f16c0000)
  from space 1600K,  99% used [0x00000000f16c0000, 0x00000000f184fff8, 0x00000000f1850000)
  to   space 1600K,   0% used [0x00000000f1850000, 0x00000000f1850000, 0x00000000f19e0000)
 tenured generation   total 32468K, used 24831K [0x00000000f5c00000, 0x00000000f7bb5000, 0x0000000100000000)
   the space 32468K,  76% used [0x00000000f5c00000, 0x00000000f743fc00, 0x00000000f743fc00, 0x00000000f7bb5000)
 Metaspace       used 59402K, capacity 62530K, committed 62848K, reserved 1103872K
  class space    used 7974K, capacity 8519K, committed 8576K, reserved 1048576K
Event: 16.604 GC heap after
Heap after GC invocations=214 (full 3):
 def new generation   total 14656K, used 317K [0x00000000f0a00000, 0x00000000f19e0000, 0x00000000f5c00000)
  eden space 13056K,   0% used [0x00000000f0a00000, 0x00000000f0a00000, 0x00000000f16c0000)
  from space 1600K,  19% used [0x00000000f1850000, 0x00000000f189f640, 0x00000000f19e0000)
  to   space 1600K,   0% used [0x00000000f16c0000, 0x00000000f16c0000, 0x00000000f1850000)
 tenured generation   total 32468K, used 26160K [0x00000000f5c00000, 0x00000000f7bb5000, 0x0000000100000000)
   the space 32468K,  80% used [0x00000000f5c00000, 0x00000000f758c1e8, 0x00000000f758c200, 0x00000000f7bb5000)
 Metaspace       used 59402K, capacity 62530K, committed 62848K, reserved 1103872K
  class space    used 7974K, capacity 8519K, committed 8576K, reserved 1048576K
}
Event: 16.767 GC heap before
{Heap before GC invocations=214 (full 3):
 def new generation   total 14656K, used 13373K [0x00000000f0a00000, 0x00000000f19e0000, 0x00000000f5c00000)
  eden space 13056K, 100% used [0x00000000f0a00000, 0x00000000f16c0000, 0x00000000f16c0000)
  from space 1600K,  19% used [0x00000000f1850000, 0x00000000f189f640, 0x00000000f19e0000)
  to   space 1600K,   0% used [0x00000000f16c0000, 0x00000000f16c0000, 0x00000000f1850000)
 tenured generation   total 32468K, used 26160K [0x00000000f5c00000, 0x00000000f7bb5000, 0x0000000100000000)
   the space 32468K,  80% used [0x00000000f5c00000, 0x00000000f758c1e8, 0x00000000f758c200, 0x00000000f7bb5000)
 Metaspace       used 59537K, capacity 62626K, committed 62848K, reserved 1103872K
  class space    used 7995K, capacity 8551K, committed 8576K, reserved 1048576K
Event: 16.773 GC heap after
Heap after GC invocations=215 (full 3):
 def new generation   total 14656K, used 1262K [0x00000000f0a00000, 0x00000000f19e0000, 0x00000000f5c00000)
  eden space 13056K,   0% used [0x00000000f0a00000, 0x00000000f0a00000, 0x00000000f16c0000)
  from space 1600K,  78% used [0x00000000f16c0000, 0x00000000f17fb848, 0x00000000f1850000)
  to   space 1600K,   0% used [0x00000000f1850000, 0x00000000f1850000, 0x00000000f19e0000)
 tenured generation   total 32468K, used 26160K [0x00000000f5c00000, 0x00000000f7bb5000, 0x0000000100000000)
   the space 32468K,  80% used [0x00000000f5c00000, 0x00000000f758c1e8, 0x00000000f758c200, 0x00000000f7bb5000)
 Metaspace       used 59537K, capacity 62626K, committed 62848K, reserved 1103872K
  class space    used 7995K, capacity 8551K, committed 8576K, reserved 1048576K
}
Event: 16.856 GC heap before
{Heap before GC invocations=215 (full 3):
 def new generation   total 14656K, used 14318K [0x00000000f0a00000, 0x00000000f19e0000, 0x00000000f5c00000)
  eden space 13056K, 100% used [0x00000000f0a00000, 0x00000000f16c0000, 0x00000000f16c0000)
  from space 1600K,  78% used [0x00000000f16c0000, 0x00000000f17fb848, 0x00000000f1850000)
  to   space 1600K,   0% used [0x00000000f1850000, 0x00000000f1850000, 0x00000000f19e0000)
 tenured generation   total 32468K, used 26160K [0x00000000f5c00000, 0x00000000f7bb5000, 0x0000000100000000)
   the space 32468K,  80% used [0x00000000f5c00000, 0x00000000f758c1e8, 0x00000000f758c200, 0x00000000f7bb5000)
 Metaspace       used 59673K, capacity 62754K, committed 62848K, reserved 1103872K
  class space    used 8017K, capacity 8551K, committed 8576K, reserved 1048576K
Event: 16.865 GC heap after
Heap after GC invocations=216 (full 3):
 def new generation   total 14656K, used 328K [0x00000000f0a00000, 0x00000000f19e0000, 0x00000000f5c00000)
  eden space 13056K,   0% used [0x00000000f0a00000, 0x00000000f0a00000, 0x00000000f16c0000)
  from space 1600K,  20% used [0x00000000f1850000, 0x00000000f18a21a0, 0x00000000f19e0000)
  to   space 1600K,   0% used [0x00000000f16c0000, 0x00000000f16c0000, 0x00000000f1850000)
 tenured generation   total 32468K, used 27134K [0x00000000f5c00000, 0x00000000f7bb5000, 0x0000000100000000)
   the space 32468K,  83% used [0x00000000f5c00000, 0x00000000f767f9b0, 0x00000000f767fa00, 0x00000000f7bb5000)
 Metaspace       used 59673K, capacity 62754K, committed 62848K, reserved 1103872K
  class space    used 8017K, capacity 8551K, committed 8576K, reserved 1048576K
}
Event: 17.015 GC heap before
{Heap before GC invocations=216 (full 3):
 def new generation   total 14656K, used 13384K [0x00000000f0a00000, 0x00000000f19e0000, 0x00000000f5c00000)
  eden space 13056K, 100% used [0x00000000f0a00000, 0x00000000f16c0000, 0x00000000f16c0000)
  from space 1600K,  20% used [0x00000000f1850000, 0x00000000f18a21a0, 0x00000000f19e0000)
  to   space 1600K,   0% used [0x00000000f16c0000, 0x00000000f16c0000, 0x00000000f1850000)
 tenured generation   total 32468K, used 27134K [0x00000000f5c00000, 0x00000000f7bb5000, 0x0000000100000000)
   the space 32468K,  83% used [0x00000000f5c00000, 0x00000000f767f9b0, 0x00000000f767fa00, 0x00000000f7bb5000)
 Metaspace       used 60017K, capacity 63106K, committed 63488K, reserved 1103872K
  class space    used 8054K, capacity 8583K, committed 8704K, reserved 1048576K
Event: 17.019 GC heap after
Heap after GC invocations=217 (full 3):
 def new generation   total 14656K, used 360K [0x00000000f0a00000, 0x00000000f19e0000, 0x00000000f5c00000)
  eden space 13056K,   0% used [0x00000000f0a00000, 0x00000000f0a00000, 0x00000000f16c0000)
  from space 1600K,  22% used [0x00000000f16c0000, 0x00000000f171a370, 0x00000000f1850000)
  to   space 1600K,   0% used [0x00000000f1850000, 0x00000000f1850000, 0x00000000f19e0000)
 tenured generation   total 32468K, used 27134K [0x00000000f5c00000, 0x00000000f7bb5000, 0x0000000100000000)
   the space 32468K,  83% used [0x00000000f5c00000, 0x00000000f767f9b0, 0x00000000f767fa00, 0x00000000f7bb5000)
 Metaspace       used 60017K, capacity 63106K, committed 63488K, reserved 1103872K
  class space    used 8054K, capacity 8583K, committed 8704K, reserved 1048576K
}
Event: 17.112 GC heap before
{Heap before GC invocations=217 (full 3):
 def new generation   total 14656K, used 13416K [0x00000000f0a00000, 0x00000000f19e0000, 0x00000000f5c00000)
  eden space 13056K, 100% used [0x00000000f0a00000, 0x00000000f16c0000, 0x00000000f16c0000)
  from space 1600K,  22% used [0x00000000f16c0000, 0x00000000f171a370, 0x00000000f1850000)
  to   space 1600K,   0% used [0x00000000f1850000, 0x00000000f1850000, 0x00000000f19e0000)
 tenured generation   total 32468K, used 27134K [0x00000000f5c00000, 0x00000000f7bb5000, 0x0000000100000000)
   the space 32468K,  83% used [0x00000000f5c00000, 0x00000000f767f9b0, 0x00000000f767fa00, 0x00000000f7bb5000)
 Metaspace       used 60204K, capacity 63266K, committed 63488K, reserved 1103872K
  class space    used 8084K, capacity 8615K, committed 8704K, reserved 1048576K
Event: 17.118 GC heap after
Heap after GC invocations=218 (full 3):
 def new generation   total 14656K, used 376K [0x00000000f0a00000, 0x00000000f19e0000, 0x00000000f5c00000)
  eden space 13056K,   0% used [0x00000000f0a00000, 0x00000000f0a00000, 0x00000000f16c0000)
  from space 1600K,  23% used [0x00000000f1850000, 0x00000000f18ae318, 0x00000000f19e0000)
  to   space 1600K,   0% used [0x00000000f16c0000, 0x00000000f16c0000, 0x00000000f1850000)
 tenured generation   total 32468K, used 27134K [0x00000000f5c00000, 0x00000000f7bb5000, 0x0000000100000000)
   the space 32468K,  83% used [0x00000000f5c00000, 0x00000000f767f9b0, 0x00000000f767fa00, 0x00000000f7bb5000)
 Metaspace       used 60204K, capacity 63266K, committed 63488K, reserved 1103872K
  class space    used 8084K, capacity 8615K, committed 8704K, reserved 1048576K
}
Event: 17.230 GC heap before
{Heap before GC invocations=218 (full 3):
 def new generation   total 14656K, used 13432K [0x00000000f0a00000, 0x00000000f19e0000, 0x00000000f5c00000)
  eden space 13056K, 100% used [0x00000000f0a00000, 0x00000000f16c0000, 0x00000000f16c0000)
  from space 1600K,  23% used [0x00000000f1850000, 0x00000000f18ae318, 0x00000000f19e0000)
  to   space 1600K,   0% used [0x00000000f16c0000, 0x00000000f16c0000, 0x00000000f1850000)
 tenured generation   total 32468K, used 27134K [0x00000000f5c00000, 0x00000000f7bb5000, 0x0000000100000000)
   the space 32468K,  83% used [0x00000000f5c00000, 0x00000000f767f9b0, 0x00000000f767fa00, 0x00000000f7bb5000)
 Metaspace       used 60438K, capacity 63490K, committed 63744K, reserved 1103872K
  class space    used 8125K, capacity 8647K, committed 8704K, reserved 1048576K
Event: 17.233 GC heap after
Heap after GC invocations=219 (full 3):
 def new generation   total 14656K, used 414K [0x00000000f0a00000, 0x00000000f19e0000, 0x00000000f5c00000)
  eden space 13056K,   0% used [0x00000000f0a00000, 0x00000000f0a00000, 0x00000000f16c0000)
  from space 1600K,  25% used [0x00000000f16c0000, 0x00000000f17279b0, 0x00000000f1850000)
  to   space 1600K,   0% used [0x00000000f1850000, 0x00000000f1850000, 0x00000000f19e0000)
 tenured generation   total 32468K, used 27134K [0x00000000f5c00000, 0x00000000f7bb5000, 0x0000000100000000)
   the space 32468K,  83% used [0x00000000f5c00000, 0x00000000f767f9b0, 0x00000000f767fa00, 0x00000000f7bb5000)
 Metaspace       used 60438K, capacity 63490K, committed 63744K, reserved 1103872K
  class space    used 8125K, capacity 8647K, committed 8704K, reserved 1048576K
}
Event: 17.430 GC heap before
{Heap before GC invocations=219 (full 3):
 def new generation   total 14656K, used 13470K [0x00000000f0a00000, 0x00000000f19e0000, 0x00000000f5c00000)
  eden space 13056K, 100% used [0x00000000f0a00000, 0x00000000f16c0000, 0x00000000f16c0000)
  from space 1600K,  25% used [0x00000000f16c0000, 0x00000000f17279b0, 0x00000000f1850000)
  to   space 1600K,   0% used [0x00000000f1850000, 0x00000000f1850000, 0x00000000f19e0000)
 tenured generation   total 32468K, used 27134K [0x00000000f5c00000, 0x00000000f7bb5000, 0x0000000100000000)
   the space 32468K,  83% used [0x00000000f5c00000, 0x00000000f767f9b0, 0x00000000f767fa00, 0x00000000f7bb5000)
 Metaspace       used 60832K, capacity 63942K, committed 64128K, reserved 1103872K
  class space    used 8173K, capacity 8713K, committed 8832K, reserved 1048576K
Event: 17.434 GC heap after
Heap after GC invocations=220 (full 3):
 def new generation   total 14656K, used 667K [0x00000000f0a00000, 0x00000000f19e0000, 0x00000000f5c00000)
  eden space 13056K,   0% used [0x00000000f0a00000, 0x00000000f0a00000, 0x00000000f16c0000)
  from space 1600K,  41% used [0x00000000f1850000, 0x00000000f18f6e48, 0x00000000f19e0000)
  to   space 1600K,   0% used [0x00000000f16c0000, 0x00000000f16c0000, 0x00000000f1850000)
 tenured generation   total 32468K, used 27134K [0x00000000f5c00000, 0x00000000f7bb5000, 0x0000000100000000)
   the space 32468K,  83% used [0x00000000f5c00000, 0x00000000f767f9b0, 0x00000000f767fa00, 0x00000000f7bb5000)
 Metaspace       used 60832K, capacity 63942K, committed 64128K, reserved 1103872K
  class space    used 8173K, capacity 8713K, committed 8832K, reserved 1048576K
}
Event: 17.647 GC heap before
{Heap before GC invocations=220 (full 3):
 def new generation   total 14656K, used 13723K [0x00000000f0a00000, 0x00000000f19e0000, 0x00000000f5c00000)
  eden space 13056K, 100% used [0x00000000f0a00000, 0x00000000f16c0000, 0x00000000f16c0000)
  from space 1600K,  41% used [0x00000000f1850000, 0x00000000f18f6e48, 0x00000000f19e0000)
  to   space 1600K,   0% used [0x00000000f16c0000, 0x00000000f16c0000, 0x00000000f1850000)
 tenured generation   total 32468K, used 27134K [0x00000000f5c00000, 0x00000000f7bb5000, 0x0000000100000000)
   the space 32468K,  83% used [0x00000000f5c00000, 0x00000000f767f9b0, 0x00000000f767fa00, 0x00000000f7bb5000)
 Metaspace       used 61233K, capacity 64398K, committed 64640K, reserved 1105920K
  class space    used 8231K, capacity 8779K, committed 8832K, reserved 1048576K
Event: 17.654 GC heap after
Heap after GC invocations=221 (full 3):
 def new generation   total 14656K, used 1148K [0x00000000f0a00000, 0x00000000f19e0000, 0x00000000f5c00000)
  eden space 13056K,   0% used [0x00000000f0a00000, 0x00000000f0a00000, 0x00000000f16c0000)
  from space 1600K,  71% used [0x00000000f16c0000, 0x00000000f17df1d8, 0x00000000f1850000)
  to   space 1600K,   0% used [0x00000000f1850000, 0x00000000f1850000, 0x00000000f19e0000)
 tenured generation   total 32468K, used 27134K [0x00000000f5c00000, 0x00000000f7bb5000, 0x0000000100000000)
   the space 32468K,  83% used [0x00000000f5c00000, 0x00000000f767f9b0, 0x00000000f767fa00, 0x00000000f7bb5000)
 Metaspace       used 61233K, capacity 64398K, committed 64640K, reserved 1105920K
  class space    used 8231K, capacity 8779K, committed 8832K, reserved 1048576K
}
Event: 17.816 GC heap before
{Heap before GC invocations=221 (full 3):
 def new generation   total 14656K, used 14204K [0x00000000f0a00000, 0x00000000f19e0000, 0x00000000f5c00000)
  eden space 13056K, 100% used [0x00000000f0a00000, 0x00000000f16c0000, 0x00000000f16c0000)
  from space 1600K,  71% used [0x00000000f16c0000, 0x00000000f17df1d8, 0x00000000f1850000)
  to   space 1600K,   0% used [0x00000000f1850000, 0x00000000f1850000, 0x00000000f19e0000)
 tenured generation   total 32468K, used 27134K [0x00000000f5c00000, 0x00000000f7bb5000, 0x0000000100000000)
   the space 32468K,  83% used [0x00000000f5c00000, 0x00000000f767f9b0, 0x00000000f767fa00, 0x00000000f7bb5000)
 Metaspace       used 61501K, capacity 64702K, committed 64896K, reserved 1105920K
  class space    used 8283K, capacity 8829K, committed 8832K, reserved 1048576K
Event: 17.823 GC heap after
Heap after GC invocations=222 (full 3):
 def new generation   total 14656K, used 570K [0x00000000f0a00000, 0x00000000f19e0000, 0x00000000f5c00000)
  eden space 13056K,   0% used [0x00000000f0a00000, 0x00000000f0a00000, 0x00000000f16c0000)
  from space 1600K,  35% used [0x00000000f1850000, 0x00000000f18de9d0, 0x00000000f19e0000)
  to   space 1600K,   0% used [0x00000000f16c0000, 0x00000000f16c0000, 0x00000000f1850000)
 tenured generation   total 32468K, used 27688K [0x00000000f5c00000, 0x00000000f7bb5000, 0x0000000100000000)
   the space 32468K,  85% used [0x00000000f5c00000, 0x00000000f770a1e8, 0x00000000f770a200, 0x00000000f7bb5000)
 Metaspace       used 61501K, capacity 64702K, committed 64896K, reserved 1105920K
  class space    used 8283K, capacity 8829K, committed 8832K, reserved 1048576K
}
Event: 18.025 GC heap before
{Heap before GC invocations=222 (full 3):
 def new generation   total 14656K, used 13626K [0x00000000f0a00000, 0x00000000f19e0000, 0x00000000f5c00000)
  eden space 13056K, 100% used [0x00000000f0a00000, 0x00000000f16c0000, 0x00000000f16c0000)
  from space 1600K,  35% used [0x00000000f1850000, 0x00000000f18de9d0, 0x00000000f19e0000)
  to   space 1600K,   0% used [0x00000000f16c0000, 0x00000000f16c0000, 0x00000000f1850000)
 tenured generation   total 32468K, used 27688K [0x00000000f5c00000, 0x00000000f7bb5000, 0x0000000100000000)
   the space 32468K,  85% used [0x00000000f5c00000, 0x00000000f770a1e8, 0x00000000f770a200, 0x00000000f7bb5000)
 Metaspace       used 61694K, capacity 64922K, committed 65024K, reserved 1105920K
  class space    used 8317K, capacity 8873K, committed 8960K, reserved 1048576K
Event: 18.036 GC heap after
Heap after GC invocations=223 (full 3):
 def new generation   total 14656K, used 809K [0x00000000f0a00000, 0x00000000f19e0000, 0x00000000f5c00000)
  eden space 13056K,   0% used [0x00000000f0a00000, 0x00000000f0a00000, 0x00000000f16c0000)
  from space 1600K,  50% used [0x00000000f16c0000, 0x00000000f178a568, 0x00000000f1850000)
  to   space 1600K,   0% used [0x00000000f1850000, 0x00000000f1850000, 0x00000000f19e0000)
 tenured generation   total 32468K, used 27688K [0x00000000f5c00000, 0x00000000f7bb5000, 0x0000000100000000)
   the space 32468K,  85% used [0x00000000f5c00000, 0x00000000f770a1e8, 0x00000000f770a200, 0x00000000f7bb5000)
 Metaspace       used 61694K, capacity 64922K, committed 65024K, reserved 1105920K
  class space    used 8317K, capacity 8873K, committed 8960K, reserved 1048576K
}
Event: 18.241 GC heap before
{Heap before GC invocations=223 (full 3):
 def new generation   total 14656K, used 13865K [0x00000000f0a00000, 0x00000000f19e0000, 0x00000000f5c00000)
  eden space 13056K, 100% used [0x00000000f0a00000, 0x00000000f16c0000, 0x00000000f16c0000)
  from space 1600K,  50% used [0x00000000f16c0000, 0x00000000f178a568, 0x00000000f1850000)
  to   space 1600K,   0% used [0x00000000f1850000, 0x00000000f1850000, 0x00000000f19e0000)
 tenured generation   total 32468K, used 27688K [0x00000000f5c00000, 0x00000000f7bb5000, 0x0000000100000000)
   the space 32468K,  85% used [0x00000000f5c00000, 0x00000000f770a1e8, 0x00000000f770a200, 0x00000000f7bb5000)
 Metaspace       used 61925K, capacity 65172K, committed 65280K, reserved 1105920K
  class space    used 8350K, capacity 8912K, committed 8960K, reserved 1048576K
Event: 18.249 GC heap after
Heap after GC invocations=224 (full 3):
 def new generation   total 14656K, used 1599K [0x00000000f0a00000, 0x00000000f19e0000, 0x00000000f5c00000)
  eden space 13056K,   0% used [0x00000000f0a00000, 0x00000000f0a00000, 0x00000000f16c0000)
  from space 1600K,  99% used [0x00000000f1850000, 0x00000000f19dfff8, 0x00000000f19e0000)
  to   space 1600K,   0% used [0x00000000f16c0000, 0x00000000f16c0000, 0x00000000f1850000)
 tenured generation   total 32468K, used 27878K [0x00000000f5c00000, 0x00000000f7bb5000, 0x0000000100000000)
   the space 32468K,  85% used [0x00000000f5c00000, 0x00000000f7739ae8, 0x00000000f7739c00, 0x00000000f7bb5000)
 Metaspace       used 61925K, capacity 65172K, committed 65280K, reserved 1105920K
  class space    used 8350K, capacity 8912K, committed 8960K, reserved 1048576K
}
Event: 18.481 GC heap before
{Heap before GC invocations=224 (full 3):
 def new generation   total 14656K, used 14655K [0x00000000f0a00000, 0x00000000f19e0000, 0x00000000f5c00000)
  eden space 13056K, 100% used [0x00000000f0a00000, 0x00000000f16c0000, 0x00000000f16c0000)
  from space 1600K,  99% used [0x00000000f1850000, 0x00000000f19dfff8, 0x00000000f19e0000)
  to   space 1600K,   0% used [0x00000000f16c0000, 0x00000000f16c0000, 0x00000000f1850000)
 tenured generation   total 32468K, used 27878K [0x00000000f5c00000, 0x00000000f7bb5000, 0x0000000100000000)
   the space 32468K,  85% used [0x00000000f5c00000, 0x00000000f7739ae8, 0x00000000f7739c00, 0x00000000f7bb5000)
 Metaspace       used 62178K, capacity 65430K, committed 65536K, reserved 1105920K
  class space    used 8388K, capacity 8949K, committed 8960K, reserved 1048576K
Event: 18.582 GC heap after
Heap after GC invocations=225 (full 3):
 def new generation   total 14656K, used 1017K [0x00000000f0a00000, 0x00000000f19e0000, 0x00000000f5c00000)
  eden space 13056K,   0% used [0x00000000f0a00000, 0x00000000f0a00000, 0x00000000f16c0000)
  from space 1600K,  63% used [0x00000000f16c0000, 0x00000000f17be688, 0x00000000f1850000)
  to   space 1600K,   0% used [0x00000000f1850000, 0x00000000f1850000, 0x00000000f19e0000)
 tenured generation   total 32468K, used 28601K [0x00000000f5c00000, 0x00000000f7bb5000, 0x0000000100000000)
   the space 32468K,  88% used [0x00000000f5c00000, 0x00000000f77ee4e0, 0x00000000f77ee600, 0x00000000f7bb5000)
 Metaspace       used 62178K, capacity 65430K, committed 65536K, reserved 1105920K
  class space    used 8388K, capacity 8949K, committed 8960K, reserved 1048576K
}
Event: 18.752 GC heap before
{Heap before GC invocations=225 (full 3):
 def new generation   total 14656K, used 14073K [0x00000000f0a00000, 0x00000000f19e0000, 0x00000000f5c00000)
  eden space 13056K, 100% used [0x00000000f0a00000, 0x00000000f16c0000, 0x00000000f16c0000)
  from space 1600K,  63% used [0x00000000f16c0000, 0x00000000f17be688, 0x00000000f1850000)
  to   space 1600K,   0% used [0x00000000f1850000, 0x00000000f1850000, 0x00000000f19e0000)
 tenured generation   total 32468K, used 28601K [0x00000000f5c00000, 0x00000000f7bb5000, 0x0000000100000000)
   the space 32468K,  88% used [0x00000000f5c00000, 0x00000000f77ee4e0, 0x00000000f77ee600, 0x00000000f7bb5000)
 Metaspace       used 62490K, capacity 65720K, committed 65920K, reserved 1105920K
  class space    used 8437K, capacity 8982K, committed 9088K, reserved 1048576K
Event: 18.758 GC heap after
Heap after GC invocations=226 (full 3):
 def new generation   total 14656K, used 675K [0x00000000f0a00000, 0x00000000f19e0000, 0x00000000f5c00000)
  eden space 13056K,   0% used [0x00000000f0a00000, 0x00000000f0a00000, 0x00000000f16c0000)
  from space 1600K,  42% used [0x00000000f1850000, 0x00000000f18f8c08, 0x00000000f19e0000)
  to   space 1600K,   0% used [0x00000000f16c0000, 0x00000000f16c0000, 0x00000000f1850000)
 tenured generation   total 32468K, used 29168K [0x00000000f5c00000, 0x00000000f7bb5000, 0x0000000100000000)
   the space 32468K,  89% used [0x00000000f5c00000, 0x00000000f787c3e0, 0x00000000f787c400, 0x00000000f7bb5000)
 Metaspace       used 62490K, capacity 65720K, committed 65920K, reserved 1105920K
  class space    used 8437K, capacity 8982K, committed 9088K, reserved 1048576K
}
Event: 18.872 GC heap before
{Heap before GC invocations=226 (full 3):
 def new generation   total 14656K, used 13731K [0x00000000f0a00000, 0x00000000f19e0000, 0x00000000f5c00000)
  eden space 13056K, 100% used [0x00000000f0a00000, 0x00000000f16c0000, 0x00000000f16c0000)
  from space 1600K,  42% used [0x00000000f1850000, 0x00000000f18f8c08, 0x00000000f19e0000)
  to   space 1600K,   0% used [0x00000000f16c0000, 0x00000000f16c0000, 0x00000000f1850000)
 tenured generation   total 32468K, used 29168K [0x00000000f5c00000, 0x00000000f7bb5000, 0x0000000100000000)
   the space 32468K,  89% used [0x00000000f5c00000, 0x00000000f787c3e0, 0x00000000f787c400, 0x00000000f7bb5000)
 Metaspace       used 62928K, capacity 66210K, committed 66432K, reserved 1105920K
  class space    used 8503K, capacity 9067K, committed 9088K, reserved 1048576K
Event: 18.876 GC heap after
Heap after GC invocations=227 (full 3):
 def new generation   total 14656K, used 665K [0x00000000f0a00000, 0x00000000f19e0000, 0x00000000f5c00000)
  eden space 13056K,   0% used [0x00000000f0a00000, 0x00000000f0a00000, 0x00000000f16c0000)
  from space 1600K,  41% used [0x00000000f16c0000, 0x00000000f1766670, 0x00000000f1850000)
  to   space 1600K,   0% used [0x00000000f1850000, 0x00000000f1850000, 0x00000000f19e0000)
 tenured generation   total 32468K, used 29168K [0x00000000f5c00000, 0x00000000f7bb5000, 0x0000000100000000)
   the space 32468K,  89% used [0x00000000f5c00000, 0x00000000f787c3e0, 0x00000000f787c400, 0x00000000f7bb5000)
 Metaspace       used 62928K, capacity 66210K, committed 66432K, reserved 1105920K
  class space    used 8503K, capacity 9067K, committed 9088K, reserved 1048576K
}
Event: 19.012 GC heap before
{Heap before GC invocations=227 (full 3):
 def new generation   total 14656K, used 13721K [0x00000000f0a00000, 0x00000000f19e0000, 0x00000000f5c00000)
  eden space 13056K, 100% used [0x00000000f0a00000, 0x00000000f16c0000, 0x00000000f16c0000)
  from space 1600K,  41% used [0x00000000f16c0000, 0x00000000f1766670, 0x00000000f1850000)
  to   space 1600K,   0% used [0x00000000f1850000, 0x00000000f1850000, 0x00000000f19e0000)
 tenured generation   total 32468K, used 29168K [0x00000000f5c00000, 0x00000000f7bb5000, 0x0000000100000000)
   the space 32468K,  89% used [0x00000000f5c00000, 0x00000000f787c3e0, 0x00000000f787c400, 0x00000000f7bb5000)
 Metaspace       used 63406K, capacity 66766K, committed 67072K, reserved 1107968K
  class space    used 8572K, capacity 9143K, committed 9216K, reserved 1048576K
Event: 19.017 GC heap after
Heap after GC invocations=228 (full 3):
 def new generation   total 14656K, used 731K [0x00000000f0a00000, 0x00000000f19e0000, 0x00000000f5c00000)
  eden space 13056K,   0% used [0x00000000f0a00000, 0x00000000f0a00000, 0x00000000f16c0000)
  from space 1600K,  45% used [0x00000000f1850000, 0x00000000f1906e28, 0x00000000f19e0000)
  to   space 1600K,   0% used [0x00000000f16c0000, 0x00000000f16c0000, 0x00000000f1850000)
 tenured generation   total 32468K, used 29168K [0x00000000f5c00000, 0x00000000f7bb5000, 0x0000000100000000)
   the space 32468K,  89% used [0x00000000f5c00000, 0x00000000f787c3e0, 0x00000000f787c400, 0x00000000f7bb5000)
 Metaspace       used 63406K, capacity 66766K, committed 67072K, reserved 1107968K
  class space    used 8572K, capacity 9143K, committed 9216K, reserved 1048576K
}
Event: 19.204 GC heap before
{Heap before GC invocations=228 (full 3):
 def new generation   total 14656K, used 13787K [0x00000000f0a00000, 0x00000000f19e0000, 0x00000000f5c00000)
  eden space 13056K, 100% used [0x00000000f0a00000, 0x00000000f16c0000, 0x00000000f16c0000)
  from space 1600K,  45% used [0x00000000f1850000, 0x00000000f1906e28, 0x00000000f19e0000)
  to   space 1600K,   0% used [0x00000000f16c0000, 0x00000000f16c0000, 0x00000000f1850000)
 tenured generation   total 32468K, used 29168K [0x00000000f5c00000, 0x00000000f7bb5000, 0x0000000100000000)
   the space 32468K,  89% used [0x00000000f5c00000, 0x00000000f787c3e0, 0x00000000f787c400, 0x00000000f7bb5000)
 Metaspace       used 63721K, capacity 67176K, committed 67328K, reserved 1107968K
  class space    used 8615K, capacity 9184K, committed 9216K, reserved 1048576K
Event: 19.212 GC heap after
Heap after GC invocations=229 (full 3):
 def new generation   total 14656K, used 1600K [0x00000000f0a00000, 0x00000000f19e0000, 0x00000000f5c00000)
  eden space 13056K,   0% used [0x00000000f0a00000, 0x00000000f0a00000, 0x00000000f16c0000)
  from space 1600K, 100% used [0x00000000f16c0000, 0x00000000f1850000, 0x00000000f1850000)
  to   space 1600K,   0% used [0x00000000f1850000, 0x00000000f1850000, 0x00000000f19e0000)
 tenured generation   total 32468K, used 29172K [0x00000000f5c00000, 0x00000000f7bb5000, 0x0000000100000000)
   the space 32468K,  89% used [0x00000000f5c00000, 0x00000000f787d2a0, 0x00000000f787d400, 0x00000000f7bb5000)
 Metaspace       used 63721K, capacity 67176K, committed 67328K, reserved 1107968K
  class space    used 8615K, capacity 9184K, committed 9216K, reserved 1048576K
}
Event: 19.409 GC heap before
{Heap before GC invocations=229 (full 3):
 def new generation   total 14656K, used 14656K [0x00000000f0a00000, 0x00000000f19e0000, 0x00000000f5c00000)
  eden space 13056K, 100% used [0x00000000f0a00000, 0x00000000f16c0000, 0x00000000f16c0000)
  from space 1600K, 100% used [0x00000000f16c0000, 0x00000000f1850000, 0x00000000f1850000)
  to   space 1600K,   0% used [0x00000000f1850000, 0x00000000f1850000, 0x00000000f19e0000)
 tenured generation   total 32468K, used 29172K [0x00000000f5c00000, 0x00000000f7bb5000, 0x0000000100000000)
   the space 32468K,  89% used [0x00000000f5c00000, 0x00000000f787d2a0, 0x00000000f787d400, 0x00000000f7bb5000)
 Metaspace       used 64153K, capacity 67712K, committed 67968K, reserved 1107968K
  class space    used 8672K, capacity 9276K, committed 9344K, reserved 1048576K
Event: 19.423 GC heap after
Heap after GC invocations=230 (full 3):
 def new generation   total 14656K, used 807K [0x00000000f0a00000, 0x00000000f19e0000, 0x00000000f5c00000)
  eden space 13056K,   0% used [0x00000000f0a00000, 0x00000000f0a00000, 0x00000000f16c0000)
  from space 1600K,  50% used [0x00000000f1850000, 0x00000000f1919dd0, 0x00000000f19e0000)
  to   space 1600K,   0% used [0x00000000f16c0000, 0x00000000f16c0000, 0x00000000f1850000)
 tenured generation   total 32468K, used 30017K [0x00000000f5c00000, 0x00000000f7bb5000, 0x0000000100000000)
   the space 32468K,  92% used [0x00000000f5c00000, 0x00000000f79505d8, 0x00000000f7950600, 0x00000000f7bb5000)
 Metaspace       used 64153K, capacity 67712K, committed 67968K, reserved 1107968K
  class space    used 8672K, capacity 9276K, committed 9344K, reserved 1048576K
}

